#
# There is insufficient memory for the Java Runtime Environment to continue.
# Native memory allocation (mmap) failed to map 27262976 bytes for Failed to commit area from 0x0000000087e00000 to 0x0000000089800000 of length 27262976.
# Possible reasons:
#   The system is out of physical RAM or swap space
#   The process is running with CompressedOops enabled, and the Java Heap may be blocking the growth of the native heap
# Possible solutions:
#   Reduce memory load on the system
#   Increase physical memory or swap space
#   Check if swap backing store is full
#   Decrease Java heap size (-Xmx/-Xms)
#   Decrease number of Java threads
#   Decrease Java thread stack sizes (-Xss)
#   Set larger code cache with -XX:ReservedCodeCacheSize=
#   JVM is running with Unscaled Compressed Oops mode in which the Java heap is
#     placed in the first 4GB address space. The Java Heap base address is the
#     maximum limit for the native heap growth. Please use -XX:HeapBaseMinAddress
#     to set the Java Heap base and to place the Java Heap above 4GB virtual address.
# This output file may be truncated or incomplete.
#
#  Out of Memory Error (./src/hotspot/os/windows/os_windows.cpp:3301), pid=708, tid=18304
#
# JRE version: OpenJDK Runtime Environment (11.0.10) (build 11.0.10+0-b96-7249189)
# Java VM: OpenJDK 64-Bit Server VM (11.0.10+0-b96-7249189, mixed mode, tiered, compressed oops, g1 gc, windows-amd64)
# No core dump will be written. Minidumps are not enabled by default on client versions of Windows
#

---------------  S U M M A R Y ------------

Command Line: --add-opens=java.base/java.util=ALL-UNNAMED --add-opens=java.base/java.lang=ALL-UNNAMED --add-opens=java.base/java.lang.invoke=ALL-UNNAMED --add-opens=java.base/java.util=ALL-UNNAMED --add-opens=java.prefs/java.util.prefs=ALL-UNNAMED --add-opens=java.prefs/java.util.prefs=ALL-UNNAMED --add-opens=java.base/java.nio.charset=ALL-UNNAMED --add-opens=java.base/java.net=ALL-UNNAMED --add-opens=java.base/java.util.concurrent.atomic=ALL-UNNAMED -Xmx2048m -Dfile.encoding=UTF-8 -Duser.country=KR -Duser.language=ko -Duser.variant org.gradle.launcher.daemon.bootstrap.GradleDaemon 7.0.2

Host: Intel(R) Core(TM) i5-8265U CPU @ 1.60GHz, 8 cores, 7G,  Windows 10 , 64 bit Build 22000 (10.0.22000.318)
Time: Wed Nov 17 21:57:18 2021 대한민국 표준시 elapsed time: 19.954376 seconds (0d 0h 0m 19s)

---------------  T H R E A D  ---------------

Current thread (0x00000293c6d96000):  VMThread "VM Thread" [stack: 0x000000d6d6300000,0x000000d6d6400000] [id=18304]

Stack: [0x000000d6d6300000,0x000000d6d6400000]
[error occurred during error reporting (printing stack bounds), id 0xc0000005, EXCEPTION_ACCESS_VIOLATION (0xc0000005) at pc=0x00000293b0400f2d]

Native frames: (J=compiled Java code, j=interpreted, Vv=VM code, C=native code)
V  [jvm.dll+0x5ecfaa]
V  [jvm.dll+0x722bd5]
V  [jvm.dll+0x72412d]
V  [jvm.dll+0x724745]
V  [jvm.dll+0x7246fb]
V  [jvm.dll+0x5ec348]
V  [jvm.dll+0x5ecad8]
C  [ntdll.dll+0xa82ff]
C  [ntdll.dll+0x35a0a]
C  [ntdll.dll+0xa730e]
C  0x00000293b0400f2d

VM_Operation (0x000000d6d76f2cb0): G1CollectForAllocation, mode: safepoint, requested by thread 0x00000293c7bd2800


---------------  P R O C E S S  ---------------

Threads class SMR info:
_java_thread_list=0x00000293ce4e44c0, length=50, elements={
0x00000293ac90f000, 0x00000293c6d97800, 0x00000293c6d98800, 0x00000293c6dbd000,
0x00000293c6dbe000, 0x00000293c6dc1000, 0x00000293c76c1800, 0x00000293c76c8000,
0x00000293c76d1000, 0x00000293c7833000, 0x00000293c91b7000, 0x00000293c97ca000,
0x00000293c9b6e000, 0x00000293c826a000, 0x00000293c9ad7000, 0x00000293c8646000,
0x00000293c7bd2800, 0x00000293c8a2c800, 0x00000293c8a2d000, 0x00000293c88bc000,
0x00000293c88bd000, 0x00000293c88bb000, 0x00000293c88c1000, 0x00000293c88bf000,
0x00000293c88be800, 0x00000293c88c1800, 0x00000293c88c0000, 0x00000293c88bd800,
0x00000293c9ff9000, 0x00000293c9ffa000, 0x00000293c9ffc800, 0x00000293c9ff7000,
0x00000293c9ffb000, 0x00000293c9ff7800, 0x00000293c9ffb800, 0x00000293c9ffd800,
0x00000293c9ff8800, 0x00000293cb92f800, 0x00000293cb931800, 0x00000293cb930000,
0x00000293cb935000, 0x00000293cb936800, 0x00000293cb931000, 0x00000293cb93a800,
0x00000293cb937800, 0x00000293cb939000, 0x00000293cb93c800, 0x00000293cb93d000,
0x00000293cb93b800, 0x00000293cb93a000
}

Java Threads: ( => current thread )
  0x00000293ac90f000 JavaThread "main" [_thread_blocked, id=19356, stack(0x000000d6d5d00000,0x000000d6d5e00000)]
  0x00000293c6d97800 JavaThread "Reference Handler" daemon [_thread_blocked, id=3888, stack(0x000000d6d6400000,0x000000d6d6500000)]
  0x00000293c6d98800 JavaThread "Finalizer" daemon [_thread_blocked, id=10504, stack(0x000000d6d6500000,0x000000d6d6600000)]
  0x00000293c6dbd000 JavaThread "Signal Dispatcher" daemon [_thread_blocked, id=13092, stack(0x000000d6d6600000,0x000000d6d6700000)]
  0x00000293c6dbe000 JavaThread "Attach Listener" daemon [_thread_blocked, id=19032, stack(0x000000d6d6700000,0x000000d6d6800000)]
  0x00000293c6dc1000 JavaThread "Service Thread" daemon [_thread_blocked, id=8868, stack(0x000000d6d6800000,0x000000d6d6900000)]
  0x00000293c76c1800 JavaThread "C2 CompilerThread0" daemon [_thread_blocked, id=7764, stack(0x000000d6d6900000,0x000000d6d6a00000)]
  0x00000293c76c8000 JavaThread "C1 CompilerThread0" daemon [_thread_blocked, id=14280, stack(0x000000d6d6a00000,0x000000d6d6b00000)]
  0x00000293c76d1000 JavaThread "Sweeper thread" daemon [_thread_blocked, id=2248, stack(0x000000d6d6b00000,0x000000d6d6c00000)]
  0x00000293c7833000 JavaThread "Common-Cleaner" daemon [_thread_blocked, id=3544, stack(0x000000d6d6c00000,0x000000d6d6d00000)]
  0x00000293c91b7000 JavaThread "Daemon health stats" [_thread_blocked, id=1564, stack(0x000000d6d7000000,0x000000d6d7100000)]
  0x00000293c97ca000 JavaThread "Incoming local TCP Connector on port 55252" [_thread_in_native, id=12944, stack(0x000000d6d7100000,0x000000d6d7200000)]
  0x00000293c9b6e000 JavaThread "Daemon periodic checks" [_thread_blocked, id=11568, stack(0x000000d6d7200000,0x000000d6d7300000)]
  0x00000293c826a000 JavaThread "Daemon" [_thread_blocked, id=11512, stack(0x000000d6d7300000,0x000000d6d7400000)]
  0x00000293c9ad7000 JavaThread "Handler for socket connection from /127.0.0.1:55252 to /127.0.0.1:55253" [_thread_in_native, id=15204, stack(0x000000d6d7400000,0x000000d6d7500000)]
  0x00000293c8646000 JavaThread "Cancel handler" [_thread_blocked, id=15992, stack(0x000000d6d7500000,0x000000d6d7600000)]
  0x00000293c7bd2800 JavaThread "Daemon worker" [_thread_blocked, id=14444, stack(0x000000d6d7600000,0x000000d6d7700000)]
  0x00000293c8a2c800 JavaThread "Asynchronous log dispatcher for DefaultDaemonConnection: socket connection from /127.0.0.1:55252 to /127.0.0.1:55253" [_thread_blocked, id=9660, stack(0x000000d6d7700000,0x000000d6d7800000)]
  0x00000293c8a2d000 JavaThread "Stdin handler" [_thread_blocked, id=3052, stack(0x000000d6d7800000,0x000000d6d7900000)]
  0x00000293c88bc000 JavaThread "Daemon client event forwarder" [_thread_blocked, id=10440, stack(0x000000d6d7900000,0x000000d6d7a00000)]
  0x00000293c88bd000 JavaThread "Cache worker for file hash cache (C:\Users\uzach\.gradle\caches\7.0.2\fileHashes)" [_thread_blocked, id=17752, stack(0x000000d6d7f00000,0x000000d6d8000000)]
  0x00000293c88bb000 JavaThread "File lock request listener" [_thread_in_native, id=18976, stack(0x000000d6d8000000,0x000000d6d8100000)]
  0x00000293c88c1000 JavaThread "Cache worker for journal cache (C:\Users\uzach\.gradle\caches\journal-1)" [_thread_blocked, id=15376, stack(0x000000d6d8200000,0x000000d6d8300000)]
  0x00000293c88bf000 JavaThread "Cache worker for file hash cache (C:\Users\uzach\AndroidStudioProjects\instagram\.gradle\7.0.2\fileHashes)" [_thread_blocked, id=19552, stack(0x000000d6d8300000,0x000000d6d8400000)]
  0x00000293c88be800 JavaThread "File watcher server" daemon [_thread_in_native, id=19484, stack(0x000000d6d8400000,0x000000d6d8500000)]
  0x00000293c88c1800 JavaThread "File watcher consumer" daemon [_thread_blocked, id=12104, stack(0x000000d6d8500000,0x000000d6d8600000)]
  0x00000293c88c0000 JavaThread "jar transforms" [_thread_blocked, id=19340, stack(0x000000d6d8600000,0x000000d6d8700000)]
  0x00000293c88bd800 JavaThread "jar transforms Thread 2" [_thread_blocked, id=7308, stack(0x000000d6d8700000,0x000000d6d8800000)]
  0x00000293c9ff9000 JavaThread "jar transforms Thread 3" [_thread_blocked, id=15832, stack(0x000000d6d8800000,0x000000d6d8900000)]
  0x00000293c9ffa000 JavaThread "jar transforms Thread 4" [_thread_blocked, id=19080, stack(0x000000d6d8900000,0x000000d6d8a00000)]
  0x00000293c9ffc800 JavaThread "jar transforms Thread 5" [_thread_blocked, id=3656, stack(0x000000d6d8a00000,0x000000d6d8b00000)]
  0x00000293c9ff7000 JavaThread "jar transforms Thread 6" [_thread_blocked, id=18228, stack(0x000000d6d8b00000,0x000000d6d8c00000)]
  0x00000293c9ffb000 JavaThread "jar transforms Thread 7" [_thread_blocked, id=19976, stack(0x000000d6d8c00000,0x000000d6d8d00000)]
  0x00000293c9ff7800 JavaThread "jar transforms Thread 8" [_thread_blocked, id=14264, stack(0x000000d6d8d00000,0x000000d6d8e00000)]
  0x00000293c9ffb800 JavaThread "Cache worker for checksums cache (C:\Users\uzach\AndroidStudioProjects\instagram\.gradle\checksums)" [_thread_blocked, id=8364, stack(0x000000d6d8e00000,0x000000d6d8f00000)]
  0x00000293c9ffd800 JavaThread "Cache worker for cache directory md-supplier (C:\Users\uzach\.gradle\caches\7.0.2\md-supplier)" [_thread_blocked, id=4036, stack(0x000000d6d8f00000,0x000000d6d9000000)]
  0x00000293c9ff8800 JavaThread "Cache worker for cache directory md-rule (C:\Users\uzach\.gradle\caches\7.0.2\md-rule)" [_thread_blocked, id=3112, stack(0x000000d6d9000000,0x000000d6d9100000)]
  0x00000293cb92f800 JavaThread "Cache worker for execution history cache (C:\Users\uzach\.gradle\caches\7.0.2\executionHistory)" [_thread_blocked, id=4848, stack(0x000000d6d9100000,0x000000d6d9200000)]
  0x00000293cb931800 JavaThread "Cache worker for file content cache (C:\Users\uzach\.gradle\caches\7.0.2\fileContent)" [_thread_blocked, id=12864, stack(0x000000d6d9200000,0x000000d6d9300000)]
  0x00000293cb930000 JavaThread "Cache worker for dependencies-accessors (C:\Users\uzach\AndroidStudioProjects\instagram\.gradle\7.0.2\dependencies-accessors)" [_thread_blocked, id=15784, stack(0x000000d6d9300000,0x000000d6d9400000)]
  0x00000293cb935000 JavaThread "Cache worker for Build Output Cleanup Cache (C:\Users\uzach\AndroidStudioProjects\instagram\.gradle\buildOutputCleanup)" [_thread_blocked, id=16120, stack(0x000000d6d9400000,0x000000d6d9500000)]
  0x00000293cb936800 JavaThread "Build operations" [_thread_blocked, id=1904, stack(0x000000d6d9500000,0x000000d6d9600000)]
  0x00000293cb931000 JavaThread "Build operations Thread 2" [_thread_blocked, id=13056, stack(0x000000d6d9600000,0x000000d6d9700000)]
  0x00000293cb93a800 JavaThread "Build operations Thread 3" [_thread_blocked, id=3676, stack(0x000000d6d9700000,0x000000d6d9800000)]
  0x00000293cb937800 JavaThread "Build operations Thread 4" [_thread_blocked, id=4072, stack(0x000000d6d9800000,0x000000d6d9900000)]
  0x00000293cb939000 JavaThread "Build operations Thread 5" [_thread_blocked, id=16392, stack(0x000000d6d9900000,0x000000d6d9a00000)]
  0x00000293cb93c800 JavaThread "Build operations Thread 6" [_thread_blocked, id=20368, stack(0x000000d6d9a00000,0x000000d6d9b00000)]
  0x00000293cb93d000 JavaThread "Build operations Thread 7" [_thread_blocked, id=19788, stack(0x000000d6d9b00000,0x000000d6d9c00000)]
  0x00000293cb93b800 JavaThread "Build operations Thread 8" [_thread_blocked, id=20456, stack(0x000000d6d9c00000,0x000000d6d9d00000)]
  0x00000293cb93a000 JavaThread "Memory manager" [_thread_blocked, id=416, stack(0x000000d6d9d00000,0x000000d6d9e00000)]

Other Threads:
=>0x00000293c6d96000 VMThread "VM Thread" [stack: 0x000000d6d6300000,0x000000d6d6400000] [id=18304]
  0x00000293c783e800 WatcherThread [stack: 0x000000d6d6d00000,0x000000d6d6e00000] [id=3248]
  0x00000293ac927000 GCTaskThread "GC Thread#0" [stack: 0x000000d6d5e00000,0x000000d6d5f00000] [id=17776]
  0x00000293c7a9d800 GCTaskThread "GC Thread#1" [stack: 0x000000d6d6e00000,0x000000d6d6f00000] [id=19624]
  0x00000293c83c6800 GCTaskThread "GC Thread#2" [stack: 0x000000d6d6f00000,0x000000d6d7000000] [id=9416]
  0x00000293c8cc5800 GCTaskThread "GC Thread#3" [stack: 0x000000d6d7a00000,0x000000d6d7b00000] [id=7944]
  0x00000293c825f800 GCTaskThread "GC Thread#4" [stack: 0x000000d6d7b00000,0x000000d6d7c00000] [id=6860]
  0x00000293c8e60800 GCTaskThread "GC Thread#5" [stack: 0x000000d6d7c00000,0x000000d6d7d00000] [id=8656]
  0x00000293c83f2800 GCTaskThread "GC Thread#6" [stack: 0x000000d6d7d00000,0x000000d6d7e00000] [id=20000]
  0x00000293c7c3e000 GCTaskThread "GC Thread#7" [stack: 0x000000d6d7e00000,0x000000d6d7f00000] [id=5716]
  0x00000293ac959800 ConcurrentGCThread "G1 Main Marker" [stack: 0x000000d6d5f00000,0x000000d6d6000000] [id=5704]
  0x00000293ac95b000 ConcurrentGCThread "G1 Conc#0" [stack: 0x000000d6d6000000,0x000000d6d6100000] [id=4932]
  0x00000293c8485800 ConcurrentGCThread "G1 Conc#1" [stack: 0x000000d6d8100000,0x000000d6d8200000] [id=20228]
  0x00000293c6be0800 ConcurrentGCThread "G1 Refine#0" [stack: 0x000000d6d6100000,0x000000d6d6200000] [id=15564]
  0x00000293c6be1800 ConcurrentGCThread "G1 Young RemSet Sampling" [stack: 0x000000d6d6200000,0x000000d6d6300000] [id=4520]

Threads with active compile tasks:
C2 CompilerThread0  20001 6845       4       org.objectweb.asm.SymbolTable::addConstantMemberReference (147 bytes)

VM state:at safepoint (normal execution)

VM Mutex/Monitor currently owned by a thread:  ([mutex/lock_event])
[0x00000293ac90b8c0] Threads_lock - owner thread: 0x00000293c6d96000
[0x00000293ac90a7e0] Heap_lock - owner thread: 0x00000293c7bd2800

Heap address: 0x0000000080000000, size: 2048 MB, Compressed Oops mode: 32-bit
Narrow klass base: 0x0000000000000000, Narrow klass shift: 3
Compressed class space size: 1073741824 Address: 0x0000000100000000

Heap:
 garbage-first heap   total 155648K, used 80047K [0x0000000080000000, 0x0000000100000000)
  region size 1024K, 4 young (4096K), 4 survivors (4096K)
 Metaspace       used 71823K, capacity 73750K, committed 73984K, reserved 1114112K
  class space    used 9253K, capacity 9916K, committed 9984K, reserved 1048576K
Heap Regions: E=young(eden), S=young(survivor), O=old, HS=humongous(starts), HC=humongous(continues), CS=collection set, F=free, A=archive, TAMS=top-at-mark-start (previous, next)
|   0|0x0000000080000000, 0x0000000080100000, 0x0000000080100000|100%| O|  |TAMS 0x0000000080100000, 0x0000000080000000| Untracked 
|   1|0x0000000080100000, 0x0000000080200000, 0x0000000080200000|100%| O|  |TAMS 0x0000000080200000, 0x0000000080100000| Untracked 
|   2|0x0000000080200000, 0x0000000080300000, 0x0000000080300000|100%| O|  |TAMS 0x0000000080300000, 0x0000000080200000| Untracked 
|   3|0x0000000080300000, 0x0000000080400000, 0x0000000080400000|100%|HS|  |TAMS 0x0000000080400000, 0x0000000080300000| Complete 
|   4|0x0000000080400000, 0x0000000080500000, 0x0000000080500000|100%|HC|  |TAMS 0x0000000080500000, 0x0000000080400000| Complete 
|   5|0x0000000080500000, 0x0000000080600000, 0x0000000080600000|100%|HC|  |TAMS 0x0000000080600000, 0x0000000080500000| Complete 
|   6|0x0000000080600000, 0x0000000080700000, 0x0000000080700000|100%| O|  |TAMS 0x0000000080700000, 0x0000000080600000| Untracked 
|   7|0x0000000080700000, 0x0000000080800000, 0x0000000080800000|100%| O|  |TAMS 0x0000000080800000, 0x0000000080700000| Untracked 
|   8|0x0000000080800000, 0x0000000080900000, 0x0000000080900000|100%| O|  |TAMS 0x0000000080900000, 0x0000000080800000| Untracked 
|   9|0x0000000080900000, 0x0000000080a00000, 0x0000000080a00000|100%| O|  |TAMS 0x0000000080a00000, 0x0000000080900000| Untracked 
|  10|0x0000000080a00000, 0x0000000080b00000, 0x0000000080b00000|100%| O|  |TAMS 0x0000000080b00000, 0x0000000080a00000| Untracked 
|  11|0x0000000080b00000, 0x0000000080c00000, 0x0000000080c00000|100%| O|  |TAMS 0x0000000080c00000, 0x0000000080b00000| Untracked 
|  12|0x0000000080c00000, 0x0000000080d00000, 0x0000000080d00000|100%| O|  |TAMS 0x0000000080d00000, 0x0000000080c00000| Untracked 
|  13|0x0000000080d00000, 0x0000000080e00000, 0x0000000080e00000|100%| O|  |TAMS 0x0000000080e00000, 0x0000000080d00000| Untracked 
|  14|0x0000000080e00000, 0x0000000080f00000, 0x0000000080f00000|100%| O|  |TAMS 0x0000000080f00000, 0x0000000080e00000| Untracked 
|  15|0x0000000080f00000, 0x0000000081000000, 0x0000000081000000|100%| O|  |TAMS 0x0000000081000000, 0x0000000080f00000| Untracked 
|  16|0x0000000081000000, 0x0000000081100000, 0x0000000081100000|100%|HS|  |TAMS 0x0000000081100000, 0x0000000081000000| Complete 
|  17|0x0000000081100000, 0x0000000081200000, 0x0000000081200000|100%|HC|  |TAMS 0x0000000081200000, 0x0000000081100000| Complete 
|  18|0x0000000081200000, 0x0000000081300000, 0x0000000081300000|100%|HS|  |TAMS 0x0000000081300000, 0x0000000081200000| Complete 
|  19|0x0000000081300000, 0x0000000081400000, 0x0000000081400000|100%|HC|  |TAMS 0x0000000081400000, 0x0000000081300000| Complete 
|  20|0x0000000081400000, 0x0000000081500000, 0x0000000081500000|100%|HC|  |TAMS 0x0000000081500000, 0x0000000081400000| Complete 
|  21|0x0000000081500000, 0x0000000081600000, 0x0000000081600000|100%|HS|  |TAMS 0x0000000081600000, 0x0000000081500000| Complete 
|  22|0x0000000081600000, 0x0000000081700000, 0x0000000081700000|100%|HC|  |TAMS 0x0000000081700000, 0x0000000081600000| Complete 
|  23|0x0000000081700000, 0x0000000081800000, 0x0000000081800000|100%|HC|  |TAMS 0x0000000081800000, 0x0000000081700000| Complete 
|  24|0x0000000081800000, 0x0000000081900000, 0x0000000081900000|100%|HC|  |TAMS 0x0000000081900000, 0x0000000081800000| Complete 
|  25|0x0000000081900000, 0x0000000081a00000, 0x0000000081a00000|100%|HC|  |TAMS 0x0000000081a00000, 0x0000000081900000| Complete 
|  26|0x0000000081a00000, 0x0000000081b00000, 0x0000000081b00000|100%| O|  |TAMS 0x0000000081b00000, 0x0000000081a00000| Untracked 
|  27|0x0000000081b00000, 0x0000000081c00000, 0x0000000081c00000|100%| O|  |TAMS 0x0000000081c00000, 0x0000000081b00000| Untracked 
|  28|0x0000000081c00000, 0x0000000081d00000, 0x0000000081d00000|100%| O|  |TAMS 0x0000000081d00000, 0x0000000081c00000| Untracked 
|  29|0x0000000081d00000, 0x0000000081e00000, 0x0000000081e00000|100%| O|  |TAMS 0x0000000081e00000, 0x0000000081d00000| Untracked 
|  30|0x0000000081e00000, 0x0000000081f00000, 0x0000000081f00000|100%| O|  |TAMS 0x0000000081f00000, 0x0000000081e00000| Untracked 
|  31|0x0000000081f00000, 0x0000000082000000, 0x0000000082000000|100%|HS|  |TAMS 0x0000000082000000, 0x0000000081f00000| Complete 
|  32|0x0000000082000000, 0x0000000082100000, 0x0000000082100000|100%|HC|  |TAMS 0x0000000082100000, 0x0000000082000000| Complete 
|  33|0x0000000082100000, 0x0000000082200000, 0x0000000082200000|100%|HC|  |TAMS 0x0000000082200000, 0x0000000082100000| Complete 
|  34|0x0000000082200000, 0x0000000082300000, 0x0000000082300000|100%|HC|  |TAMS 0x0000000082300000, 0x0000000082200000| Complete 
|  35|0x0000000082300000, 0x0000000082400000, 0x0000000082400000|100%|HC|  |TAMS 0x0000000082400000, 0x0000000082300000| Complete 
|  36|0x0000000082400000, 0x0000000082500000, 0x0000000082500000|100%|HS|  |TAMS 0x0000000082500000, 0x0000000082400000| Complete 
|  37|0x0000000082500000, 0x0000000082600000, 0x0000000082600000|100%|HC|  |TAMS 0x0000000082600000, 0x0000000082500000| Complete 
|  38|0x0000000082600000, 0x0000000082700000, 0x0000000082700000|100%|HC|  |TAMS 0x0000000082700000, 0x0000000082600000| Complete 
|  39|0x0000000082700000, 0x0000000082800000, 0x0000000082800000|100%| O|  |TAMS 0x0000000082800000, 0x0000000082700000| Untracked 
|  40|0x0000000082800000, 0x0000000082900000, 0x0000000082900000|100%| O|  |TAMS 0x0000000082900000, 0x0000000082800000| Untracked 
|  41|0x0000000082900000, 0x0000000082a00000, 0x0000000082a00000|100%| O|  |TAMS 0x0000000082a00000, 0x0000000082900000| Untracked 
|  42|0x0000000082a00000, 0x0000000082b00000, 0x0000000082b00000|100%| O|  |TAMS 0x0000000082b00000, 0x0000000082a00000| Untracked 
|  43|0x0000000082b00000, 0x0000000082c00000, 0x0000000082c00000|100%| O|  |TAMS 0x0000000082c00000, 0x0000000082b00000| Untracked 
|  44|0x0000000082c00000, 0x0000000082d00000, 0x0000000082d00000|100%| O|  |TAMS 0x0000000082d00000, 0x0000000082c00000| Untracked 
|  45|0x0000000082d00000, 0x0000000082e00000, 0x0000000082e00000|100%| O|  |TAMS 0x0000000082e00000, 0x0000000082d00000| Untracked 
|  46|0x0000000082e00000, 0x0000000082f00000, 0x0000000082f00000|100%| O|  |TAMS 0x0000000082f00000, 0x0000000082e00000| Untracked 
|  47|0x0000000082f00000, 0x0000000083000000, 0x0000000083000000|100%| O|  |TAMS 0x0000000083000000, 0x0000000082f00000| Untracked 
|  48|0x0000000083000000, 0x0000000083100000, 0x0000000083100000|100%| O|  |TAMS 0x0000000083100000, 0x0000000083000000| Untracked 
|  49|0x0000000083100000, 0x0000000083200000, 0x0000000083200000|100%| O|  |TAMS 0x0000000083200000, 0x0000000083100000| Untracked 
|  50|0x0000000083200000, 0x0000000083300000, 0x0000000083300000|100%| O|  |TAMS 0x0000000083300000, 0x0000000083200000| Untracked 
|  51|0x0000000083300000, 0x0000000083400000, 0x0000000083400000|100%|HS|  |TAMS 0x0000000083400000, 0x0000000083300000| Complete 
|  52|0x0000000083400000, 0x0000000083500000, 0x0000000083500000|100%|HS|  |TAMS 0x0000000083500000, 0x0000000083400000| Complete 
|  53|0x0000000083500000, 0x0000000083600000, 0x0000000083600000|100%|HS|  |TAMS 0x0000000083600000, 0x0000000083500000| Complete 
|  54|0x0000000083600000, 0x0000000083700000, 0x0000000083700000|100%|HC|  |TAMS 0x0000000083700000, 0x0000000083600000| Complete 
|  55|0x0000000083700000, 0x0000000083800000, 0x0000000083800000|100%| O|  |TAMS 0x0000000083800000, 0x0000000083700000| Untracked 
|  56|0x0000000083800000, 0x0000000083900000, 0x0000000083900000|100%| O|  |TAMS 0x0000000083900000, 0x0000000083800000| Untracked 
|  57|0x0000000083900000, 0x0000000083a00000, 0x0000000083a00000|100%| O|  |TAMS 0x0000000083a00000, 0x0000000083900000| Untracked 
|  58|0x0000000083a00000, 0x0000000083b00000, 0x0000000083b00000|100%| O|  |TAMS 0x0000000083b00000, 0x0000000083a00000| Untracked 
|  59|0x0000000083b00000, 0x0000000083c00000, 0x0000000083c00000|100%| O|  |TAMS 0x0000000083c00000, 0x0000000083b00000| Untracked 
|  60|0x0000000083c00000, 0x0000000083d00000, 0x0000000083d00000|100%| O|  |TAMS 0x0000000083d00000, 0x0000000083c00000| Untracked 
|  61|0x0000000083d00000, 0x0000000083e00000, 0x0000000083e00000|100%| O|  |TAMS 0x0000000083e00000, 0x0000000083d00000| Untracked 
|  62|0x0000000083e00000, 0x0000000083f00000, 0x0000000083f00000|100%| O|  |TAMS 0x0000000083f00000, 0x0000000083e00000| Untracked 
|  63|0x0000000083f00000, 0x0000000084000000, 0x0000000084000000|100%| O|  |TAMS 0x0000000084000000, 0x0000000083f00000| Untracked 
|  64|0x0000000084000000, 0x0000000084100000, 0x0000000084100000|100%| O|  |TAMS 0x0000000084100000, 0x0000000084000000| Untracked 
|  65|0x0000000084100000, 0x0000000084200000, 0x0000000084200000|100%| O|  |TAMS 0x0000000084200000, 0x0000000084100000| Untracked 
|  66|0x0000000084200000, 0x0000000084300000, 0x0000000084300000|100%| O|  |TAMS 0x0000000084300000, 0x0000000084200000| Untracked 
|  67|0x0000000084300000, 0x0000000084400000, 0x0000000084400000|100%| O|  |TAMS 0x0000000084400000, 0x0000000084300000| Untracked 
|  68|0x0000000084400000, 0x0000000084500000, 0x0000000084500000|100%| O|  |TAMS 0x0000000084500000, 0x0000000084400000| Untracked 
|  69|0x0000000084500000, 0x0000000084600000, 0x0000000084600000|100%| O|  |TAMS 0x0000000084600000, 0x0000000084500000| Untracked 
|  70|0x0000000084600000, 0x0000000084700000, 0x0000000084700000|100%| O|  |TAMS 0x0000000084700000, 0x0000000084600000| Untracked 
|  71|0x0000000084700000, 0x0000000084800000, 0x0000000084800000|100%| O|  |TAMS 0x0000000084800000, 0x0000000084700000| Untracked 
|  72|0x0000000084800000, 0x0000000084900000, 0x0000000084900000|100%| O|  |TAMS 0x0000000084900000, 0x0000000084800000| Untracked 
|  73|0x0000000084900000, 0x0000000084a00000, 0x0000000084a00000|100%| O|  |TAMS 0x0000000084a00000, 0x0000000084900000| Untracked 
|  74|0x0000000084a00000, 0x0000000084a80800, 0x0000000084b00000| 50%| O|  |TAMS 0x0000000084a80800, 0x0000000084a00000| Untracked 
|  75|0x0000000084b00000, 0x0000000084b00000, 0x0000000084c00000|  0%| F|  |TAMS 0x0000000084b00000, 0x0000000084b00000| Untracked 
|  76|0x0000000084c00000, 0x0000000084c00000, 0x0000000084d00000|  0%| F|  |TAMS 0x0000000084c00000, 0x0000000084c00000| Untracked 
|  77|0x0000000084d00000, 0x0000000084d00000, 0x0000000084e00000|  0%| F|  |TAMS 0x0000000084d00000, 0x0000000084d00000| Untracked 
|  78|0x0000000084e00000, 0x0000000084e00000, 0x0000000084f00000|  0%| F|  |TAMS 0x0000000084e00000, 0x0000000084e00000| Untracked 
|  79|0x0000000084f00000, 0x0000000084f00000, 0x0000000085000000|  0%| F|  |TAMS 0x0000000084f00000, 0x0000000084f00000| Untracked 
|  80|0x0000000085000000, 0x0000000085000000, 0x0000000085100000|  0%| F|  |TAMS 0x0000000085000000, 0x0000000085000000| Untracked 
|  81|0x0000000085100000, 0x0000000085100000, 0x0000000085200000|  0%| F|  |TAMS 0x0000000085100000, 0x0000000085100000| Untracked 
|  82|0x0000000085200000, 0x0000000085200000, 0x0000000085300000|  0%| F|  |TAMS 0x0000000085200000, 0x0000000085200000| Untracked 
|  83|0x0000000085300000, 0x0000000085300000, 0x0000000085400000|  0%| F|  |TAMS 0x0000000085300000, 0x0000000085300000| Untracked 
|  84|0x0000000085400000, 0x0000000085400000, 0x0000000085500000|  0%| F|  |TAMS 0x0000000085400000, 0x0000000085400000| Untracked 
|  85|0x0000000085500000, 0x0000000085500000, 0x0000000085600000|  0%| F|  |TAMS 0x0000000085500000, 0x0000000085500000| Untracked 
|  86|0x0000000085600000, 0x0000000085600000, 0x0000000085700000|  0%| F|  |TAMS 0x0000000085600000, 0x0000000085600000| Untracked 
|  87|0x0000000085700000, 0x0000000085700000, 0x0000000085800000|  0%| F|  |TAMS 0x0000000085700000, 0x0000000085700000| Untracked 
|  88|0x0000000085800000, 0x0000000085800000, 0x0000000085900000|  0%| F|  |TAMS 0x0000000085800000, 0x0000000085800000| Untracked 
|  89|0x0000000085900000, 0x0000000085900000, 0x0000000085a00000|  0%| F|  |TAMS 0x0000000085900000, 0x0000000085900000| Untracked 
|  90|0x0000000085a00000, 0x0000000085a00000, 0x0000000085b00000|  0%| F|  |TAMS 0x0000000085a00000, 0x0000000085a00000| Untracked 
|  91|0x0000000085b00000, 0x0000000085b00000, 0x0000000085c00000|  0%| F|  |TAMS 0x0000000085b00000, 0x0000000085b00000| Untracked 
|  92|0x0000000085c00000, 0x0000000085c00000, 0x0000000085d00000|  0%| F|  |TAMS 0x0000000085c00000, 0x0000000085c00000| Untracked 
|  93|0x0000000085d00000, 0x0000000085dab5e0, 0x0000000085e00000| 66%| S|CS|TAMS 0x0000000085d00000, 0x0000000085d00000| Complete 
|  94|0x0000000085e00000, 0x0000000085f00000, 0x0000000085f00000|100%| S|CS|TAMS 0x0000000085e00000, 0x0000000085e00000| Complete 
|  95|0x0000000085f00000, 0x0000000086000000, 0x0000000086000000|100%| S|CS|TAMS 0x0000000085f00000, 0x0000000085f00000| Complete 
|  96|0x0000000086000000, 0x0000000086000000, 0x0000000086100000|  0%| F|  |TAMS 0x0000000086000000, 0x0000000086000000| Untracked 
|  97|0x0000000086100000, 0x0000000086100000, 0x0000000086200000|  0%| F|  |TAMS 0x0000000086100000, 0x0000000086100000| Untracked 
|  98|0x0000000086200000, 0x0000000086300000, 0x0000000086300000|100%| S|CS|TAMS 0x0000000086200000, 0x0000000086200000| Complete 
|  99|0x0000000086300000, 0x0000000086300000, 0x0000000086400000|  0%| F|  |TAMS 0x0000000086300000, 0x0000000086300000| Untracked 
| 100|0x0000000086400000, 0x0000000086400000, 0x0000000086500000|  0%| F|  |TAMS 0x0000000086400000, 0x0000000086400000| Untracked 
| 101|0x0000000086500000, 0x0000000086500000, 0x0000000086600000|  0%| F|  |TAMS 0x0000000086500000, 0x0000000086500000| Untracked 
| 102|0x0000000086600000, 0x0000000086600000, 0x0000000086700000|  0%| F|  |TAMS 0x0000000086600000, 0x0000000086600000| Untracked 
| 103|0x0000000086700000, 0x0000000086700000, 0x0000000086800000|  0%| F|  |TAMS 0x0000000086700000, 0x0000000086700000| Untracked 
| 104|0x0000000086800000, 0x0000000086800000, 0x0000000086900000|  0%| F|  |TAMS 0x0000000086800000, 0x0000000086800000| Untracked 
| 105|0x0000000086900000, 0x0000000086900000, 0x0000000086a00000|  0%| F|  |TAMS 0x0000000086900000, 0x0000000086900000| Untracked 
| 106|0x0000000086a00000, 0x0000000086a00000, 0x0000000086b00000|  0%| F|  |TAMS 0x0000000086a00000, 0x0000000086a00000| Untracked 
| 107|0x0000000086b00000, 0x0000000086b00000, 0x0000000086c00000|  0%| F|  |TAMS 0x0000000086b00000, 0x0000000086b00000| Untracked 
| 108|0x0000000086c00000, 0x0000000086c00000, 0x0000000086d00000|  0%| F|  |TAMS 0x0000000086c00000, 0x0000000086c00000| Untracked 
| 109|0x0000000086d00000, 0x0000000086d00000, 0x0000000086e00000|  0%| F|  |TAMS 0x0000000086d00000, 0x0000000086d00000| Untracked 
| 110|0x0000000086e00000, 0x0000000086e00000, 0x0000000086f00000|  0%| F|  |TAMS 0x0000000086e00000, 0x0000000086e00000| Untracked 
| 111|0x0000000086f00000, 0x0000000086f00000, 0x0000000087000000|  0%| F|  |TAMS 0x0000000086f00000, 0x0000000086f00000| Untracked 
| 112|0x0000000087000000, 0x0000000087000000, 0x0000000087100000|  0%| F|  |TAMS 0x0000000087000000, 0x0000000087000000| Untracked 
| 113|0x0000000087100000, 0x0000000087100000, 0x0000000087200000|  0%| F|  |TAMS 0x0000000087100000, 0x0000000087100000| Untracked 
| 114|0x0000000087200000, 0x0000000087200000, 0x0000000087300000|  0%| F|  |TAMS 0x0000000087200000, 0x0000000087200000| Untracked 
| 115|0x0000000087300000, 0x0000000087300000, 0x0000000087400000|  0%| F|  |TAMS 0x0000000087300000, 0x0000000087300000| Untracked 
| 116|0x0000000087400000, 0x0000000087400000, 0x0000000087500000|  0%| F|  |TAMS 0x0000000087400000, 0x0000000087400000| Untracked 
| 117|0x0000000087500000, 0x0000000087500000, 0x0000000087600000|  0%| F|  |TAMS 0x0000000087500000, 0x0000000087500000| Untracked 
| 118|0x0000000087600000, 0x0000000087600000, 0x0000000087700000|  0%| F|  |TAMS 0x0000000087600000, 0x0000000087600000| Untracked 
| 119|0x0000000087700000, 0x0000000087700000, 0x0000000087800000|  0%| F|  |TAMS 0x0000000087700000, 0x0000000087700000| Untracked 
| 120|0x0000000087800000, 0x0000000087800000, 0x0000000087900000|  0%| F|  |TAMS 0x0000000087800000, 0x0000000087800000| Untracked 
| 121|0x0000000087900000, 0x0000000087900000, 0x0000000087a00000|  0%| F|  |TAMS 0x0000000087900000, 0x0000000087900000| Untracked 
| 122|0x0000000087a00000, 0x0000000087a00000, 0x0000000087b00000|  0%| F|  |TAMS 0x0000000087a00000, 0x0000000087a00000| Untracked 
| 123|0x0000000087b00000, 0x0000000087b00000, 0x0000000087c00000|  0%| F|  |TAMS 0x0000000087b00000, 0x0000000087b00000| Untracked 
| 124|0x0000000087c00000, 0x0000000087c00000, 0x0000000087d00000|  0%| F|  |TAMS 0x0000000087c00000, 0x0000000087c00000| Untracked 
| 125|0x0000000087d00000, 0x0000000087d00000, 0x0000000087e00000|  0%| F|  |TAMS 0x0000000087d00000, 0x0000000087d00000| Untracked 

Card table byte_map: [0x00000293bfb30000,0x00000293bff30000] _byte_map_base: 0x00000293bf730000

Marking Bits (Prev, Next): (CMBitMap*) 0x00000293ac950c28, (CMBitMap*) 0x00000293ac950c60
 Prev Bits: [0x00000293c0330000, 0x00000293c2330000)
 Next Bits: [0x00000293c2330000, 0x00000293c4330000)

Polling page: 0x00000293aa890000

Metaspace:

Usage:
  Non-class:     62.34 MB capacity,    61.10 MB ( 98%) used,     1.06 MB (  2%) free+waste,   176.25 KB ( <1%) overhead. 
      Class:      9.68 MB capacity,     9.04 MB ( 93%) used,   579.52 KB (  6%) free+waste,    82.94 KB ( <1%) overhead. 
       Both:     72.02 MB capacity,    70.14 MB ( 97%) used,     1.63 MB (  2%) free+waste,   259.19 KB ( <1%) overhead. 

Virtual space:
  Non-class space:       64.00 MB reserved,      62.50 MB ( 98%) committed 
      Class space:        1.00 GB reserved,       9.75 MB ( <1%) committed 
             Both:        1.06 GB reserved,      72.25 MB (  7%) committed 

Chunk freelists:
   Non-Class:  38.00 KB
       Class:  4.00 KB
        Both:  42.00 KB

MaxMetaspaceSize: 17179869184.00 GB
CompressedClassSpaceSize: 1.00 GB

CodeHeap 'non-profiled nmethods': size=120000Kb used=2992Kb max_used=2992Kb free=117007Kb
 bounds [0x00000293b7ed0000, 0x00000293b81c0000, 0x00000293bf400000]
CodeHeap 'profiled nmethods': size=120000Kb used=14477Kb max_used=14477Kb free=105522Kb
 bounds [0x00000293b09a0000, 0x00000293b17d0000, 0x00000293b7ed0000]
CodeHeap 'non-nmethods': size=5760Kb used=2272Kb max_used=2305Kb free=3487Kb
 bounds [0x00000293b0400000, 0x00000293b0670000, 0x00000293b09a0000]
 total_blobs=7584 nmethods=6716 adapters=779
 compilation: enabled
              stopped_count=0, restarted_count=0
 full_count=0

Compilation events (20 events):
Event: 19.876 Thread 0x00000293c76c8000 6917       2       com.sun.proxy.$Proxy22::<init> (6 bytes)
Event: 19.877 Thread 0x00000293c76c8000 nmethod 6917 0x00000293b17bf290 code [0x00000293b17bf460, 0x00000293b17bf688]
Event: 19.919 Thread 0x00000293c76c8000 6919   !   2       com.sun.beans.finder.InstanceFinder::instantiate (41 bytes)
Event: 19.920 Thread 0x00000293c76c8000 nmethod 6919 0x00000293b17bf790 code [0x00000293b17bf9a0, 0x00000293b17bfe08]
Event: 19.923 Thread 0x00000293c76c8000 6920       2       com.sun.beans.util.Cache$Kind$2::create (27 bytes)
Event: 19.923 Thread 0x00000293c76c8000 nmethod 6920 0x00000293b17c0290 code [0x00000293b17c0460, 0x00000293b17c0788]
Event: 19.923 Thread 0x00000293c76c8000 6921       2       com.sun.beans.util.Cache$Kind$Soft::<init> (12 bytes)
Event: 19.923 Thread 0x00000293c76c8000 nmethod 6921 0x00000293b17c0890 code [0x00000293b17c0a40, 0x00000293b17c0c78]
Event: 19.923 Thread 0x00000293c76c8000 6922   !   2       com.sun.beans.introspect.PropertyInfo::initialize (374 bytes)
Event: 19.928 Thread 0x00000293c76c8000 nmethod 6922 0x00000293b17c0d10 code [0x00000293b17c1180, 0x00000293b17c24e8]
Event: 19.928 Thread 0x00000293c76c8000 6924       1       java.beans.Introspector::getTargetDefaultEventIndex (5 bytes)
Event: 19.928 Thread 0x00000293c76c8000 nmethod 6924 0x00000293b81bb390 code [0x00000293b81bb540, 0x00000293b81bb5f8]
Event: 19.928 Thread 0x00000293c76c8000 6925       1       java.beans.Introspector::getTargetDefaultPropertyIndex (5 bytes)
Event: 19.928 Thread 0x00000293c76c8000 nmethod 6925 0x00000293b81bb690 code [0x00000293b81bb840, 0x00000293b81bb8f8]
Event: 19.937 Thread 0x00000293c76c8000 6927       1       java.beans.GenericBeanInfo::getMethodDescriptors (5 bytes)
Event: 19.937 Thread 0x00000293c76c8000 nmethod 6927 0x00000293b81bb990 code [0x00000293b81bbb40, 0x00000293b81bbbf8]
Event: 19.937 Thread 0x00000293c76c8000 6928       1       java.beans.GenericBeanInfo::getDefaultEventIndex (5 bytes)
Event: 19.937 Thread 0x00000293c76c8000 nmethod 6928 0x00000293b81bbc90 code [0x00000293b81bbe40, 0x00000293b81bbef8]
Event: 19.937 Thread 0x00000293c76c8000 6929       1       java.beans.GenericBeanInfo::getDefaultPropertyIndex (5 bytes)
Event: 19.937 Thread 0x00000293c76c8000 nmethod 6929 0x00000293b81bbf90 code [0x00000293b81bc140, 0x00000293b81bc1f8]

GC Heap History (20 events):
Event: 10.802 GC heap after
{Heap after GC invocations=9 (full 0):
 garbage-first heap   total 129024K, used 38998K [0x0000000080000000, 0x0000000100000000)
  region size 1024K, 8 young (8192K), 8 survivors (8192K)
 Metaspace       used 40410K, capacity 41404K, committed 41472K, reserved 1085440K
  class space    used 5192K, capacity 5571K, committed 5632K, reserved 1048576K
}
Event: 11.779 GC heap before
{Heap before GC invocations=10 (full 0):
 garbage-first heap   total 129024K, used 101462K [0x0000000080000000, 0x0000000100000000)
  region size 1024K, 61 young (62464K), 8 survivors (8192K)
 Metaspace       used 44395K, capacity 45658K, committed 45824K, reserved 1089536K
  class space    used 5596K, capacity 6045K, committed 6144K, reserved 1048576K
}
Event: 11.791 GC heap after
{Heap after GC invocations=11 (full 0):
 garbage-first heap   total 129024K, used 51207K [0x0000000080000000, 0x0000000100000000)
  region size 1024K, 8 young (8192K), 8 survivors (8192K)
 Metaspace       used 44395K, capacity 45658K, committed 45824K, reserved 1089536K
  class space    used 5596K, capacity 6045K, committed 6144K, reserved 1048576K
}
Event: 12.512 GC heap before
{Heap before GC invocations=11 (full 0):
 garbage-first heap   total 129024K, used 97287K [0x0000000080000000, 0x0000000100000000)
  region size 1024K, 53 young (54272K), 8 survivors (8192K)
 Metaspace       used 46710K, capacity 47956K, committed 48256K, reserved 1091584K
  class space    used 5962K, capacity 6405K, committed 6528K, reserved 1048576K
}
Event: 12.525 GC heap after
{Heap after GC invocations=12 (full 0):
 garbage-first heap   total 129024K, used 55020K [0x0000000080000000, 0x0000000100000000)
  region size 1024K, 4 young (4096K), 4 survivors (4096K)
 Metaspace       used 46710K, capacity 47956K, committed 48256K, reserved 1091584K
  class space    used 5962K, capacity 6405K, committed 6528K, reserved 1048576K
}
Event: 13.884 GC heap before
{Heap before GC invocations=12 (full 0):
 garbage-first heap   total 129024K, used 100076K [0x0000000080000000, 0x0000000100000000)
  region size 1024K, 48 young (49152K), 4 survivors (4096K)
 Metaspace       used 49459K, capacity 50839K, committed 50944K, reserved 1093632K
  class space    used 6333K, capacity 6826K, committed 6912K, reserved 1048576K
}
Event: 13.893 GC heap after
{Heap after GC invocations=13 (full 0):
 garbage-first heap   total 129024K, used 56730K [0x0000000080000000, 0x0000000100000000)
  region size 1024K, 6 young (6144K), 6 survivors (6144K)
 Metaspace       used 49459K, capacity 50839K, committed 50944K, reserved 1093632K
  class space    used 6333K, capacity 6826K, committed 6912K, reserved 1048576K
}
Event: 15.292 GC heap before
{Heap before GC invocations=13 (full 0):
 garbage-first heap   total 129024K, used 104858K [0x0000000080000000, 0x0000000100000000)
  region size 1024K, 50 young (51200K), 6 survivors (6144K)
 Metaspace       used 53181K, capacity 54758K, committed 54912K, reserved 1097728K
  class space    used 6798K, capacity 7293K, committed 7296K, reserved 1048576K
}
Event: 15.302 GC heap after
{Heap after GC invocations=14 (full 0):
 garbage-first heap   total 129024K, used 67123K [0x0000000080000000, 0x0000000100000000)
  region size 1024K, 7 young (7168K), 7 survivors (7168K)
 Metaspace       used 53181K, capacity 54758K, committed 54912K, reserved 1097728K
  class space    used 6798K, capacity 7293K, committed 7296K, reserved 1048576K
}
Event: 16.333 GC heap before
{Heap before GC invocations=14 (full 0):
 garbage-first heap   total 129024K, used 102963K [0x0000000080000000, 0x0000000100000000)
  region size 1024K, 42 young (43008K), 7 survivors (7168K)
 Metaspace       used 58949K, capacity 60622K, committed 60800K, reserved 1101824K
  class space    used 7443K, capacity 8009K, committed 8064K, reserved 1048576K
}
Event: 16.350 GC heap after
{Heap after GC invocations=15 (full 0):
 garbage-first heap   total 129024K, used 69250K [0x0000000080000000, 0x0000000100000000)
  region size 1024K, 2 young (2048K), 2 survivors (2048K)
 Metaspace       used 58949K, capacity 60622K, committed 60800K, reserved 1101824K
  class space    used 7443K, capacity 8009K, committed 8064K, reserved 1048576K
}
Event: 17.231 GC heap before
{Heap before GC invocations=16 (full 0):
 garbage-first heap   total 129024K, used 103042K [0x0000000080000000, 0x0000000100000000)
  region size 1024K, 36 young (36864K), 2 survivors (2048K)
 Metaspace       used 63004K, capacity 64781K, committed 65024K, reserved 1105920K
  class space    used 7972K, capacity 8585K, committed 8704K, reserved 1048576K
}
Event: 17.238 GC heap after
{Heap after GC invocations=17 (full 0):
 garbage-first heap   total 129024K, used 72219K [0x0000000080000000, 0x0000000100000000)
  region size 1024K, 5 young (5120K), 5 survivors (5120K)
 Metaspace       used 63004K, capacity 64781K, committed 65024K, reserved 1105920K
  class space    used 7972K, capacity 8585K, committed 8704K, reserved 1048576K
}
Event: 17.729 GC heap before
{Heap before GC invocations=17 (full 0):
 garbage-first heap   total 129024K, used 93723K [0x0000000080000000, 0x0000000100000000)
  region size 1024K, 27 young (27648K), 5 survivors (5120K)
 Metaspace       used 65260K, capacity 67059K, committed 67328K, reserved 1107968K
  class space    used 8260K, capacity 8890K, committed 8960K, reserved 1048576K
}
Event: 17.739 GC heap after
{Heap after GC invocations=18 (full 0):
 garbage-first heap   total 129024K, used 74185K [0x0000000080000000, 0x0000000100000000)
  region size 1024K, 2 young (2048K), 2 survivors (2048K)
 Metaspace       used 65260K, capacity 67059K, committed 67328K, reserved 1107968K
  class space    used 8260K, capacity 8890K, committed 8960K, reserved 1048576K
}
Event: 18.289 GC heap before
{Heap before GC invocations=19 (full 0):
 garbage-first heap   total 129024K, used 104905K [0x0000000080000000, 0x0000000100000000)
  region size 1024K, 31 young (31744K), 2 survivors (2048K)
 Metaspace       used 66236K, capacity 68112K, committed 68224K, reserved 1107968K
  class space    used 8402K, capacity 9021K, committed 9088K, reserved 1048576K
}
Event: 18.298 GC heap after
{Heap after GC invocations=20 (full 0):
 garbage-first heap   total 129024K, used 76410K [0x0000000080000000, 0x0000000100000000)
  region size 1024K, 4 young (4096K), 4 survivors (4096K)
 Metaspace       used 66236K, capacity 68112K, committed 68224K, reserved 1107968K
  class space    used 8402K, capacity 9021K, committed 9088K, reserved 1048576K
}
Event: 18.974 GC heap before
{Heap before GC invocations=20 (full 0):
 garbage-first heap   total 129024K, used 105082K [0x0000000080000000, 0x0000000100000000)
  region size 1024K, 32 young (32768K), 4 survivors (4096K)
 Metaspace       used 68666K, capacity 70557K, committed 70656K, reserved 1110016K
  class space    used 8752K, capacity 9408K, committed 9472K, reserved 1048576K
}
Event: 18.993 GC heap after
{Heap after GC invocations=21 (full 0):
 garbage-first heap   total 129024K, used 78338K [0x0000000080000000, 0x0000000100000000)
  region size 1024K, 2 young (2048K), 2 survivors (2048K)
 Metaspace       used 68666K, capacity 70557K, committed 70656K, reserved 1110016K
  class space    used 8752K, capacity 9408K, committed 9472K, reserved 1048576K
}
Event: 19.943 GC heap before
{Heap before GC invocations=22 (full 0):
 garbage-first heap   total 129024K, used 105986K [0x0000000080000000, 0x0000000100000000)
  region size 1024K, 29 young (29696K), 2 survivors (2048K)
 Metaspace       used 71823K, capacity 73750K, committed 73984K, reserved 1114112K
  class space    used 9253K, capacity 9916K, committed 9984K, reserved 1048576K
}

Deoptimization events (20 events):
Event: 17.899 Thread 0x00000293c7bd2800 Uncommon trap: trap_request=0xffffff4d fr.pc=0x00000293b7f08e14 relative=0x0000000000000454
Event: 17.899 Thread 0x00000293c7bd2800 Uncommon trap: reason=unstable_if action=reinterpret pc=0x00000293b7f08e14 method=java.lang.AbstractStringBuilder.putStringAt(ILjava/lang/String;)V @ 8 c2
Event: 17.899 Thread 0x00000293c7bd2800 DEOPT PACKING pc=0x00000293b7f08e14 sp=0x000000d6d76f6aa0
Event: 17.899 Thread 0x00000293c7bd2800 DEOPT UNPACKING pc=0x00000293b04278af sp=0x000000d6d76f6a00 mode 2
Event: 17.899 Thread 0x00000293c7bd2800 Uncommon trap: trap_request=0xffffff4d fr.pc=0x00000293b7f09dec relative=0x00000000000000cc
Event: 17.899 Thread 0x00000293c7bd2800 Uncommon trap: reason=unstable_if action=reinterpret pc=0x00000293b7f09dec method=java.lang.String.getBytes([BIB)V @ 5 c2
Event: 17.899 Thread 0x00000293c7bd2800 DEOPT PACKING pc=0x00000293b7f09dec sp=0x000000d6d76f69b0
Event: 17.899 Thread 0x00000293c7bd2800 DEOPT UNPACKING pc=0x00000293b04278af sp=0x000000d6d76f6978 mode 2
Event: 18.111 Thread 0x00000293c7bd2800 Uncommon trap: trap_request=0xffffff4d fr.pc=0x00000293b8102ffc relative=0x000000000000085c
Event: 18.111 Thread 0x00000293c7bd2800 Uncommon trap: reason=unstable_if action=reinterpret pc=0x00000293b8102ffc method=com.sun.beans.introspect.MethodInfo$MethodOrder.compare(Ljava/lang/reflect/Method;Ljava/lang/reflect/Method;)I @ 124 c2
Event: 18.111 Thread 0x00000293c7bd2800 DEOPT PACKING pc=0x00000293b8102ffc sp=0x000000d6d76f70f0
Event: 18.111 Thread 0x00000293c7bd2800 DEOPT UNPACKING pc=0x00000293b04278af sp=0x000000d6d76f7090 mode 2
Event: 18.181 Thread 0x00000293c7bd2800 Uncommon trap: trap_request=0xffffff4d fr.pc=0x00000293b803e480 relative=0x0000000000000340
Event: 18.181 Thread 0x00000293c7bd2800 Uncommon trap: reason=unstable_if action=reinterpret pc=0x00000293b803e480 method=java.util.StringJoiner.add(Ljava/lang/CharSequence;)Ljava/util/StringJoiner; @ 33 c2
Event: 18.181 Thread 0x00000293c7bd2800 DEOPT PACKING pc=0x00000293b803e480 sp=0x000000d6d76f5cb0
Event: 18.181 Thread 0x00000293c7bd2800 DEOPT UNPACKING pc=0x00000293b04278af sp=0x000000d6d76f5c60 mode 2
Event: 18.333 Thread 0x00000293c7bd2800 Uncommon trap: trap_request=0xffffff4d fr.pc=0x00000293b8109e78 relative=0x0000000000001058
Event: 18.333 Thread 0x00000293c7bd2800 Uncommon trap: reason=unstable_if action=reinterpret pc=0x00000293b8109e78 method=org.codehaus.groovy.runtime.metaclass.MetaMethodIndex.isOverridden(Lgroovy/lang/MetaMethod;Lgroovy/lang/MetaMethod;)Z @ 33 c2
Event: 18.333 Thread 0x00000293c7bd2800 DEOPT PACKING pc=0x00000293b8109e78 sp=0x000000d6d76f4f60
Event: 18.333 Thread 0x00000293c7bd2800 DEOPT UNPACKING pc=0x00000293b04278af sp=0x000000d6d76f4eb8 mode 2

Classes redefined (0 events):
No events

Internal exceptions (20 events):
Event: 18.365 Thread 0x00000293c7bd2800 Exception <a 'java/lang/ClassNotFoundException'{0x00000000877cc5f0}: build_6kc851re6654wiooksvx5bfsu$_run_closure1$_closure4BeanInfo> (0x00000000877cc5f0) thrown at [./src/hotspot/share/classfile/systemDictionary.cpp, line 231]
Event: 18.366 Thread 0x00000293c7bd2800 Exception <a 'java/lang/ClassNotFoundException'{0x00000000877dced8}: build_6kc851re6654wiooksvx5bfsu$_run_closure1$_closure4Customizer> (0x00000000877dced8) thrown at [./src/hotspot/share/classfile/systemDictionary.cpp, line 231]
Event: 18.370 Thread 0x00000293c7bd2800 Exception <a 'java/lang/ClassNotFoundException'{0x00000000876062c0}: build_6kc851re6654wiooksvx5bfsu$_run_closure1BeanInfo> (0x00000000876062c0) thrown at [./src/hotspot/share/classfile/systemDictionary.cpp, line 231]
Event: 18.371 Thread 0x00000293c7bd2800 Exception <a 'java/lang/ClassNotFoundException'{0x0000000087616230}: build_6kc851re6654wiooksvx5bfsu$_run_closure1Customizer> (0x0000000087616230) thrown at [./src/hotspot/share/classfile/systemDictionary.cpp, line 231]
Event: 18.379 Thread 0x00000293c7bd2800 Exception <a 'java/lang/ClassNotFoundException'{0x0000000087673d40}: org/gradle/api/JavaVersionBeanInfo> (0x0000000087673d40) thrown at [./src/hotspot/share/classfile/systemDictionary.cpp, line 231]
Event: 18.380 Thread 0x00000293c7bd2800 Exception <a 'java/lang/ClassNotFoundException'{0x000000008769e360}: org/gradle/api/JavaVersionCustomizer> (0x000000008769e360) thrown at [./src/hotspot/share/classfile/systemDictionary.cpp, line 231]
Event: 18.385 Thread 0x00000293c7bd2800 Exception <a 'java/lang/ClassNotFoundException'{0x00000000876f2bd0}: com/android/build/gradle/internal/CompileOptions_DecoratedBeanInfo> (0x00000000876f2bd0) thrown at [./src/hotspot/share/classfile/systemDictionary.cpp, line 231]
Event: 18.386 Thread 0x00000293c7bd2800 Exception <a 'java/lang/ClassNotFoundException'{0x000000008750a860}: com/android/build/gradle/internal/CompileOptionsBeanInfo> (0x000000008750a860) thrown at [./src/hotspot/share/classfile/systemDictionary.cpp, line 231]
Event: 18.387 Thread 0x00000293c7bd2800 Exception <a 'java/lang/ClassNotFoundException'{0x0000000087522728}: com/android/build/gradle/internal/CompileOptionsCustomizer> (0x0000000087522728) thrown at [./src/hotspot/share/classfile/systemDictionary.cpp, line 231]
Event: 18.388 Thread 0x00000293c7bd2800 Exception <a 'java/lang/ClassNotFoundException'{0x0000000087547038}: com/android/build/gradle/internal/CompileOptions_DecoratedCustomizer> (0x0000000087547038) thrown at [./src/hotspot/share/classfile/systemDictionary.cpp, line 231]
Event: 19.916 Thread 0x00000293c7bd2800 Exception <a 'java/lang/ClassNotFoundException'{0x0000000086515c38}: com/android/build/gradle/internal/api/ApkVariantOutputImpl_DecoratedBeanInfo> (0x0000000086515c38) thrown at [./src/hotspot/share/classfile/systemDictionary.cpp, line 231]
Event: 19.917 Thread 0x00000293c7bd2800 Exception <a 'java/lang/ClassNotFoundException'{0x000000008652f7e8}: com/android/build/gradle/internal/api/ApkVariantOutputImplBeanInfo> (0x000000008652f7e8) thrown at [./src/hotspot/share/classfile/systemDictionary.cpp, line 231]
Event: 19.919 Thread 0x00000293c7bd2800 Exception <a 'java/lang/ClassNotFoundException'{0x0000000086549b58}: com/android/build/gradle/internal/api/BaseVariantOutputImplBeanInfo> (0x0000000086549b58) thrown at [./src/hotspot/share/classfile/systemDictionary.cpp, line 231]
Event: 19.920 Thread 0x00000293c7bd2800 Exception <a 'java/lang/ClassNotFoundException'{0x0000000086563f30}: com/android/build/gradle/internal/api/BaseVariantOutputImplCustomizer> (0x0000000086563f30) thrown at [./src/hotspot/share/classfile/systemDictionary.cpp, line 231]
Event: 19.922 Thread 0x00000293c7bd2800 Exception <a 'java/lang/ClassNotFoundException'{0x0000000086590bf0}: com/android/build/gradle/internal/api/ApkVariantOutputImplCustomizer> (0x0000000086590bf0) thrown at [./src/hotspot/share/classfile/systemDictionary.cpp, line 231]
Event: 19.923 Thread 0x00000293c7bd2800 Exception <a 'java/lang/ClassNotFoundException'{0x00000000865b9a88}: com/android/build/gradle/internal/api/ApkVariantOutputImpl_DecoratedCustomizer> (0x00000000865b9a88) thrown at [./src/hotspot/share/classfile/systemDictionary.cpp, line 231]
Event: 19.933 Thread 0x00000293c7bd2800 Exception <a 'java/lang/ClassNotFoundException'{0x00000000863253d0}: groovy/lang/GString$1BeanInfo> (0x00000000863253d0) thrown at [./src/hotspot/share/classfile/systemDictionary.cpp, line 231]
Event: 19.934 Thread 0x00000293c7bd2800 Exception <a 'java/lang/ClassNotFoundException'{0x0000000086347818}: groovy/lang/GStringBeanInfo> (0x0000000086347818) thrown at [./src/hotspot/share/classfile/systemDictionary.cpp, line 231]
Event: 19.935 Thread 0x00000293c7bd2800 Exception <a 'java/lang/ClassNotFoundException'{0x0000000086369ca8}: groovy/lang/GStringCustomizer> (0x0000000086369ca8) thrown at [./src/hotspot/share/classfile/systemDictionary.cpp, line 231]
Event: 19.937 Thread 0x00000293c7bd2800 Exception <a 'java/lang/ClassNotFoundException'{0x0000000086395f50}: groovy/lang/GString$1Customizer> (0x0000000086395f50) thrown at [./src/hotspot/share/classfile/systemDictionary.cpp, line 231]

Events (20 events):
Event: 19.933 loading class groovy/lang/GStringBeanInfo done
Event: 19.934 loading class groovy/lang/GStringBeanInfo
Event: 19.934 loading class groovy/lang/GStringBeanInfo done
Event: 19.934 loading class groovy/lang/GStringBeanInfo
Event: 19.934 loading class groovy/lang/GStringBeanInfo done
Event: 19.934 loading class groovy/lang/GStringCustomizer
Event: 19.934 loading class groovy/lang/GStringCustomizer done
Event: 19.934 loading class groovy/lang/GStringCustomizer
Event: 19.934 loading class groovy/lang/GStringCustomizer done
Event: 19.935 loading class groovy/lang/GStringCustomizer
Event: 19.935 loading class groovy/lang/GStringCustomizer done
Event: 19.936 loading class groovy/lang/GString$1Customizer
Event: 19.936 loading class groovy/lang/GString$1Customizer done
Event: 19.936 loading class groovy/lang/GString$1Customizer
Event: 19.936 loading class groovy/lang/GString$1Customizer done
Event: 19.937 loading class groovy/lang/GString$1Customizer
Event: 19.937 loading class groovy/lang/GString$1Customizer done
Event: 19.938 loading class groovy/runtime/metaclass/com/android/build/gradle/internal/api/ApplicationVariantImpl_DecoratedMetaClass
Event: 19.938 loading class groovy/runtime/metaclass/com/android/build/gradle/internal/api/ApplicationVariantImpl_DecoratedMetaClass done
Event: 19.942 Executing VM operation: G1CollectForAllocation


Dynamic libraries:
0x00007ff63a850000 - 0x00007ff63a85a000 	C:\Program Files\Android\Android Studio\jre\bin\java.exe
0x00007ffb878c0000 - 0x00007ffb87ac7000 	C:\WINDOWS\SYSTEM32\ntdll.dll
0x00007ffb86cf0000 - 0x00007ffb86dad000 	C:\WINDOWS\System32\KERNEL32.DLL
0x00007ffb85280000 - 0x00007ffb855f4000 	C:\WINDOWS\System32\KERNELBASE.dll
0x00007ffb85600000 - 0x00007ffb85711000 	C:\WINDOWS\System32\ucrtbase.dll
0x00007ffb74f20000 - 0x00007ffb74f39000 	C:\Program Files\Android\Android Studio\jre\bin\jli.dll
0x00007ffb74a50000 - 0x00007ffb74a67000 	C:\Program Files\Android\Android Studio\jre\bin\VCRUNTIME140.dll
0x00007ffb86b40000 - 0x00007ffb86cec000 	C:\WINDOWS\System32\USER32.dll
0x00007ffb85720000 - 0x00007ffb85746000 	C:\WINDOWS\System32\win32u.dll
0x00007ffb86400000 - 0x00007ffb86429000 	C:\WINDOWS\System32\GDI32.dll
0x00007ffb6b2f0000 - 0x00007ffb6b595000 	C:\WINDOWS\WinSxS\amd64_microsoft.windows.common-controls_6595b64144ccf1df_6.0.22000.120_none_9d947278b86cc467\COMCTL32.dll
0x00007ffb84da0000 - 0x00007ffb84eb2000 	C:\WINDOWS\System32\gdi32full.dll
0x00007ffb868f0000 - 0x00007ffb86993000 	C:\WINDOWS\System32\msvcrt.dll
0x00007ffb85170000 - 0x00007ffb8520d000 	C:\WINDOWS\System32\msvcp_win.dll
0x00007ffb85c50000 - 0x00007ffb85c81000 	C:\WINDOWS\System32\IMM32.DLL
0x00007ffb74510000 - 0x00007ffb745ad000 	C:\Program Files\Android\Android Studio\jre\bin\msvcp140.dll
0x00007ffb47b90000 - 0x00007ffb4865f000 	C:\Program Files\Android\Android Studio\jre\bin\server\jvm.dll
0x00007ffb86e60000 - 0x00007ffb86f0c000 	C:\WINDOWS\System32\ADVAPI32.dll
0x00007ffb85c90000 - 0x00007ffb85d2d000 	C:\WINDOWS\System32\sechost.dll
0x00007ffb867c0000 - 0x00007ffb868e1000 	C:\WINDOWS\System32\RPCRT4.dll
0x00007ffb85760000 - 0x00007ffb85768000 	C:\WINDOWS\System32\PSAPI.DLL
0x00007ffb7d790000 - 0x00007ffb7d7c3000 	C:\WINDOWS\SYSTEM32\WINMM.dll
0x00007ffb7ede0000 - 0x00007ffb7ede9000 	C:\WINDOWS\SYSTEM32\WSOCK32.dll
0x00007ffb7cea0000 - 0x00007ffb7ceaa000 	C:\WINDOWS\SYSTEM32\VERSION.dll
0x00007ffb86490000 - 0x00007ffb864ff000 	C:\WINDOWS\System32\WS2_32.dll
0x00007ffb83e80000 - 0x00007ffb83e98000 	C:\WINDOWS\SYSTEM32\kernel.appcore.dll
0x00007ffb7d860000 - 0x00007ffb7d871000 	C:\Program Files\Android\Android Studio\jre\bin\verify.dll
0x00007ffb82a80000 - 0x00007ffb82ca1000 	C:\WINDOWS\SYSTEM32\DBGHELP.DLL
0x00007ffb7fcd0000 - 0x00007ffb7fd01000 	C:\WINDOWS\SYSTEM32\dbgcore.DLL
0x00007ffb850f0000 - 0x00007ffb85170000 	C:\WINDOWS\System32\bcryptPrimitives.dll
0x00007ffb76f80000 - 0x00007ffb76fa9000 	C:\Program Files\Android\Android Studio\jre\bin\java.dll
0x00007ffb7d850000 - 0x00007ffb7d85b000 	C:\Program Files\Android\Android Studio\jre\bin\jimage.dll
0x00007ffb74b30000 - 0x00007ffb74b48000 	C:\Program Files\Android\Android Studio\jre\bin\zip.dll
0x00007ffb870d0000 - 0x00007ffb8787a000 	C:\WINDOWS\System32\SHELL32.dll
0x00007ffb82f00000 - 0x00007ffb83762000 	C:\WINDOWS\SYSTEM32\windows.storage.dll
0x00007ffb85fa0000 - 0x00007ffb86318000 	C:\WINDOWS\System32\combase.dll
0x00007ffb82d90000 - 0x00007ffb82ef6000 	C:\WINDOWS\SYSTEM32\wintypes.dll
0x00007ffb866d0000 - 0x00007ffb867ba000 	C:\WINDOWS\System32\SHCORE.dll
0x00007ffb85be0000 - 0x00007ffb85c3d000 	C:\WINDOWS\System32\shlwapi.dll
0x00007ffb84cd0000 - 0x00007ffb84cf1000 	C:\WINDOWS\SYSTEM32\profapi.dll
0x00007ffb74b10000 - 0x00007ffb74b2a000 	C:\Program Files\Android\Android Studio\jre\bin\net.dll
0x00007ffb7fb70000 - 0x00007ffb7fc7c000 	C:\WINDOWS\SYSTEM32\WINHTTP.dll
0x00007ffb84290000 - 0x00007ffb842f7000 	C:\WINDOWS\system32\mswsock.dll
0x00007ffb74af0000 - 0x00007ffb74b04000 	C:\Program Files\Android\Android Studio\jre\bin\nio.dll
0x00007ffb74ce0000 - 0x00007ffb74d07000 	C:\Users\uzach\.gradle\native\8bec1ad78214c89d9ad589b4d07fe93259594b29d510b10fafb7a158f7737e5d\windows-amd64\native-platform.dll
0x00007ffb745b0000 - 0x00007ffb746ed000 	C:\Users\uzach\.gradle\native\53dbd7edfb1c66fb8903c78663c9afc45aea4f116125fa6feffd364cf09443e8\windows-amd64\native-platform-file-events.dll
0x00007ffb76f70000 - 0x00007ffb76f7a000 	C:\Program Files\Android\Android Studio\jre\bin\management.dll
0x00007ffb75440000 - 0x00007ffb7544c000 	C:\Program Files\Android\Android Studio\jre\bin\management_ext.dll
0x00007ffb844b0000 - 0x00007ffb844c8000 	C:\WINDOWS\SYSTEM32\CRYPTSP.dll
0x00007ffb83de0000 - 0x00007ffb83e15000 	C:\WINDOWS\system32\rsaenh.dll
0x00007ffb84350000 - 0x00007ffb84379000 	C:\WINDOWS\SYSTEM32\USERENV.dll
0x00007ffb84690000 - 0x00007ffb846b7000 	C:\WINDOWS\SYSTEM32\bcrypt.dll
0x00007ffb844a0000 - 0x00007ffb844ac000 	C:\WINDOWS\SYSTEM32\CRYPTBASE.dll
0x00007ffb83a00000 - 0x00007ffb83a2d000 	C:\WINDOWS\SYSTEM32\IPHLPAPI.DLL
0x00007ffb86660000 - 0x00007ffb86669000 	C:\WINDOWS\System32\NSI.dll
0x00007ffb7d1c0000 - 0x00007ffb7d1d9000 	C:\WINDOWS\SYSTEM32\dhcpcsvc6.DLL
0x00007ffb7d550000 - 0x00007ffb7d56e000 	C:\WINDOWS\SYSTEM32\dhcpcsvc.DLL
0x00007ffb83a30000 - 0x00007ffb83b17000 	C:\WINDOWS\SYSTEM32\DNSAPI.dll

dbghelp: loaded successfully - version: 4.0.5 - missing functions: none
symbol engine: initialized successfully - sym options: 0x614 - pdb path: .;C:\Program Files\Android\Android Studio\jre\bin;C:\WINDOWS\SYSTEM32;C:\WINDOWS\WinSxS\amd64_microsoft.windows.common-controls_6595b64144ccf1df_6.0.22000.120_none_9d947278b86cc467;C:\Program Files\Android\Android Studio\jre\bin\server;C:\Users\uzach\.gradle\native\8bec1ad78214c89d9ad589b4d07fe93259594b29d510b10fafb7a158f7737e5d\windows-amd64;C:\Users\uzach\.gradle\native\53dbd7edfb1c66fb8903c78663c9afc45aea4f116125fa6feffd364cf09443e8\windows-amd64

VM Arguments:
jvm_args: --add-opens=java.base/java.util=ALL-UNNAMED --add-opens=java.base/java.lang=ALL-UNNAMED --add-opens=java.base/java.lang.invoke=ALL-UNNAMED --add-opens=java.base/java.util=ALL-UNNAMED --add-opens=java.prefs/java.util.prefs=ALL-UNNAMED --add-opens=java.prefs/java.util.prefs=ALL-UNNAMED --add-opens=java.base/java.nio.charset=ALL-UNNAMED --add-opens=java.base/java.net=ALL-UNNAMED --add-opens=java.base/java.util.concurrent.atomic=ALL-UNNAMED -Xmx2048m -Dfile.encoding=UTF-8 -Duser.country=KR -Duser.language=ko -Duser.variant 
java_command: org.gradle.launcher.daemon.bootstrap.GradleDaemon 7.0.2
java_class_path (initial): C:\Users\uzach\.gradle\wrapper\dists\gradle-7.0.2-bin\857tjihv64xamwrf0h14cai3r\gradle-7.0.2\lib\gradle-launcher-7.0.2.jar
Launcher Type: SUN_STANDARD

[Global flags]
     intx CICompilerCount                          = 4                                         {product} {ergonomic}
     uint ConcGCThreads                            = 2                                         {product} {ergonomic}
     uint G1ConcRefinementThreads                  = 8                                         {product} {ergonomic}
   size_t G1HeapRegionSize                         = 1048576                                   {product} {ergonomic}
    uintx GCDrainStackTargetSize                   = 64                                        {product} {ergonomic}
   size_t InitialHeapSize                          = 132120576                                 {product} {ergonomic}
   size_t MarkStackSize                            = 4194304                                   {product} {ergonomic}
   size_t MaxHeapSize                              = 2147483648                                {product} {command line}
   size_t MaxNewSize                               = 1287651328                                {product} {ergonomic}
   size_t MinHeapDeltaBytes                        = 1048576                                   {product} {ergonomic}
    uintx NonNMethodCodeHeapSize                   = 5836300                                {pd product} {ergonomic}
    uintx NonProfiledCodeHeapSize                  = 122910970                              {pd product} {ergonomic}
    uintx ProfiledCodeHeapSize                     = 122910970                              {pd product} {ergonomic}
    uintx ReservedCodeCacheSize                    = 251658240                              {pd product} {ergonomic}
     bool SegmentedCodeCache                       = true                                      {product} {ergonomic}
     bool UseCompressedClassPointers               = true                                 {lp64_product} {ergonomic}
     bool UseCompressedOops                        = true                                 {lp64_product} {ergonomic}
     bool UseG1GC                                  = true                                      {product} {ergonomic}
     bool UseLargePagesIndividualAllocation        = false                                  {pd product} {ergonomic}

Logging:
Log output configuration:
 #0: stdout all=warning uptime,level,tags
 #1: stderr all=off uptime,level,tags

Environment Variables:
JAVA_HOME=C:\Program Files\Java\jdk-17.0.1
PATH=C:\Program Files\Java\jdk-17.0.1\bin\;C:\Program Files\Common Files\Oracle\Java\javapath;C:\Program Files (x86)\Common Files\Oracle\Java\javapath;C:\Program Files (x86)\ActiveState Komodo IDE 12\C:\WINDOWS\system32C:\WINDOWSC:\WINDOWS\System64\Wbem;C:\Program Files (x86)\Intel\Intel(R) Management Engine Components\iCLS\;C:\Program Files\Intel\Intel(R) Management Engine Components\iCLS\;C:\WINDOWS\system32;C:\WINDOWS;C:\WINDOWS\System32\Wbem;C:\WINDOWS\System32\WindowsPowerShell\v1.0\;C:\WINDOWS\System32\OpenSSH\;C:\Program Files (x86)\Intel\Intel(R) Management Engine Components\DAL;C:\Program Files\Intel\Intel(R) Management Engine Components\DAL;C:\Users\uzach\AppData\Local\Android\Sdk\platform-tools;C:\Linux\Git\cmd;C:\Users\uzach\AppData\Local\Programs\Python\Python38\Scripts\;C:\Users\uzach\AppData\Local\Programs\Python\Python38\;C:\Users\uzach\anaconda3\Scripts\;C:\Users\uzach\anaconda3\;C:\Users\uzach\AppData\Local\Programs\Python\Python39\Scripts\;C:\Users\uzach\AppData\Local\Programs\Python\Python39\;C:\Program Files (x86)\Intel\Intel(R) Management Engine Components\iCLS\;C:\Program Files\Intel\Intel(R) Management Engine Components\iCLS\;C:\WINDOWS\system32;C:\WINDOWS;C:\WINDOWS\System32\Wbem;C:\WINDOWS\System32\WindowsPowerShell\v1.0\;C:\WINDOWS\System32\OpenSSH\;C:\Program Files (x86)\Intel\Intel(R) Management Engine Components\DAL;C:\Program Files\Intel\Intel(R) Management Engine Components\DAL;C:\Users\uzach\AppData\Local\Programs\Microsoft VS Code\bin;C:\Users\uzach\.dotnet\tools;C:\Program Files\2019.4.17f1\Editor\Data\PlaybackEngines\AndroidPlayer\OpenJDK\bin;C:\Users\uzach\AppData\Local\Microsoft\WindowsApps;
USERNAME=uzach
OS=Windows_NT
PROCESSOR_IDENTIFIER=Intel64 Family 6 Model 142 Stepping 11, GenuineIntel



---------------  S Y S T E M  ---------------

OS: Windows 10 , 64 bit Build 22000 (10.0.22000.318)
OS uptime: 0 days 4:45 hours
Hyper-V role detected

CPU:total 8 (initial active 8) (4 cores per cpu, 2 threads per core) family 6 model 142 stepping 11 microcode 0xde, cmov, cx8, fxsr, mmx, sse, sse2, sse3, ssse3, sse4.1, sse4.2, popcnt, avx, avx2, aes, clmul, erms, 3dnowpref, lzcnt, ht, tsc, tscinvbit, bmi1, bmi2, adx, fma

Memory: 4k page, system-wide physical 7986M (222M free)
TotalPageFile size 7986M (AvailPageFile size 6M)
current process WorkingSet (physical memory assigned to process): 324M, peak: 324M
current process commit charge ("private bytes"): 360M, peak: 386M

vm_info: OpenJDK 64-Bit Server VM (11.0.10+0-b96-7249189) for windows-amd64 JRE (11.0.10+0-b96-7249189), built on Mar 31 2021 21:44:00 by "builder" with MS VC++ 14.0 (VS2015)

END.
