#
# There is insufficient memory for the Java Runtime Environment to continue.
# Native memory allocation (mmap) failed to map 132120576 bytes for Failed to commit area from 0x0000000083200000 to 0x000000008b000000 of length 132120576.
# Possible reasons:
#   The system is out of physical RAM or swap space
#   The process is running with CompressedOops enabled, and the Java Heap may be blocking the growth of the native heap
# Possible solutions:
#   Reduce memory load on the system
#   Increase physical memory or swap space
#   Check if swap backing store is full
#   Decrease Java heap size (-Xmx/-Xms)
#   Decrease number of Java threads
#   Decrease Java thread stack sizes (-Xss)
#   Set larger code cache with -XX:ReservedCodeCacheSize=
# This output file may be truncated or incomplete.
#
#  Out of Memory Error (./src/hotspot/os/windows/os_windows.cpp:3301), pid=11504, tid=10072
#
# JRE version:  (11.0.10) (build )
# Java VM: OpenJDK 64-Bit Server VM (11.0.10+0-b96-7249189, mixed mode, sharing, tiered, compressed oops, g1 gc, windows-amd64)
# No core dump will be written. Minidumps are not enabled by default on client versions of Windows
#

---------------  S U M M A R Y ------------

Command Line: org.jetbrains.git4idea.http.GitAskPassApp Username for 'https://github.com': 

Host: Intel(R) Core(TM) i5-8265U CPU @ 1.60GHz, 8 cores, 7G,  Windows 10 , 64 bit Build 22000 (10.0.22000.318)
Time: Wed Nov 17 22:34:30 2021 대한민국 표준시 elapsed time: 0.032052 seconds (0d 0h 0m 0s)

---------------  T H R E A D  ---------------

Current thread (0x000002240563e000):  JavaThread "Unknown thread" [_thread_in_vm, id=10072, stack(0x000000eb43300000,0x000000eb43400000)]

Stack: [0x000000eb43300000,0x000000eb43400000]
Native frames: (J=compiled Java code, j=interpreted, Vv=VM code, C=native code)
V  [jvm.dll+0x5ecfaa]
V  [jvm.dll+0x722bd5]
V  [jvm.dll+0x72412d]
V  [jvm.dll+0x7247e3]
V  [jvm.dll+0x242928]
V  [jvm.dll+0x5ea374]
V  [jvm.dll+0x5df425]
V  [jvm.dll+0x2fdebb]
V  [jvm.dll+0x2fde2a]
V  [jvm.dll+0x2fdd02]
V  [jvm.dll+0x302bf6]
V  [jvm.dll+0x34b2a3]
V  [jvm.dll+0x34b9a6]
V  [jvm.dll+0x34b3a3]
V  [jvm.dll+0x2d8888]
V  [jvm.dll+0x2d9a37]
V  [jvm.dll+0x701737]
V  [jvm.dll+0x702f2c]
V  [jvm.dll+0x3587d9]
V  [jvm.dll+0x6e4fae]
V  [jvm.dll+0x3c0be3]
V  [jvm.dll+0x3c2e91]
C  [jli.dll+0x5373]
C  [ucrtbase.dll+0x26c0c]
C  [KERNEL32.DLL+0x154e0]
C  [ntdll.dll+0x485b]


---------------  P R O C E S S  ---------------

Threads class SMR info:
_java_thread_list=0x0000022403333f10, length=0, elements={
}

Java Threads: ( => current thread )

Other Threads:
  0x0000022405655800 GCTaskThread "GC Thread#0" [stack: 0x000000eb43400000,0x000000eb43500000] [id=19596]
  0x0000022405686800 ConcurrentGCThread "G1 Main Marker" [stack: 0x000000eb43500000,0x000000eb43600000] [id=14976]
  0x000002240568a000 ConcurrentGCThread "G1 Conc#0" [stack: 0x000000eb43600000,0x000000eb43700000] [id=9228]

[error occurred during error reporting (printing all threads), id 0xc0000005, EXCEPTION_ACCESS_VIOLATION (0xc0000005) at pc=0x00007ffb4dbe9107]

VM state:not at safepoint (not fully initialized)

VM Mutex/Monitor currently owned by a thread:  ([mutex/lock_event])
[0x000002240563bcb0] Heap_lock - owner thread: 0x000002240563e000

Heap address: 0x0000000083200000, size: 1998 MB, Compressed Oops mode: Non-zero based: 0x0000000083200000
Narrow klass base: 0x0000000000000000, Narrow klass shift: 0

GC Heap History (0 events):
No events

Deoptimization events (0 events):
No events

Classes redefined (0 events):
No events

Internal exceptions (0 events):
No events

Events (1 events):
Event: 0.022 Loaded shared library C:\Program Files\Android\Android Studio\jre\bin\zip.dll


Dynamic libraries:
0x00007ff6aff40000 - 0x00007ff6aff4a000 	C:\Program Files\Android\Android Studio\jre\bin\java.exe
0x00007ffb878c0000 - 0x00007ffb87ac7000 	C:\WINDOWS\SYSTEM32\ntdll.dll
0x00007ffb86cf0000 - 0x00007ffb86dad000 	C:\WINDOWS\System32\KERNEL32.DLL
0x00007ffb85280000 - 0x00007ffb855f4000 	C:\WINDOWS\System32\KERNELBASE.dll
0x00007ffb85600000 - 0x00007ffb85711000 	C:\WINDOWS\System32\ucrtbase.dll
0x00007ffb74200000 - 0x00007ffb74217000 	C:\Program Files\Android\Android Studio\jre\bin\VCRUNTIME140.dll
0x00007ffb62ff0000 - 0x00007ffb63009000 	C:\Program Files\Android\Android Studio\jre\bin\jli.dll
0x00007ffb86b40000 - 0x00007ffb86cec000 	C:\WINDOWS\System32\USER32.dll
0x00007ffb85720000 - 0x00007ffb85746000 	C:\WINDOWS\System32\win32u.dll
0x00007ffb86400000 - 0x00007ffb86429000 	C:\WINDOWS\System32\GDI32.dll
0x00007ffb6b2f0000 - 0x00007ffb6b595000 	C:\WINDOWS\WinSxS\amd64_microsoft.windows.common-controls_6595b64144ccf1df_6.0.22000.120_none_9d947278b86cc467\COMCTL32.dll
0x00007ffb84da0000 - 0x00007ffb84eb2000 	C:\WINDOWS\System32\gdi32full.dll
0x00007ffb868f0000 - 0x00007ffb86993000 	C:\WINDOWS\System32\msvcrt.dll
0x00007ffb85170000 - 0x00007ffb8520d000 	C:\WINDOWS\System32\msvcp_win.dll
0x00007ffb85c50000 - 0x00007ffb85c81000 	C:\WINDOWS\System32\IMM32.DLL
0x00007ffb62f50000 - 0x00007ffb62fed000 	C:\Program Files\Android\Android Studio\jre\bin\msvcp140.dll
0x00007ffb4d900000 - 0x00007ffb4e3cf000 	C:\Program Files\Android\Android Studio\jre\bin\server\jvm.dll
0x00007ffb86e60000 - 0x00007ffb86f0c000 	C:\WINDOWS\System32\ADVAPI32.dll
0x00007ffb85c90000 - 0x00007ffb85d2d000 	C:\WINDOWS\System32\sechost.dll
0x00007ffb867c0000 - 0x00007ffb868e1000 	C:\WINDOWS\System32\RPCRT4.dll
0x00007ffb85760000 - 0x00007ffb85768000 	C:\WINDOWS\System32\PSAPI.DLL
0x00007ffb7d790000 - 0x00007ffb7d7c3000 	C:\WINDOWS\SYSTEM32\WINMM.dll
0x00007ffb75320000 - 0x00007ffb75329000 	C:\WINDOWS\SYSTEM32\WSOCK32.dll
0x00007ffb7cea0000 - 0x00007ffb7ceaa000 	C:\WINDOWS\SYSTEM32\VERSION.dll
0x00007ffb86490000 - 0x00007ffb864ff000 	C:\WINDOWS\System32\WS2_32.dll
0x00007ffb83e80000 - 0x00007ffb83e98000 	C:\WINDOWS\SYSTEM32\kernel.appcore.dll
0x00007ffb746d0000 - 0x00007ffb746e1000 	C:\Program Files\Android\Android Studio\jre\bin\verify.dll
0x00007ffb82a80000 - 0x00007ffb82ca1000 	C:\WINDOWS\SYSTEM32\DBGHELP.DLL
0x00007ffb7fcd0000 - 0x00007ffb7fd01000 	C:\WINDOWS\SYSTEM32\dbgcore.DLL
0x00007ffb850f0000 - 0x00007ffb85170000 	C:\WINDOWS\System32\bcryptPrimitives.dll
0x00007ffb746a0000 - 0x00007ffb746c9000 	C:\Program Files\Android\Android Studio\jre\bin\java.dll
0x00007ffb75280000 - 0x00007ffb7528b000 	C:\Program Files\Android\Android Studio\jre\bin\jimage.dll
0x00007ffb741e0000 - 0x00007ffb741f8000 	C:\Program Files\Android\Android Studio\jre\bin\zip.dll

dbghelp: loaded successfully - version: 4.0.5 - missing functions: none
symbol engine: initialized successfully - sym options: 0x614 - pdb path: .;C:\Program Files\Android\Android Studio\jre\bin;C:\WINDOWS\SYSTEM32;C:\WINDOWS\WinSxS\amd64_microsoft.windows.common-controls_6595b64144ccf1df_6.0.22000.120_none_9d947278b86cc467;C:\Program Files\Android\Android Studio\jre\bin\server

VM Arguments:
java_command: org.jetbrains.git4idea.http.GitAskPassApp Username for 'https://github.com': 
java_class_path (initial): C:/Program Files/Android/Android Studio/plugins/git4idea/lib/git4idea-rt.jar;C:/Program Files/Android/Android Studio/lib/xmlrpc-2.0.1.jar;C:/Program Files/Android/Android Studio/lib/commons-codec-1.14.jar
Launcher Type: SUN_STANDARD

[Global flags]
     intx CICompilerCount                          = 4                                         {product} {ergonomic}
     uint ConcGCThreads                            = 2                                         {product} {ergonomic}
     uint G1ConcRefinementThreads                  = 8                                         {product} {ergonomic}
   size_t G1HeapRegionSize                         = 1048576                                   {product} {ergonomic}
    uintx GCDrainStackTargetSize                   = 64                                        {product} {ergonomic}
   size_t InitialHeapSize                          = 132120576                                 {product} {ergonomic}
   size_t MarkStackSize                            = 4194304                                   {product} {ergonomic}
   size_t MaxHeapSize                              = 2095054848                                {product} {ergonomic}
   size_t MinHeapDeltaBytes                        = 1048576                                   {product} {ergonomic}
    uintx NonNMethodCodeHeapSize                   = 5836300                                {pd product} {ergonomic}
    uintx NonProfiledCodeHeapSize                  = 122910970                              {pd product} {ergonomic}
    uintx ProfiledCodeHeapSize                     = 122910970                              {pd product} {ergonomic}
    uintx ReservedCodeCacheSize                    = 251658240                              {pd product} {ergonomic}
     bool SegmentedCodeCache                       = true                                      {product} {ergonomic}
     bool UseCompressedClassPointers               = true                                 {lp64_product} {ergonomic}
     bool UseCompressedOops                        = true                                 {lp64_product} {ergonomic}
     bool UseG1GC                                  = true                                      {product} {ergonomic}
     bool UseLargePagesIndividualAllocation        = false                                  {pd product} {ergonomic}

Logging:
Log output configuration:
 #0: stdout all=warning uptime,level,tags
 #1: stderr all=off uptime,level,tags

Environment Variables:
JAVA_HOME=C:\Program Files\Java\jdk-17.0.1
PATH=C:\Git\mingw64\libexec\git-core;C:\Git\mingw64\libexec\git-core;C:\Git\mingw64\bin;C:\Git\usr\bin;C:\Users\uzach\bin;C:\Program Files\Java\jdk-17.0.1\bin;C:\Program Files\Common Files\Oracle\Java\javapath;C:\Program Files (x86)\Common Files\Oracle\Java\javapath;C:\Program Files (x86)\ActiveState Komodo IDE 12\C;C:\Git\WINDOWS\system32C;C:\Git\WINDOWSC;C:\Git\WINDOWS\System64\Wbem;C:\Program Files (x86)\Intel\Intel(R) Management Engine Components\iCLS;C:\Program Files\Intel\Intel(R) Management Engine Components\iCLS;C:\WINDOWS\system32;C:\WINDOWS;C:\WINDOWS\System32\Wbem;C:\WINDOWS\System32\WindowsPowerShell\v1.0;C:\WINDOWS\System32\OpenSSH;C:\Program Files (x86)\Intel\Intel(R) Management Engine Components\DAL;C:\Program Files\Intel\Intel(R) Management Engine Components\DAL;C:\Users\uzach\AppData\Local\Android\Sdk\platform-tools;C:\Linux\Git\cmd;C:\Users\uzach\AppData\Local\Programs\Python\Python38\Scripts;C:\Users\uzach\AppData\Local\Programs\Python\Python38;C:\Users\uzach\anaconda3\Scripts;C:\Users\uzach\anaconda3;C:\Users\uzach\AppData\Local\Programs\Python\Python39\Scripts;C:\Users\uzach\AppData\Local\Programs\Python\Python39;C:\Program Files (x86)\Intel\Intel(R) Management Engine Components\iCLS;C:\Program Files\Intel\Intel(R) Management Engine Components\iCLS;C:\WINDOWS\system32;C:\WINDOWS;C:\WINDOWS\System32\Wbem;C:\WINDOWS\System32\WindowsPowerShell\v1.0;C:\WINDOWS\System32\OpenSSH;C:\Program Files (x86)\Intel\Intel(R) Management Engine Components\DAL;C:\Program Files\Intel\Intel(R) Management Engine Components\DAL;C:\Users\uzach\AppData\Local\Programs\Microsoft VS Code\bin;C:\Users\uzach\.dotnet\tools;C:\Program Files\2019.4.17f1\Editor\Data\PlaybackEngines\AndroidPlayer\OpenJDK\bin;C:\Users\uzach\AppData\Local\Microsoft\WindowsApps
USERNAME=uzach
DISPLAY=:0.0
LC_ALL=en_US.UTF-8
OS=Windows_NT
PROCESSOR_IDENTIFIER=Intel64 Family 6 Model 142 Stepping 11, GenuineIntel



---------------  S Y S T E M  ---------------

OS: Windows 10 , 64 bit Build 22000 (10.0.22000.318)
OS uptime: 0 days 5:22 hours
Hyper-V role detected

CPU:total 8 (initial active 8) (4 cores per cpu, 2 threads per core) family 6 model 142 stepping 11 microcode 0xde, cmov, cx8, fxsr, mmx, sse, sse2, sse3, ssse3, sse4.1, sse4.2, popcnt, avx, avx2, aes, clmul, erms, 3dnowpref, lzcnt, ht, tsc, tscinvbit, bmi1, bmi2, adx, fma

Memory: 4k page, system-wide physical 7986M (432M free)
TotalPageFile size 7986M (AvailPageFile size 6M)
current process WorkingSet (physical memory assigned to process): 10M, peak: 10M
current process commit charge ("private bytes"): 59M, peak: 185M

vm_info: OpenJDK 64-Bit Server VM (11.0.10+0-b96-7249189) for windows-amd64 JRE (11.0.10+0-b96-7249189), built on Mar 31 2021 21:44:00 by "builder" with MS VC++ 14.0 (VS2015)

END.
