#
# There is insufficient memory for the Java Runtime Environment to continue.
# Native memory allocation (malloc) failed to allocate 1234896 bytes for Chunk::new
# Possible reasons:
#   The system is out of physical RAM or swap space
#   The process is running with CompressedOops enabled, and the Java Heap may be blocking the growth of the native heap
# Possible solutions:
#   Reduce memory load on the system
#   Increase physical memory or swap space
#   Check if swap backing store is full
#   Decrease Java heap size (-Xmx/-Xms)
#   Decrease number of Java threads
#   Decrease Java thread stack sizes (-Xss)
#   Set larger code cache with -XX:ReservedCodeCacheSize=
#   JVM is running with Unscaled Compressed Oops mode in which the Java heap is
#     placed in the first 4GB address space. The Java Heap base address is the
#     maximum limit for the native heap growth. Please use -XX:HeapBaseMinAddress
#     to set the Java Heap base and to place the Java Heap above 4GB virtual address.
# This output file may be truncated or incomplete.
#
#  Out of Memory Error (./src/hotspot/share/memory/arena.cpp:197), pid=14764, tid=1064
#
# JRE version: OpenJDK Runtime Environment (11.0.10) (build 11.0.10+0-b96-7249189)
# Java VM: OpenJDK 64-Bit Server VM (11.0.10+0-b96-7249189, mixed mode, tiered, compressed oops, g1 gc, windows-amd64)
# No core dump will be written. Minidumps are not enabled by default on client versions of Windows
#

---------------  S U M M A R Y ------------

Command Line: --add-opens=java.base/java.util=ALL-UNNAMED --add-opens=java.base/java.lang=ALL-UNNAMED --add-opens=java.base/java.lang.invoke=ALL-UNNAMED --add-opens=java.base/java.util=ALL-UNNAMED --add-opens=java.prefs/java.util.prefs=ALL-UNNAMED --add-opens=java.prefs/java.util.prefs=ALL-UNNAMED --add-opens=java.base/java.nio.charset=ALL-UNNAMED --add-opens=java.base/java.net=ALL-UNNAMED --add-opens=java.base/java.util.concurrent.atomic=ALL-UNNAMED -Xmx2048m -Dfile.encoding=UTF-8 -Duser.country=KR -Duser.language=ko -Duser.variant org.gradle.launcher.daemon.bootstrap.GradleDaemon 7.0.2

Host: Intel(R) Core(TM) i5-8265U CPU @ 1.60GHz, 8 cores, 7G,  Windows 10 , 64 bit Build 22000 (10.0.22000.318)
Time: Tue Nov 16 18:21:36 2021 대한민국 표준시 elapsed time: 1152.262749 seconds (0d 0h 19m 12s)

---------------  T H R E A D  ---------------

Current thread (0x00000290e8447800):  JavaThread "C2 CompilerThread0" daemon [_thread_in_native, id=1064, stack(0x000000a8ef000000,0x000000a8ef100000)]


Current CompileTask:
C2:1152263 15997       4       org.gradle.internal.snapshot.impl.DefaultValueSnapshotter::processValue (657 bytes)

Stack: [0x000000a8ef000000,0x000000a8ef100000]
Native frames: (J=compiled Java code, j=interpreted, Vv=VM code, C=native code)
V  [jvm.dll+0x5ecfaa]
V  [jvm.dll+0x722bd5]
V  [jvm.dll+0x72412d]
V  [jvm.dll+0x7247e3]
V  [jvm.dll+0x242928]
V  [jvm.dll+0xbc4fc]
V  [jvm.dll+0xbca0c]
V  [jvm.dll+0x352d3b]
V  [jvm.dll+0x320ad3]
V  [jvm.dll+0x31ffca]
V  [jvm.dll+0x1fb602]
V  [jvm.dll+0x1fa7f4]
V  [jvm.dll+0x18354c]
V  [jvm.dll+0x208ee7]
V  [jvm.dll+0x207731]
V  [jvm.dll+0x6eb1cf]
V  [jvm.dll+0x6e3d45]
V  [jvm.dll+0x5ebe96]
C  [ucrtbase.dll+0x26c0c]
C  [KERNEL32.DLL+0x154e0]
C  [ntdll.dll+0x485b]


---------------  P R O C E S S  ---------------

Threads class SMR info:
_java_thread_list=0x00000290ee184970, length=57, elements={
0x00000290cdf2e000, 0x00000290e8424000, 0x00000290e8431000, 0x00000290e8d51000,
0x00000290e8d52800, 0x00000290e8d53800, 0x00000290e8447800, 0x00000290e844a800,
0x00000290e8456800, 0x00000290e8ecd000, 0x00000290eafa3800, 0x00000290e9166800,
0x00000290ead11800, 0x00000290ec231000, 0x00000290ec22f800, 0x00000290ec22e800,
0x00000290ec22b800, 0x00000290ec22e000, 0x00000290ec230000, 0x00000290ec232000,
0x00000290ebd7e000, 0x00000290ebd7c800, 0x00000290ebd7f800, 0x00000290ebd80800,
0x00000290ebd7d000, 0x00000290ebd83000, 0x00000290ebd84800, 0x00000290ebd85800,
0x00000290eca39000, 0x00000290eca41800, 0x00000290ebd89800, 0x00000290ee0ff000,
0x00000290ee0fe800, 0x00000290ee0fc000, 0x00000290eca3f000, 0x00000290ebd84000,
0x00000290ebd87000, 0x00000290ebd82000, 0x00000290ebd86000, 0x00000290ebd81800,
0x00000290ebd88800, 0x00000290ebd8b000, 0x00000290ee0f9800, 0x00000290ee0fc800,
0x00000290ee100000, 0x00000290ee0fa000, 0x00000290ee100800, 0x00000290ee0fd800,
0x00000290ee0fb000, 0x00000290ee105800, 0x00000290ee105000, 0x00000290ee106800,
0x00000290ee104000, 0x00000290ee107800, 0x00000290ee101800, 0x00000290ee108000,
0x00000290ee102800
}

Java Threads: ( => current thread )
  0x00000290cdf2e000 JavaThread "main" [_thread_blocked, id=4556, stack(0x000000a8ee400000,0x000000a8ee500000)]
  0x00000290e8424000 JavaThread "Reference Handler" daemon [_thread_blocked, id=10516, stack(0x000000a8eeb00000,0x000000a8eec00000)]
  0x00000290e8431000 JavaThread "Finalizer" daemon [_thread_blocked, id=3476, stack(0x000000a8eec00000,0x000000a8eed00000)]
  0x00000290e8d51000 JavaThread "Signal Dispatcher" daemon [_thread_blocked, id=3528, stack(0x000000a8eed00000,0x000000a8eee00000)]
  0x00000290e8d52800 JavaThread "Attach Listener" daemon [_thread_blocked, id=17528, stack(0x000000a8eee00000,0x000000a8eef00000)]
  0x00000290e8d53800 JavaThread "Service Thread" daemon [_thread_blocked, id=4504, stack(0x000000a8eef00000,0x000000a8ef000000)]
=>0x00000290e8447800 JavaThread "C2 CompilerThread0" daemon [_thread_in_native, id=1064, stack(0x000000a8ef000000,0x000000a8ef100000)]
  0x00000290e844a800 JavaThread "C1 CompilerThread0" daemon [_thread_blocked, id=6680, stack(0x000000a8ef100000,0x000000a8ef200000)]
  0x00000290e8456800 JavaThread "Sweeper thread" daemon [_thread_blocked, id=18072, stack(0x000000a8ef200000,0x000000a8ef300000)]
  0x00000290e8ecd000 JavaThread "Common-Cleaner" daemon [_thread_blocked, id=16600, stack(0x000000a8ef300000,0x000000a8ef400000)]
  0x00000290eafa3800 JavaThread "Daemon health stats" [_thread_blocked, id=11484, stack(0x000000a8ef900000,0x000000a8efa00000)]
  0x00000290e9166800 JavaThread "Incoming local TCP Connector on port 50380" [_thread_in_native, id=13348, stack(0x000000a8ef500000,0x000000a8ef600000)]
  0x00000290ead11800 JavaThread "Daemon periodic checks" [_thread_blocked, id=8800, stack(0x000000a8ef600000,0x000000a8ef700000)]
  0x00000290ec231000 JavaThread "Cache worker for file hash cache (C:\Users\uzach\.gradle\caches\7.0.2\fileHashes)" [_thread_blocked, id=3192, stack(0x000000a8f0600000,0x000000a8f0700000)]
  0x00000290ec22f800 JavaThread "File lock request listener" [_thread_in_native, id=7436, stack(0x000000a8f0700000,0x000000a8f0800000)]
  0x00000290ec22e800 JavaThread "Cache worker for journal cache (C:\Users\uzach\.gradle\caches\journal-1)" [_thread_blocked, id=8128, stack(0x000000a8f0900000,0x000000a8f0a00000)]
  0x00000290ec22b800 JavaThread "File watcher server" daemon [_thread_in_native, id=15596, stack(0x000000a8f0c00000,0x000000a8f0d00000)]
  0x00000290ec22e000 JavaThread "File watcher consumer" daemon [_thread_blocked, id=6668, stack(0x000000a8f0d00000,0x000000a8f0e00000)]
  0x00000290ec230000 JavaThread "jar transforms" [_thread_blocked, id=8692, stack(0x000000a8f0e00000,0x000000a8f0f00000)]
  0x00000290ec232000 JavaThread "jar transforms Thread 2" [_thread_blocked, id=5764, stack(0x000000a8f0f00000,0x000000a8f1000000)]
  0x00000290ebd7e000 JavaThread "jar transforms Thread 3" [_thread_blocked, id=17688, stack(0x000000a8f1000000,0x000000a8f1100000)]
  0x00000290ebd7c800 JavaThread "jar transforms Thread 4" [_thread_blocked, id=17464, stack(0x000000a8f1100000,0x000000a8f1200000)]
  0x00000290ebd7f800 JavaThread "jar transforms Thread 5" [_thread_blocked, id=15032, stack(0x000000a8f1200000,0x000000a8f1300000)]
  0x00000290ebd80800 JavaThread "jar transforms Thread 6" [_thread_blocked, id=636, stack(0x000000a8f1300000,0x000000a8f1400000)]
  0x00000290ebd7d000 JavaThread "jar transforms Thread 7" [_thread_blocked, id=672, stack(0x000000a8f1500000,0x000000a8f1600000)]
  0x00000290ebd83000 JavaThread "jar transforms Thread 8" [_thread_blocked, id=3940, stack(0x000000a8f1600000,0x000000a8f1700000)]
  0x00000290ebd84800 JavaThread "Cache worker for execution history cache (C:\Users\uzach\.gradle\caches\7.0.2\executionHistory)" [_thread_blocked, id=13940, stack(0x000000a8f1a00000,0x000000a8f1b00000)]
  0x00000290ebd85800 JavaThread "Cache worker for file content cache (C:\Users\uzach\.gradle\caches\7.0.2\fileContent)" [_thread_blocked, id=12648, stack(0x000000a8f1b00000,0x000000a8f1c00000)]
  0x00000290eca39000 JavaThread "Memory manager" [_thread_blocked, id=1596, stack(0x000000a8f2600000,0x000000a8f2700000)]
  0x00000290eca41800 JavaThread "pool-3-thread-1" [_thread_blocked, id=6808, stack(0x000000a8f2700000,0x000000a8f2800000)]
  0x00000290ebd89800 JavaThread "pool-6-thread-1" [_thread_blocked, id=2600, stack(0x000000a8f2500000,0x000000a8f2600000)]
  0x00000290ee0ff000 JavaThread "pool-9-thread-1" [_thread_blocked, id=10324, stack(0x000000a8f2300000,0x000000a8f2400000)]
  0x00000290ee0fe800 JavaThread "Daemon Thread 3" [_thread_blocked, id=6952, stack(0x000000a8ee100000,0x000000a8ee200000)]
  0x00000290ee0fc000 JavaThread "Daemon worker Thread 3" [_thread_in_vm, id=18360, stack(0x000000a8efa00000,0x000000a8efb00000)]
  0x00000290eca3f000 JavaThread "pool-12-thread-1" [_thread_blocked, id=18156, stack(0x000000a8f2800000,0x000000a8f2900000)]
  0x00000290ebd84000 JavaThread "Handler for socket connection from /127.0.0.1:50380 to /127.0.0.1:50774" [_thread_in_native, id=952, stack(0x000000a8ee200000,0x000000a8ee300000)]
  0x00000290ebd87000 JavaThread "Cancel handler" [_thread_blocked, id=10652, stack(0x000000a8ee300000,0x000000a8ee400000)]
  0x00000290ebd82000 JavaThread "Asynchronous log dispatcher for DefaultDaemonConnection: socket connection from /127.0.0.1:50380 to /127.0.0.1:50774" [_thread_blocked, id=8788, stack(0x000000a8efb00000,0x000000a8efc00000)]
  0x00000290ebd86000 JavaThread "Stdin handler" [_thread_blocked, id=4800, stack(0x000000a8efc00000,0x000000a8efd00000)]
  0x00000290ebd81800 JavaThread "Daemon client event forwarder" [_thread_blocked, id=8120, stack(0x000000a8efd00000,0x000000a8efe00000)]
  0x00000290ebd88800 JavaThread "Cache worker for file hash cache (C:\Users\uzach\AndroidStudioProjects\instagram\.gradle\7.0.2\fileHashes)" [_thread_blocked, id=9944, stack(0x000000a8efe00000,0x000000a8eff00000)]
  0x00000290ebd8b000 JavaThread "Cache worker for checksums cache (C:\Users\uzach\AndroidStudioProjects\instagram\.gradle\checksums)" [_thread_blocked, id=16884, stack(0x000000a8eff00000,0x000000a8f0000000)]
  0x00000290ee0f9800 JavaThread "Cache worker for cache directory md-supplier (C:\Users\uzach\.gradle\caches\7.0.2\md-supplier)" [_thread_blocked, id=9288, stack(0x000000a8f0000000,0x000000a8f0100000)]
  0x00000290ee0fc800 JavaThread "Cache worker for cache directory md-rule (C:\Users\uzach\.gradle\caches\7.0.2\md-rule)" [_thread_blocked, id=17660, stack(0x000000a8f0a00000,0x000000a8f0b00000)]
  0x00000290ee100000 JavaThread "Cache worker for dependencies-accessors (C:\Users\uzach\AndroidStudioProjects\instagram\.gradle\7.0.2\dependencies-accessors)" [_thread_blocked, id=7504, stack(0x000000a8f0b00000,0x000000a8f0c00000)]
  0x00000290ee0fa000 JavaThread "Cache worker for Build Output Cleanup Cache (C:\Users\uzach\AndroidStudioProjects\instagram\.gradle\buildOutputCleanup)" [_thread_blocked, id=5896, stack(0x000000a8f1400000,0x000000a8f1500000)]
  0x00000290ee100800 JavaThread "Build operations" [_thread_blocked, id=16972, stack(0x000000a8f1700000,0x000000a8f1800000)]
  0x00000290ee0fd800 JavaThread "Build operations Thread 2" [_thread_blocked, id=13584, stack(0x000000a8f1800000,0x000000a8f1900000)]
  0x00000290ee0fb000 JavaThread "Build operations Thread 3" [_thread_blocked, id=3932, stack(0x000000a8f1900000,0x000000a8f1a00000)]
  0x00000290ee105800 JavaThread "Build operations Thread 4" [_thread_blocked, id=16616, stack(0x000000a8f1c00000,0x000000a8f1d00000)]
  0x00000290ee105000 JavaThread "Build operations Thread 5" [_thread_blocked, id=12896, stack(0x000000a8f1d00000,0x000000a8f1e00000)]
  0x00000290ee106800 JavaThread "Build operations Thread 6" [_thread_blocked, id=4288, stack(0x000000a8f1e00000,0x000000a8f1f00000)]
  0x00000290ee104000 JavaThread "Build operations Thread 7" [_thread_blocked, id=8388, stack(0x000000a8f1f00000,0x000000a8f2000000)]
  0x00000290ee107800 JavaThread "Build operations Thread 8" [_thread_blocked, id=15748, stack(0x000000a8f2000000,0x000000a8f2100000)]
  0x00000290ee108000 JavaThread "pool-15-thread-1" [_thread_blocked, id=12760, stack(0x000000a8f2200000,0x000000a8f2300000)]
  0x00000290ee101800 Thread [stack: 0x000000a8f2100000,0x000000a8f2200000] [id=2144]

Other Threads:
  0x00000290e8421000 VMThread "VM Thread" [stack: 0x000000a8eea00000,0x000000a8eeb00000] [id=7472]
  0x00000290e8f02800 WatcherThread [stack: 0x000000a8ef400000,0x000000a8ef500000] [id=14628]
  0x00000290cdf47000 GCTaskThread "GC Thread#0" [stack: 0x000000a8ee500000,0x000000a8ee600000] [id=9260]
  0x00000290e999a800 GCTaskThread "GC Thread#1" [stack: 0x000000a8ef700000,0x000000a8ef800000] [id=7136]
  0x00000290e990f000 GCTaskThread "GC Thread#2" [stack: 0x000000a8ef800000,0x000000a8ef900000] [id=3272]
  0x00000290ea68f000 GCTaskThread "GC Thread#3" [stack: 0x000000a8f0100000,0x000000a8f0200000] [id=10668]
  0x00000290ea7d5800 GCTaskThread "GC Thread#4" [stack: 0x000000a8f0200000,0x000000a8f0300000] [id=9560]
  0x00000290e9b1c800 GCTaskThread "GC Thread#5" [stack: 0x000000a8f0300000,0x000000a8f0400000] [id=12696]
  0x00000290eb8a9000 GCTaskThread "GC Thread#6" [stack: 0x000000a8f0400000,0x000000a8f0500000] [id=8840]
  0x00000290eb8ae800 GCTaskThread "GC Thread#7" [stack: 0x000000a8f0500000,0x000000a8f0600000] [id=16404]
  0x00000290cdf7a000 ConcurrentGCThread "G1 Main Marker" [stack: 0x000000a8ee600000,0x000000a8ee700000] [id=3004]
  0x00000290cdf7b800 ConcurrentGCThread "G1 Conc#0" [stack: 0x000000a8ee700000,0x000000a8ee800000] [id=11584]
  0x00000290eb8aa800 ConcurrentGCThread "G1 Conc#1" [stack: 0x000000a8f0800000,0x000000a8f0900000] [id=8228]
  0x00000290e8270800 ConcurrentGCThread "G1 Refine#0" [stack: 0x000000a8ee800000,0x000000a8ee900000] [id=2424]
  0x00000290e8271000 ConcurrentGCThread "G1 Young RemSet Sampling" [stack: 0x000000a8ee900000,0x000000a8eea00000] [id=6996]

Threads with active compile tasks:
C2 CompilerThread01152360 15997       4       org.gradle.internal.snapshot.impl.DefaultValueSnapshotter::processValue (657 bytes)

VM state:not at safepoint (normal execution)

VM Mutex/Monitor currently owned by a thread: None

OutOfMemory and StackOverflow Exception counts:
OutOfMemoryError java_heap_errors=1
LinkageErrors=198

Heap address: 0x0000000080000000, size: 2048 MB, Compressed Oops mode: 32-bit
Narrow klass base: 0x0000000000000000, Narrow klass shift: 3
Compressed class space size: 1073741824 Address: 0x0000000100000000

Heap:
 garbage-first heap   total 225280K, used 141434K [0x0000000080000000, 0x0000000100000000)
  region size 1024K, 17 young (17408K), 1 survivors (1024K)
 Metaspace       used 115779K, capacity 119452K, committed 119724K, reserved 1153024K
  class space    used 14509K, capacity 15800K, committed 15872K, reserved 1048576K
Heap Regions: E=young(eden), S=young(survivor), O=old, HS=humongous(starts), HC=humongous(continues), CS=collection set, F=free, A=archive, TAMS=top-at-mark-start (previous, next)
|   0|0x0000000080000000, 0x0000000080100000, 0x0000000080100000|100%| O|  |TAMS 0x0000000080100000, 0x0000000080000000| Untracked 
|   1|0x0000000080100000, 0x0000000080200000, 0x0000000080200000|100%| O|  |TAMS 0x0000000080200000, 0x0000000080100000| Untracked 
|   2|0x0000000080200000, 0x0000000080300000, 0x0000000080300000|100%| O|  |TAMS 0x0000000080300000, 0x0000000080200000| Untracked 
|   3|0x0000000080300000, 0x0000000080400000, 0x0000000080400000|100%|HS|  |TAMS 0x0000000080400000, 0x0000000080300000| Complete 
|   4|0x0000000080400000, 0x0000000080500000, 0x0000000080500000|100%|HC|  |TAMS 0x0000000080500000, 0x0000000080400000| Complete 
|   5|0x0000000080500000, 0x0000000080600000, 0x0000000080600000|100%|HC|  |TAMS 0x0000000080600000, 0x0000000080500000| Complete 
|   6|0x0000000080600000, 0x0000000080700000, 0x0000000080700000|100%| O|  |TAMS 0x0000000080700000, 0x0000000080600000| Untracked 
|   7|0x0000000080700000, 0x0000000080800000, 0x0000000080800000|100%| O|  |TAMS 0x0000000080800000, 0x0000000080700000| Untracked 
|   8|0x0000000080800000, 0x0000000080900000, 0x0000000080900000|100%| O|  |TAMS 0x0000000080900000, 0x0000000080800000| Untracked 
|   9|0x0000000080900000, 0x0000000080a00000, 0x0000000080a00000|100%| O|  |TAMS 0x0000000080a00000, 0x0000000080900000| Untracked 
|  10|0x0000000080a00000, 0x0000000080b00000, 0x0000000080b00000|100%| O|  |TAMS 0x0000000080b00000, 0x0000000080a00000| Untracked 
|  11|0x0000000080b00000, 0x0000000080c00000, 0x0000000080c00000|100%| O|  |TAMS 0x0000000080c00000, 0x0000000080b00000| Untracked 
|  12|0x0000000080c00000, 0x0000000080d00000, 0x0000000080d00000|100%| O|  |TAMS 0x0000000080d00000, 0x0000000080c00000| Untracked 
|  13|0x0000000080d00000, 0x0000000080e00000, 0x0000000080e00000|100%| O|  |TAMS 0x0000000080e00000, 0x0000000080d00000| Untracked 
|  14|0x0000000080e00000, 0x0000000080f00000, 0x0000000080f00000|100%| O|  |TAMS 0x0000000080f00000, 0x0000000080e00000| Untracked 
|  15|0x0000000080f00000, 0x0000000081000000, 0x0000000081000000|100%| O|  |TAMS 0x0000000081000000, 0x0000000080f00000| Untracked 
|  16|0x0000000081000000, 0x0000000081100000, 0x0000000081100000|100%|HS|  |TAMS 0x0000000081100000, 0x0000000081000000| Complete 
|  17|0x0000000081100000, 0x0000000081200000, 0x0000000081200000|100%|HC|  |TAMS 0x0000000081200000, 0x0000000081100000| Complete 
|  18|0x0000000081200000, 0x0000000081300000, 0x0000000081300000|100%|HS|  |TAMS 0x0000000081300000, 0x0000000081200000| Complete 
|  19|0x0000000081300000, 0x0000000081400000, 0x0000000081400000|100%|HC|  |TAMS 0x0000000081400000, 0x0000000081300000| Complete 
|  20|0x0000000081400000, 0x0000000081500000, 0x0000000081500000|100%|HC|  |TAMS 0x0000000081500000, 0x0000000081400000| Complete 
|  21|0x0000000081500000, 0x0000000081600000, 0x0000000081600000|100%|HS|  |TAMS 0x0000000081600000, 0x0000000081500000| Complete 
|  22|0x0000000081600000, 0x0000000081700000, 0x0000000081700000|100%|HC|  |TAMS 0x0000000081700000, 0x0000000081600000| Complete 
|  23|0x0000000081700000, 0x0000000081800000, 0x0000000081800000|100%|HC|  |TAMS 0x0000000081800000, 0x0000000081700000| Complete 
|  24|0x0000000081800000, 0x0000000081900000, 0x0000000081900000|100%|HC|  |TAMS 0x0000000081900000, 0x0000000081800000| Complete 
|  25|0x0000000081900000, 0x0000000081a00000, 0x0000000081a00000|100%|HC|  |TAMS 0x0000000081a00000, 0x0000000081900000| Complete 
|  26|0x0000000081a00000, 0x0000000081b00000, 0x0000000081b00000|100%| O|  |TAMS 0x0000000081b00000, 0x0000000081a00000| Untracked 
|  27|0x0000000081b00000, 0x0000000081c00000, 0x0000000081c00000|100%| O|  |TAMS 0x0000000081c00000, 0x0000000081b00000| Untracked 
|  28|0x0000000081c00000, 0x0000000081d00000, 0x0000000081d00000|100%| O|  |TAMS 0x0000000081d00000, 0x0000000081c00000| Untracked 
|  29|0x0000000081d00000, 0x0000000081e00000, 0x0000000081e00000|100%| O|  |TAMS 0x0000000081e00000, 0x0000000081d00000| Untracked 
|  30|0x0000000081e00000, 0x0000000081f00000, 0x0000000081f00000|100%| O|  |TAMS 0x0000000081f00000, 0x0000000081e00000| Untracked 
|  31|0x0000000081f00000, 0x0000000082000000, 0x0000000082000000|100%| O|  |TAMS 0x0000000082000000, 0x0000000081f00000| Untracked 
|  32|0x0000000082000000, 0x0000000082100000, 0x0000000082100000|100%| O|  |TAMS 0x0000000082100000, 0x0000000082000000| Untracked 
|  33|0x0000000082100000, 0x0000000082200000, 0x0000000082200000|100%| O|  |TAMS 0x0000000082200000, 0x0000000082100000| Untracked 
|  34|0x0000000082200000, 0x0000000082300000, 0x0000000082300000|100%| O|  |TAMS 0x0000000082300000, 0x0000000082200000| Untracked 
|  35|0x0000000082300000, 0x0000000082400000, 0x0000000082400000|100%| O|  |TAMS 0x0000000082400000, 0x0000000082300000| Untracked 
|  36|0x0000000082400000, 0x0000000082500000, 0x0000000082500000|100%| O|  |TAMS 0x0000000082500000, 0x0000000082400000| Untracked 
|  37|0x0000000082500000, 0x0000000082600000, 0x0000000082600000|100%|HS|  |TAMS 0x0000000082600000, 0x0000000082500000| Complete 
|  38|0x0000000082600000, 0x0000000082700000, 0x0000000082700000|100%|HC|  |TAMS 0x0000000082700000, 0x0000000082600000| Complete 
|  39|0x0000000082700000, 0x0000000082800000, 0x0000000082800000|100%|HC|  |TAMS 0x0000000082800000, 0x0000000082700000| Complete 
|  40|0x0000000082800000, 0x0000000082900000, 0x0000000082900000|100%|HC|  |TAMS 0x0000000082900000, 0x0000000082800000| Complete 
|  41|0x0000000082900000, 0x0000000082a00000, 0x0000000082a00000|100%|HC|  |TAMS 0x0000000082a00000, 0x0000000082900000| Complete 
|  42|0x0000000082a00000, 0x0000000082b00000, 0x0000000082b00000|100%| O|  |TAMS 0x0000000082b00000, 0x0000000082a00000| Untracked 
|  43|0x0000000082b00000, 0x0000000082c00000, 0x0000000082c00000|100%|HS|  |TAMS 0x0000000082c00000, 0x0000000082b00000| Complete 
|  44|0x0000000082c00000, 0x0000000082d00000, 0x0000000082d00000|100%|HC|  |TAMS 0x0000000082d00000, 0x0000000082c00000| Complete 
|  45|0x0000000082d00000, 0x0000000082e00000, 0x0000000082e00000|100%|HC|  |TAMS 0x0000000082e00000, 0x0000000082d00000| Complete 
|  46|0x0000000082e00000, 0x0000000082f00000, 0x0000000082f00000|100%| O|  |TAMS 0x0000000082f00000, 0x0000000082e00000| Untracked 
|  47|0x0000000082f00000, 0x0000000083000000, 0x0000000083000000|100%| O|  |TAMS 0x0000000083000000, 0x0000000082f00000| Untracked 
|  48|0x0000000083000000, 0x0000000083100000, 0x0000000083100000|100%| O|  |TAMS 0x0000000083100000, 0x0000000083000000| Untracked 
|  49|0x0000000083100000, 0x0000000083200000, 0x0000000083200000|100%| O|  |TAMS 0x0000000083200000, 0x0000000083100000| Untracked 
|  50|0x0000000083200000, 0x0000000083300000, 0x0000000083300000|100%| O|  |TAMS 0x0000000083300000, 0x0000000083200000| Untracked 
|  51|0x0000000083300000, 0x0000000083400000, 0x0000000083400000|100%| O|  |TAMS 0x0000000083400000, 0x0000000083300000| Untracked 
|  52|0x0000000083400000, 0x0000000083500000, 0x0000000083500000|100%| O|  |TAMS 0x0000000083500000, 0x0000000083400000| Untracked 
|  53|0x0000000083500000, 0x0000000083600000, 0x0000000083600000|100%|HS|  |TAMS 0x0000000083600000, 0x0000000083500000| Complete 
|  54|0x0000000083600000, 0x0000000083700000, 0x0000000083700000|100%|HS|  |TAMS 0x0000000083700000, 0x0000000083600000| Complete 
|  55|0x0000000083700000, 0x0000000083800000, 0x0000000083800000|100%|HS|  |TAMS 0x0000000083800000, 0x0000000083700000| Complete 
|  56|0x0000000083800000, 0x0000000083900000, 0x0000000083900000|100%|HC|  |TAMS 0x0000000083900000, 0x0000000083800000| Complete 
|  57|0x0000000083900000, 0x0000000083a00000, 0x0000000083a00000|100%| O|  |TAMS 0x0000000083a00000, 0x0000000083900000| Untracked 
|  58|0x0000000083a00000, 0x0000000083b00000, 0x0000000083b00000|100%| O|  |TAMS 0x0000000083b00000, 0x0000000083a00000| Untracked 
|  59|0x0000000083b00000, 0x0000000083c00000, 0x0000000083c00000|100%| O|  |TAMS 0x0000000083c00000, 0x0000000083b00000| Untracked 
|  60|0x0000000083c00000, 0x0000000083d00000, 0x0000000083d00000|100%| O|  |TAMS 0x0000000083d00000, 0x0000000083c00000| Untracked 
|  61|0x0000000083d00000, 0x0000000083e00000, 0x0000000083e00000|100%| O|  |TAMS 0x0000000083e00000, 0x0000000083d00000| Untracked 
|  62|0x0000000083e00000, 0x0000000083f00000, 0x0000000083f00000|100%| O|  |TAMS 0x0000000083f00000, 0x0000000083e00000| Untracked 
|  63|0x0000000083f00000, 0x0000000084000000, 0x0000000084000000|100%| O|  |TAMS 0x0000000084000000, 0x0000000083f00000| Untracked 
|  64|0x0000000084000000, 0x0000000084100000, 0x0000000084100000|100%| O|  |TAMS 0x0000000084100000, 0x0000000084000000| Untracked 
|  65|0x0000000084100000, 0x0000000084200000, 0x0000000084200000|100%| O|  |TAMS 0x0000000084200000, 0x0000000084100000| Untracked 
|  66|0x0000000084200000, 0x0000000084300000, 0x0000000084300000|100%| O|  |TAMS 0x0000000084300000, 0x0000000084200000| Untracked 
|  67|0x0000000084300000, 0x0000000084400000, 0x0000000084400000|100%| O|  |TAMS 0x0000000084400000, 0x0000000084300000| Untracked 
|  68|0x0000000084400000, 0x0000000084500000, 0x0000000084500000|100%| O|  |TAMS 0x0000000084500000, 0x0000000084400000| Untracked 
|  69|0x0000000084500000, 0x0000000084600000, 0x0000000084600000|100%| O|  |TAMS 0x0000000084600000, 0x0000000084500000| Untracked 
|  70|0x0000000084600000, 0x0000000084700000, 0x0000000084700000|100%| O|  |TAMS 0x0000000084700000, 0x0000000084600000| Untracked 
|  71|0x0000000084700000, 0x0000000084800000, 0x0000000084800000|100%| O|  |TAMS 0x0000000084800000, 0x0000000084700000| Untracked 
|  72|0x0000000084800000, 0x0000000084900000, 0x0000000084900000|100%| O|  |TAMS 0x0000000084900000, 0x0000000084800000| Untracked 
|  73|0x0000000084900000, 0x0000000084a00000, 0x0000000084a00000|100%| O|  |TAMS 0x0000000084a00000, 0x0000000084900000| Untracked 
|  74|0x0000000084a00000, 0x0000000084b00000, 0x0000000084b00000|100%| O|  |TAMS 0x0000000084b00000, 0x0000000084a00000| Untracked 
|  75|0x0000000084b00000, 0x0000000084c00000, 0x0000000084c00000|100%| O|  |TAMS 0x0000000084c00000, 0x0000000084b00000| Untracked 
|  76|0x0000000084c00000, 0x0000000084d00000, 0x0000000084d00000|100%| O|  |TAMS 0x0000000084d00000, 0x0000000084c00000| Untracked 
|  77|0x0000000084d00000, 0x0000000084e00000, 0x0000000084e00000|100%| O|  |TAMS 0x0000000084e00000, 0x0000000084d00000| Untracked 
|  78|0x0000000084e00000, 0x0000000084f00000, 0x0000000084f00000|100%| O|  |TAMS 0x0000000084f00000, 0x0000000084e00000| Untracked 
|  79|0x0000000084f00000, 0x0000000085000000, 0x0000000085000000|100%| O|  |TAMS 0x0000000085000000, 0x0000000084f00000| Untracked 
|  80|0x0000000085000000, 0x0000000085100000, 0x0000000085100000|100%| O|  |TAMS 0x0000000085100000, 0x0000000085000000| Untracked 
|  81|0x0000000085100000, 0x0000000085200000, 0x0000000085200000|100%| O|  |TAMS 0x0000000085200000, 0x0000000085100000| Untracked 
|  82|0x0000000085200000, 0x0000000085300000, 0x0000000085300000|100%| O|  |TAMS 0x0000000085300000, 0x0000000085200000| Untracked 
|  83|0x0000000085300000, 0x0000000085400000, 0x0000000085400000|100%| O|  |TAMS 0x0000000085400000, 0x0000000085300000| Untracked 
|  84|0x0000000085400000, 0x0000000085500000, 0x0000000085500000|100%| O|  |TAMS 0x0000000085500000, 0x0000000085400000| Untracked 
|  85|0x0000000085500000, 0x0000000085600000, 0x0000000085600000|100%| O|  |TAMS 0x0000000085600000, 0x0000000085500000| Untracked 
|  86|0x0000000085600000, 0x0000000085700000, 0x0000000085700000|100%| O|  |TAMS 0x0000000085700000, 0x0000000085600000| Untracked 
|  87|0x0000000085700000, 0x0000000085800000, 0x0000000085800000|100%| O|  |TAMS 0x0000000085800000, 0x0000000085700000| Untracked 
|  88|0x0000000085800000, 0x0000000085900000, 0x0000000085900000|100%| O|  |TAMS 0x0000000085900000, 0x0000000085800000| Untracked 
|  89|0x0000000085900000, 0x0000000085a00000, 0x0000000085a00000|100%| O|  |TAMS 0x0000000085a00000, 0x0000000085900000| Untracked 
|  90|0x0000000085a00000, 0x0000000085b00000, 0x0000000085b00000|100%| O|  |TAMS 0x0000000085b00000, 0x0000000085a00000| Untracked 
|  91|0x0000000085b00000, 0x0000000085c00000, 0x0000000085c00000|100%| O|  |TAMS 0x0000000085c00000, 0x0000000085b00000| Untracked 
|  92|0x0000000085c00000, 0x0000000085d00000, 0x0000000085d00000|100%| O|  |TAMS 0x0000000085d00000, 0x0000000085c00000| Untracked 
|  93|0x0000000085d00000, 0x0000000085e00000, 0x0000000085e00000|100%| O|  |TAMS 0x0000000085e00000, 0x0000000085d00000| Untracked 
|  94|0x0000000085e00000, 0x0000000085f00000, 0x0000000085f00000|100%| O|  |TAMS 0x0000000085f00000, 0x0000000085e00000| Untracked 
|  95|0x0000000085f00000, 0x0000000086000000, 0x0000000086000000|100%| O|  |TAMS 0x0000000086000000, 0x0000000085f00000| Untracked 
|  96|0x0000000086000000, 0x0000000086100000, 0x0000000086100000|100%| O|  |TAMS 0x0000000086100000, 0x0000000086000000| Untracked 
|  97|0x0000000086100000, 0x0000000086200000, 0x0000000086200000|100%| O|  |TAMS 0x0000000086200000, 0x0000000086100000| Untracked 
|  98|0x0000000086200000, 0x0000000086300000, 0x0000000086300000|100%| O|  |TAMS 0x0000000086300000, 0x0000000086200000| Untracked 
|  99|0x0000000086300000, 0x0000000086400000, 0x0000000086400000|100%| O|  |TAMS 0x0000000086400000, 0x0000000086300000| Untracked 
| 100|0x0000000086400000, 0x0000000086500000, 0x0000000086500000|100%| O|  |TAMS 0x0000000086500000, 0x0000000086400000| Untracked 
| 101|0x0000000086500000, 0x0000000086600000, 0x0000000086600000|100%| O|  |TAMS 0x0000000086600000, 0x0000000086500000| Untracked 
| 102|0x0000000086600000, 0x0000000086700000, 0x0000000086700000|100%| O|  |TAMS 0x0000000086700000, 0x0000000086600000| Untracked 
| 103|0x0000000086700000, 0x0000000086800000, 0x0000000086800000|100%| O|  |TAMS 0x0000000086800000, 0x0000000086700000| Untracked 
| 104|0x0000000086800000, 0x0000000086900000, 0x0000000086900000|100%| O|  |TAMS 0x0000000086900000, 0x0000000086800000| Untracked 
| 105|0x0000000086900000, 0x0000000086a00000, 0x0000000086a00000|100%| O|  |TAMS 0x0000000086a00000, 0x0000000086900000| Untracked 
| 106|0x0000000086a00000, 0x0000000086b00000, 0x0000000086b00000|100%| O|  |TAMS 0x0000000086b00000, 0x0000000086a00000| Untracked 
| 107|0x0000000086b00000, 0x0000000086c00000, 0x0000000086c00000|100%| O|  |TAMS 0x0000000086c00000, 0x0000000086b00000| Untracked 
| 108|0x0000000086c00000, 0x0000000086d00000, 0x0000000086d00000|100%| O|  |TAMS 0x0000000086d00000, 0x0000000086c00000| Untracked 
| 109|0x0000000086d00000, 0x0000000086d00000, 0x0000000086e00000|  0%| F|  |TAMS 0x0000000086d00000, 0x0000000086d00000| Untracked 
| 110|0x0000000086e00000, 0x0000000086f00000, 0x0000000086f00000|100%| O|  |TAMS 0x0000000086e00000, 0x0000000086e00000| Untracked 
| 111|0x0000000086f00000, 0x0000000087000000, 0x0000000087000000|100%| O|  |TAMS 0x0000000086f00000, 0x0000000086f00000| Untracked 
| 112|0x0000000087000000, 0x0000000087100000, 0x0000000087100000|100%| O|  |TAMS 0x0000000087000000, 0x0000000087000000| Untracked 
| 113|0x0000000087100000, 0x0000000087100000, 0x0000000087200000|  0%| F|  |TAMS 0x0000000087100000, 0x0000000087100000| Untracked 
| 114|0x0000000087200000, 0x0000000087300000, 0x0000000087300000|100%| O|  |TAMS 0x0000000087300000, 0x0000000087200000| Untracked 
| 115|0x0000000087300000, 0x0000000087400000, 0x0000000087400000|100%| O|  |TAMS 0x0000000087400000, 0x0000000087300000| Untracked 
| 116|0x0000000087400000, 0x0000000087500000, 0x0000000087500000|100%| O|  |TAMS 0x0000000087500000, 0x0000000087400000| Untracked 
| 117|0x0000000087500000, 0x0000000087600000, 0x0000000087600000|100%| O|  |TAMS 0x0000000087600000, 0x0000000087500000| Untracked 
| 118|0x0000000087600000, 0x0000000087700000, 0x0000000087700000|100%| O|  |TAMS 0x0000000087700000, 0x0000000087600000| Untracked 
| 119|0x0000000087700000, 0x0000000087800000, 0x0000000087800000|100%| O|  |TAMS 0x0000000087800000, 0x0000000087700000| Untracked 
| 120|0x0000000087800000, 0x0000000087900000, 0x0000000087900000|100%| O|  |TAMS 0x0000000087900000, 0x0000000087800000| Untracked 
| 121|0x0000000087900000, 0x0000000087a00000, 0x0000000087a00000|100%| O|  |TAMS 0x000000008792e600, 0x0000000087900000| Untracked 
| 122|0x0000000087a00000, 0x0000000087b00000, 0x0000000087b00000|100%| O|  |TAMS 0x0000000087a00000, 0x0000000087a00000| Untracked 
| 123|0x0000000087b00000, 0x0000000087c00000, 0x0000000087c00000|100%| O|  |TAMS 0x0000000087b00000, 0x0000000087b00000| Untracked 
| 124|0x0000000087c00000, 0x0000000087c22e00, 0x0000000087d00000| 13%| O|  |TAMS 0x0000000087c00000, 0x0000000087c00000| Untracked 
| 125|0x0000000087d00000, 0x0000000087d00000, 0x0000000087e00000|  0%| F|  |TAMS 0x0000000087d00000, 0x0000000087d00000| Untracked 
| 126|0x0000000087e00000, 0x0000000087e00000, 0x0000000087f00000|  0%| F|  |TAMS 0x0000000087e00000, 0x0000000087e00000| Untracked 
| 127|0x0000000087f00000, 0x0000000087f00000, 0x0000000088000000|  0%| F|  |TAMS 0x0000000087f00000, 0x0000000087f00000| Untracked 
| 128|0x0000000088000000, 0x0000000088000000, 0x0000000088100000|  0%| F|  |TAMS 0x0000000088000000, 0x0000000088000000| Untracked 
| 129|0x0000000088100000, 0x0000000088100000, 0x0000000088200000|  0%| F|  |TAMS 0x0000000088100000, 0x0000000088100000| Untracked 
| 130|0x0000000088200000, 0x0000000088200000, 0x0000000088300000|  0%| F|  |TAMS 0x0000000088200000, 0x0000000088200000| Untracked 
| 131|0x0000000088300000, 0x0000000088300000, 0x0000000088400000|  0%| F|  |TAMS 0x0000000088300000, 0x0000000088300000| Untracked 
| 132|0x0000000088400000, 0x0000000088400000, 0x0000000088500000|  0%| F|  |TAMS 0x0000000088400000, 0x0000000088400000| Untracked 
| 133|0x0000000088500000, 0x0000000088500000, 0x0000000088600000|  0%| F|  |TAMS 0x0000000088500000, 0x0000000088500000| Untracked 
| 134|0x0000000088600000, 0x0000000088600000, 0x0000000088700000|  0%| F|  |TAMS 0x0000000088600000, 0x0000000088600000| Untracked 
| 135|0x0000000088700000, 0x0000000088700000, 0x0000000088800000|  0%| F|  |TAMS 0x0000000088700000, 0x0000000088700000| Untracked 
| 136|0x0000000088800000, 0x0000000088800000, 0x0000000088900000|  0%| F|  |TAMS 0x0000000088800000, 0x0000000088800000| Untracked 
| 137|0x0000000088900000, 0x0000000088900000, 0x0000000088a00000|  0%| F|  |TAMS 0x0000000088900000, 0x0000000088900000| Untracked 
| 138|0x0000000088a00000, 0x0000000088a00000, 0x0000000088b00000|  0%| F|  |TAMS 0x0000000088a00000, 0x0000000088a00000| Untracked 
| 139|0x0000000088b00000, 0x0000000088b00000, 0x0000000088c00000|  0%| F|  |TAMS 0x0000000088b00000, 0x0000000088b00000| Untracked 
| 140|0x0000000088c00000, 0x0000000088c00000, 0x0000000088d00000|  0%| F|  |TAMS 0x0000000088c00000, 0x0000000088c00000| Untracked 
| 141|0x0000000088d00000, 0x0000000088d00000, 0x0000000088e00000|  0%| F|  |TAMS 0x0000000088d00000, 0x0000000088d00000| Untracked 
| 142|0x0000000088e00000, 0x0000000088e00000, 0x0000000088f00000|  0%| F|  |TAMS 0x0000000088e00000, 0x0000000088e00000| Untracked 
| 143|0x0000000088f00000, 0x0000000088f00000, 0x0000000089000000|  0%| F|  |TAMS 0x0000000088f00000, 0x0000000088f00000| Untracked 
| 144|0x0000000089000000, 0x0000000089000000, 0x0000000089100000|  0%| F|  |TAMS 0x0000000089000000, 0x0000000089000000| Untracked 
| 145|0x0000000089100000, 0x0000000089100000, 0x0000000089200000|  0%| F|  |TAMS 0x0000000089100000, 0x0000000089100000| Untracked 
| 146|0x0000000089200000, 0x0000000089200000, 0x0000000089300000|  0%| F|  |TAMS 0x0000000089200000, 0x0000000089200000| Untracked 
| 147|0x0000000089300000, 0x0000000089300000, 0x0000000089400000|  0%| F|  |TAMS 0x0000000089300000, 0x0000000089300000| Untracked 
| 148|0x0000000089400000, 0x0000000089400000, 0x0000000089500000|  0%| F|  |TAMS 0x0000000089400000, 0x0000000089400000| Untracked 
| 149|0x0000000089500000, 0x0000000089500000, 0x0000000089600000|  0%| F|  |TAMS 0x0000000089500000, 0x0000000089500000| Untracked 
| 150|0x0000000089600000, 0x0000000089600000, 0x0000000089700000|  0%| F|  |TAMS 0x0000000089600000, 0x0000000089600000| Untracked 
| 151|0x0000000089700000, 0x0000000089700000, 0x0000000089800000|  0%| F|  |TAMS 0x0000000089700000, 0x0000000089700000| Untracked 
| 152|0x0000000089800000, 0x0000000089800000, 0x0000000089900000|  0%| F|  |TAMS 0x0000000089800000, 0x0000000089800000| Untracked 
| 153|0x0000000089900000, 0x0000000089900000, 0x0000000089a00000|  0%| F|  |TAMS 0x0000000089900000, 0x0000000089900000| Untracked 
| 154|0x0000000089a00000, 0x0000000089a00000, 0x0000000089b00000|  0%| F|  |TAMS 0x0000000089a00000, 0x0000000089a00000| Untracked 
| 155|0x0000000089b00000, 0x0000000089b00000, 0x0000000089c00000|  0%| F|  |TAMS 0x0000000089b00000, 0x0000000089b00000| Untracked 
| 156|0x0000000089c00000, 0x0000000089c00000, 0x0000000089d00000|  0%| F|  |TAMS 0x0000000089c00000, 0x0000000089c00000| Untracked 
| 157|0x0000000089d00000, 0x0000000089d00000, 0x0000000089e00000|  0%| F|  |TAMS 0x0000000089d00000, 0x0000000089d00000| Untracked 
| 158|0x0000000089e00000, 0x0000000089e00000, 0x0000000089f00000|  0%| F|  |TAMS 0x0000000089e00000, 0x0000000089e00000| Untracked 
| 159|0x0000000089f00000, 0x0000000089f00000, 0x000000008a000000|  0%| F|  |TAMS 0x0000000089f00000, 0x0000000089f00000| Untracked 
| 160|0x000000008a000000, 0x000000008a000000, 0x000000008a100000|  0%| F|  |TAMS 0x000000008a000000, 0x000000008a000000| Untracked 
| 161|0x000000008a100000, 0x000000008a100000, 0x000000008a200000|  0%| F|  |TAMS 0x000000008a100000, 0x000000008a100000| Untracked 
| 162|0x000000008a200000, 0x000000008a200000, 0x000000008a300000|  0%| F|  |TAMS 0x000000008a200000, 0x000000008a200000| Untracked 
| 163|0x000000008a300000, 0x000000008a300000, 0x000000008a400000|  0%| F|  |TAMS 0x000000008a300000, 0x000000008a300000| Untracked 
| 164|0x000000008a400000, 0x000000008a400000, 0x000000008a500000|  0%| F|  |TAMS 0x000000008a400000, 0x000000008a400000| Untracked 
| 165|0x000000008a500000, 0x000000008a500000, 0x000000008a600000|  0%| F|  |TAMS 0x000000008a500000, 0x000000008a500000| Untracked 
| 166|0x000000008a600000, 0x000000008a600000, 0x000000008a700000|  0%| F|  |TAMS 0x000000008a600000, 0x000000008a600000| Untracked 
| 167|0x000000008a700000, 0x000000008a700000, 0x000000008a800000|  0%| F|  |TAMS 0x000000008a700000, 0x000000008a700000| Untracked 
| 168|0x000000008a800000, 0x000000008a800000, 0x000000008a900000|  0%| F|  |TAMS 0x000000008a800000, 0x000000008a800000| Untracked 
| 169|0x000000008a900000, 0x000000008a900000, 0x000000008aa00000|  0%| F|  |TAMS 0x000000008a900000, 0x000000008a900000| Untracked 
| 170|0x000000008aa00000, 0x000000008aa00000, 0x000000008ab00000|  0%| F|  |TAMS 0x000000008aa00000, 0x000000008aa00000| Untracked 
| 171|0x000000008ab00000, 0x000000008ab00000, 0x000000008ac00000|  0%| F|  |TAMS 0x000000008ab00000, 0x000000008ab00000| Untracked 
| 172|0x000000008ac00000, 0x000000008ac00000, 0x000000008ad00000|  0%| F|  |TAMS 0x000000008ac00000, 0x000000008ac00000| Untracked 
| 173|0x000000008ad00000, 0x000000008ad00000, 0x000000008ae00000|  0%| F|  |TAMS 0x000000008ad00000, 0x000000008ad00000| Untracked 
| 174|0x000000008ae00000, 0x000000008ae00000, 0x000000008af00000|  0%| F|  |TAMS 0x000000008ae00000, 0x000000008ae00000| Untracked 
| 175|0x000000008af00000, 0x000000008af00000, 0x000000008b000000|  0%| F|  |TAMS 0x000000008af00000, 0x000000008af00000| Untracked 
| 176|0x000000008b000000, 0x000000008b000000, 0x000000008b100000|  0%| F|  |TAMS 0x000000008b000000, 0x000000008b000000| Untracked 
| 177|0x000000008b100000, 0x000000008b100000, 0x000000008b200000|  0%| F|  |TAMS 0x000000008b100000, 0x000000008b100000| Untracked 
| 178|0x000000008b200000, 0x000000008b200000, 0x000000008b300000|  0%| F|  |TAMS 0x000000008b200000, 0x000000008b200000| Untracked 
| 179|0x000000008b300000, 0x000000008b300000, 0x000000008b400000|  0%| F|  |TAMS 0x000000008b300000, 0x000000008b300000| Untracked 
| 180|0x000000008b400000, 0x000000008b400000, 0x000000008b500000|  0%| F|  |TAMS 0x000000008b400000, 0x000000008b400000| Untracked 
| 181|0x000000008b500000, 0x000000008b500000, 0x000000008b600000|  0%| F|  |TAMS 0x000000008b500000, 0x000000008b500000| Untracked 
| 182|0x000000008b600000, 0x000000008b600000, 0x000000008b700000|  0%| F|  |TAMS 0x000000008b600000, 0x000000008b600000| Untracked 
| 183|0x000000008b700000, 0x000000008b700000, 0x000000008b800000|  0%| F|  |TAMS 0x000000008b700000, 0x000000008b700000| Untracked 
| 184|0x000000008b800000, 0x000000008b800000, 0x000000008b900000|  0%| F|  |TAMS 0x000000008b800000, 0x000000008b800000| Untracked 
| 185|0x000000008b900000, 0x000000008b900000, 0x000000008ba00000|  0%| F|  |TAMS 0x000000008b900000, 0x000000008b900000| Untracked 
| 186|0x000000008ba00000, 0x000000008ba00000, 0x000000008bb00000|  0%| F|  |TAMS 0x000000008ba00000, 0x000000008ba00000| Untracked 
| 187|0x000000008bb00000, 0x000000008bb00000, 0x000000008bc00000|  0%| F|  |TAMS 0x000000008bb00000, 0x000000008bb00000| Untracked 
| 188|0x000000008bc00000, 0x000000008bc00000, 0x000000008bd00000|  0%| F|  |TAMS 0x000000008bc00000, 0x000000008bc00000| Untracked 
| 189|0x000000008bd00000, 0x000000008bd00000, 0x000000008be00000|  0%| F|  |TAMS 0x000000008bd00000, 0x000000008bd00000| Untracked 
| 190|0x000000008be00000, 0x000000008be00000, 0x000000008bf00000|  0%| F|  |TAMS 0x000000008be00000, 0x000000008be00000| Untracked 
| 191|0x000000008bf00000, 0x000000008bf00000, 0x000000008c000000|  0%| F|  |TAMS 0x000000008bf00000, 0x000000008bf00000| Untracked 
| 192|0x000000008c000000, 0x000000008c000000, 0x000000008c100000|  0%| F|  |TAMS 0x000000008c000000, 0x000000008c000000| Untracked 
| 193|0x000000008c100000, 0x000000008c100000, 0x000000008c200000|  0%| F|  |TAMS 0x000000008c100000, 0x000000008c100000| Untracked 
| 194|0x000000008c200000, 0x000000008c200000, 0x000000008c300000|  0%| F|  |TAMS 0x000000008c200000, 0x000000008c200000| Untracked 
| 195|0x000000008c300000, 0x000000008c300000, 0x000000008c400000|  0%| F|  |TAMS 0x000000008c300000, 0x000000008c300000| Untracked 
| 196|0x000000008c400000, 0x000000008c400000, 0x000000008c500000|  0%| F|  |TAMS 0x000000008c400000, 0x000000008c400000| Untracked 
| 197|0x000000008c500000, 0x000000008c500000, 0x000000008c600000|  0%| F|  |TAMS 0x000000008c500000, 0x000000008c500000| Untracked 
| 198|0x000000008c600000, 0x000000008c600000, 0x000000008c700000|  0%| F|  |TAMS 0x000000008c600000, 0x000000008c600000| Untracked 
| 199|0x000000008c700000, 0x000000008c700000, 0x000000008c800000|  0%| F|  |TAMS 0x000000008c700000, 0x000000008c700000| Untracked 
| 200|0x000000008c800000, 0x000000008c800000, 0x000000008c900000|  0%| F|  |TAMS 0x000000008c800000, 0x000000008c800000| Untracked 
| 201|0x000000008c900000, 0x000000008c900000, 0x000000008ca00000|  0%| F|  |TAMS 0x000000008c900000, 0x000000008c900000| Untracked 
| 202|0x000000008ca00000, 0x000000008ca2f008, 0x000000008cb00000| 18%| E|  |TAMS 0x000000008ca00000, 0x000000008ca00000| Complete 
| 203|0x000000008cb00000, 0x000000008cc00000, 0x000000008cc00000|100%| E|CS|TAMS 0x000000008cb00000, 0x000000008cb00000| Complete 
| 204|0x000000008cc00000, 0x000000008cd00000, 0x000000008cd00000|100%| E|CS|TAMS 0x000000008cc00000, 0x000000008cc00000| Complete 
| 205|0x000000008cd00000, 0x000000008ce00000, 0x000000008ce00000|100%| E|CS|TAMS 0x000000008cd00000, 0x000000008cd00000| Complete 
| 206|0x000000008ce00000, 0x000000008cf00000, 0x000000008cf00000|100%| E|CS|TAMS 0x000000008ce00000, 0x000000008ce00000| Complete 
| 207|0x000000008cf00000, 0x000000008d000000, 0x000000008d000000|100%| E|CS|TAMS 0x000000008cf00000, 0x000000008cf00000| Complete 
| 208|0x000000008d000000, 0x000000008d100000, 0x000000008d100000|100%| E|CS|TAMS 0x000000008d000000, 0x000000008d000000| Complete 
| 209|0x000000008d100000, 0x000000008d200000, 0x000000008d200000|100%| E|CS|TAMS 0x000000008d100000, 0x000000008d100000| Complete 
| 210|0x000000008d200000, 0x000000008d300000, 0x000000008d300000|100%| E|CS|TAMS 0x000000008d200000, 0x000000008d200000| Complete 
| 211|0x000000008d300000, 0x000000008d400000, 0x000000008d400000|100%| E|CS|TAMS 0x000000008d300000, 0x000000008d300000| Complete 
| 212|0x000000008d400000, 0x000000008d500000, 0x000000008d500000|100%| E|CS|TAMS 0x000000008d400000, 0x000000008d400000| Complete 
| 213|0x000000008d500000, 0x000000008d5fbd60, 0x000000008d600000| 98%| S|CS|TAMS 0x000000008d500000, 0x000000008d500000| Complete 
| 214|0x000000008d600000, 0x000000008d700000, 0x000000008d700000|100%| E|CS|TAMS 0x000000008d600000, 0x000000008d600000| Complete 
| 215|0x000000008d700000, 0x000000008d800000, 0x000000008d800000|100%| E|CS|TAMS 0x000000008d700000, 0x000000008d700000| Complete 
| 216|0x000000008d800000, 0x000000008d900000, 0x000000008d900000|100%| E|CS|TAMS 0x000000008d800000, 0x000000008d800000| Complete 
| 217|0x000000008d900000, 0x000000008da00000, 0x000000008da00000|100%| E|CS|TAMS 0x000000008d900000, 0x000000008d900000| Complete 
| 218|0x000000008da00000, 0x000000008db00000, 0x000000008db00000|100%| E|CS|TAMS 0x000000008da00000, 0x000000008da00000| Complete 
| 219|0x000000008db00000, 0x000000008dc00000, 0x000000008dc00000|100%| E|CS|TAMS 0x000000008db00000, 0x000000008db00000| Complete 

Card table byte_map: [0x00000290e1150000,0x00000290e1550000] _byte_map_base: 0x00000290e0d50000

Marking Bits (Prev, Next): (CMBitMap*) 0x00000290cdf71628, (CMBitMap*) 0x00000290cdf71660
 Prev Bits: [0x00000290e1950000, 0x00000290e3950000)
 Next Bits: [0x00000290e3950000, 0x00000290e5950000)

Polling page: 0x00000290cd710000

Metaspace:

Usage:
  Non-class:    101.22 MB capacity,    98.90 MB ( 98%) used,     1.98 MB (  2%) free+waste,   350.19 KB ( <1%) overhead. 
      Class:     15.43 MB capacity,    14.17 MB ( 92%) used,     1.10 MB (  7%) free+waste,   160.69 KB (  1%) overhead. 
       Both:    116.65 MB capacity,   113.07 MB ( 97%) used,     3.08 MB (  3%) free+waste,   510.88 KB ( <1%) overhead. 

Virtual space:
  Non-class space:      102.00 MB reserved,     101.42 MB (>99%) committed 
      Class space:        1.00 GB reserved,      15.50 MB (  2%) committed 
             Both:        1.10 GB reserved,     116.92 MB ( 10%) committed 

Chunk freelists:
   Non-Class:  8.00 KB
       Class:  0 bytes
        Both:  8.00 KB

MaxMetaspaceSize: 17179869184.00 GB
CompressedClassSpaceSize: 1.00 GB

CodeHeap 'non-profiled nmethods': size=120000Kb used=11046Kb max_used=11046Kb free=108953Kb
 bounds [0x00000290d94f0000, 0x00000290d9fc0000, 0x00000290e0a20000]
CodeHeap 'profiled nmethods': size=120000Kb used=36499Kb max_used=36499Kb free=83500Kb
 bounds [0x00000290d1fc0000, 0x00000290d4370000, 0x00000290d94f0000]
CodeHeap 'non-nmethods': size=5760Kb used=2342Kb max_used=2418Kb free=3417Kb
 bounds [0x00000290d1a20000, 0x00000290d1ca0000, 0x00000290d1fc0000]
 total_blobs=16943 nmethods=15978 adapters=876
 compilation: enabled
              stopped_count=0, restarted_count=0
 full_count=0

Compilation events (20 events):
Event: 1152.238 Thread 0x00000290e844a800 16088       3       org.gradle.api.internal.file.DefaultFilePropertyFactory$DefaultRegularFileVar::set (6 bytes)
Event: 1152.239 Thread 0x00000290e844a800 nmethod 16088 0x00000290d4339c90 code [0x00000290d4339ee0, 0x00000290d433a868]
Event: 1152.240 Thread 0x00000290e844a800 16089       3       org.gradle.api.internal.tasks.properties.FileParameterUtils::resolveInputFileValue (26 bytes)
Event: 1152.241 Thread 0x00000290e844a800 nmethod 16089 0x00000290d433ab90 code [0x00000290d433ad80, 0x00000290d433b058]
Event: 1152.241 Thread 0x00000290e844a800 16091       3       org.gradle.api.internal.tasks.properties.FileParameterUtils::determineNormalizerForPathSensitivity (79 bytes)
Event: 1152.242 Thread 0x00000290e844a800 nmethod 16091 0x00000290d433b190 code [0x00000290d433b420, 0x00000290d433bf38]
Event: 1152.242 Thread 0x00000290e844a800 16090       3       org.gradle.api.internal.file.DefaultFileCollectionFactory::resolvingLeniently (9 bytes)
Event: 1152.243 Thread 0x00000290e844a800 nmethod 16090 0x00000290d433c310 code [0x00000290d433c520, 0x00000290d433cb68]
Event: 1152.243 Thread 0x00000290e844a800 16094       3       org.gradle.api.internal.AbstractTask::compareTo (36 bytes)
Event: 1152.244 Thread 0x00000290e844a800 nmethod 16094 0x00000290d433cd90 code [0x00000290d433cfa0, 0x00000290d433d428]
Event: 1152.244 Thread 0x00000290e844a800 16092       3       org.gradle.execution.plan.LocalTaskNode::compareTo (9 bytes)
Event: 1152.244 Thread 0x00000290e844a800 nmethod 16092 0x00000290d433d590 code [0x00000290d433d760, 0x00000290d433d988]
Event: 1152.244 Thread 0x00000290e844a800 16093       3       org.gradle.execution.plan.LocalTaskNode::compareTo (48 bytes)
Event: 1152.245 Thread 0x00000290e844a800 nmethod 16093 0x00000290d433da90 code [0x00000290d433dca0, 0x00000290d433e258]
Event: 1152.250 Thread 0x00000290e844a800 16095       3       com.sun.org.apache.xerces.internal.impl.XMLEntityManager::getPropertyDefault (36 bytes)
Event: 1152.250 Thread 0x00000290e844a800 nmethod 16095 0x00000290d433e490 code [0x00000290d433e660, 0x00000290d433e908]
Event: 1152.251 Thread 0x00000290e844a800 16096       3       com.sun.org.apache.xerces.internal.util.ParserConfigurationSettings::checkProperty (51 bytes)
Event: 1152.251 Thread 0x00000290e844a800 nmethod 16096 0x00000290d433ea90 code [0x00000290d433ec80, 0x00000290d433f0b8]
Event: 1152.252 Thread 0x00000290e844a800 16098       1       com.android.repository.api.SchemaModule::getNamespaceVersionMap (5 bytes)
Event: 1152.252 Thread 0x00000290e844a800 nmethod 16098 0x00000290d9fb7210 code [0x00000290d9fb73c0, 0x00000290d9fb7478]

GC Heap History (20 events):
Event: 24.169 GC heap before
{Heap before GC invocations=31 (full 0):
 garbage-first heap   total 187392K, used 153618K [0x0000000080000000, 0x0000000100000000)
  region size 1024K, 60 young (61440K), 7 survivors (7168K)
 Metaspace       used 97536K, capacity 100360K, committed 100524K, reserved 1136640K
  class space    used 12529K, capacity 13550K, committed 13568K, reserved 1048576K
}
Event: 24.181 GC heap after
{Heap after GC invocations=32 (full 0):
 garbage-first heap   total 187392K, used 103161K [0x0000000080000000, 0x0000000100000000)
  region size 1024K, 7 young (7168K), 7 survivors (7168K)
 Metaspace       used 97536K, capacity 100360K, committed 100524K, reserved 1136640K
  class space    used 12529K, capacity 13550K, committed 13568K, reserved 1048576K
}
Event: 26.673 GC heap before
{Heap before GC invocations=32 (full 0):
 garbage-first heap   total 187392K, used 155385K [0x0000000080000000, 0x0000000100000000)
  region size 1024K, 59 young (60416K), 7 survivors (7168K)
 Metaspace       used 104597K, capacity 107444K, committed 107564K, reserved 1142784K
  class space    used 13435K, capacity 14451K, committed 14464K, reserved 1048576K
}
Event: 26.688 GC heap after
{Heap after GC invocations=33 (full 0):
 garbage-first heap   total 187392K, used 107213K [0x0000000080000000, 0x0000000100000000)
  region size 1024K, 7 young (7168K), 7 survivors (7168K)
 Metaspace       used 104597K, capacity 107444K, committed 107564K, reserved 1142784K
  class space    used 13435K, capacity 14451K, committed 14464K, reserved 1048576K
}
Event: 27.954 GC heap before
{Heap before GC invocations=34 (full 0):
 garbage-first heap   total 187392K, used 156365K [0x0000000080000000, 0x0000000100000000)
  region size 1024K, 56 young (57344K), 7 survivors (7168K)
 Metaspace       used 109385K, capacity 112568K, committed 112684K, reserved 1146880K
  class space    used 14013K, capacity 15165K, committed 15232K, reserved 1048576K
}
Event: 27.974 GC heap after
{Heap after GC invocations=35 (full 0):
 garbage-first heap   total 225280K, used 109048K [0x0000000080000000, 0x0000000100000000)
  region size 1024K, 3 young (3072K), 3 survivors (3072K)
 Metaspace       used 109385K, capacity 112568K, committed 112684K, reserved 1146880K
  class space    used 14013K, capacity 15165K, committed 15232K, reserved 1048576K
}
Event: 83.520 GC heap before
{Heap before GC invocations=35 (full 0):
 garbage-first heap   total 225280K, used 176632K [0x0000000080000000, 0x0000000100000000)
  region size 1024K, 70 young (71680K), 3 survivors (3072K)
 Metaspace       used 111199K, capacity 114558K, committed 114604K, reserved 1148928K
  class space    used 14139K, capacity 15352K, committed 15360K, reserved 1048576K
}
Event: 83.542 GC heap after
{Heap after GC invocations=36 (full 0):
 garbage-first heap   total 225280K, used 111570K [0x0000000080000000, 0x0000000100000000)
  region size 1024K, 6 young (6144K), 6 survivors (6144K)
 Metaspace       used 111199K, capacity 114558K, committed 114604K, reserved 1148928K
  class space    used 14139K, capacity 15352K, committed 15360K, reserved 1048576K
}
Event: 86.129 GC heap before
{Heap before GC invocations=37 (full 0):
 garbage-first heap   total 225280K, used 180178K [0x0000000080000000, 0x0000000100000000)
  region size 1024K, 73 young (74752K), 6 survivors (6144K)
 Metaspace       used 111460K, capacity 114575K, committed 115372K, reserved 1148928K
  class space    used 14042K, capacity 15130K, committed 15360K, reserved 1048576K
}
Event: 86.152 GC heap after
{Heap after GC invocations=38 (full 0):
 garbage-first heap   total 225280K, used 116880K [0x0000000080000000, 0x0000000100000000)
  region size 1024K, 10 young (10240K), 10 survivors (10240K)
 Metaspace       used 111460K, capacity 114575K, committed 115372K, reserved 1148928K
  class space    used 14042K, capacity 15130K, committed 15360K, reserved 1048576K
}
Event: 290.545 GC heap before
{Heap before GC invocations=38 (full 0):
 garbage-first heap   total 225280K, used 183440K [0x0000000080000000, 0x0000000100000000)
  region size 1024K, 75 young (76800K), 10 survivors (10240K)
 Metaspace       used 111922K, capacity 115176K, committed 115756K, reserved 1148928K
  class space    used 14074K, capacity 15206K, committed 15488K, reserved 1048576K
}
Event: 290.570 GC heap after
{Heap after GC invocations=39 (full 0):
 garbage-first heap   total 225280K, used 120167K [0x0000000080000000, 0x0000000100000000)
  region size 1024K, 4 young (4096K), 4 survivors (4096K)
 Metaspace       used 111922K, capacity 115176K, committed 115756K, reserved 1148928K
  class space    used 14074K, capacity 15206K, committed 15488K, reserved 1048576K
}
Event: 293.937 GC heap before
{Heap before GC invocations=40 (full 0):
 garbage-first heap   total 225280K, used 184679K [0x0000000080000000, 0x0000000100000000)
  region size 1024K, 68 young (69632K), 4 survivors (4096K)
 Metaspace       used 112471K, capacity 115920K, committed 116268K, reserved 1150976K
  class space    used 14102K, capacity 15296K, committed 15488K, reserved 1048576K
}
Event: 293.949 GC heap after
{Heap after GC invocations=41 (full 0):
 garbage-first heap   total 225280K, used 124745K [0x0000000080000000, 0x0000000100000000)
  region size 1024K, 8 young (8192K), 8 survivors (8192K)
 Metaspace       used 112471K, capacity 115920K, committed 116268K, reserved 1150976K
  class space    used 14102K, capacity 15296K, committed 15488K, reserved 1048576K
}
Event: 1131.634 GC heap before
{Heap before GC invocations=41 (full 0):
 garbage-first heap   total 225280K, used 187209K [0x0000000080000000, 0x0000000100000000)
  region size 1024K, 70 young (71680K), 8 survivors (8192K)
 Metaspace       used 113765K, capacity 117312K, committed 117676K, reserved 1150976K
  class space    used 14236K, capacity 15489K, committed 15616K, reserved 1048576K
}
Event: 1131.665 GC heap after
{Heap after GC invocations=42 (full 0):
 garbage-first heap   total 225280K, used 129716K [0x0000000080000000, 0x0000000100000000)
  region size 1024K, 6 young (6144K), 6 survivors (6144K)
 Metaspace       used 113765K, capacity 117312K, committed 117676K, reserved 1150976K
  class space    used 14236K, capacity 15489K, committed 15616K, reserved 1048576K
}
Event: 1151.801 GC heap before
{Heap before GC invocations=43 (full 0):
 garbage-first heap   total 225280K, used 185012K [0x0000000080000000, 0x0000000100000000)
  region size 1024K, 63 young (64512K), 6 survivors (6144K)
 Metaspace       used 115638K, capacity 119267K, committed 119468K, reserved 1153024K
  class space    used 14504K, capacity 15791K, committed 15872K, reserved 1048576K
}
Event: 1151.813 GC heap after
{Heap after GC invocations=44 (full 0):
 garbage-first heap   total 225280K, used 127692K [0x0000000080000000, 0x0000000100000000)
  region size 1024K, 5 young (5120K), 5 survivors (5120K)
 Metaspace       used 115638K, capacity 119267K, committed 119468K, reserved 1153024K
  class space    used 14504K, capacity 15791K, committed 15872K, reserved 1048576K
}
Event: 1151.950 GC heap before
{Heap before GC invocations=44 (full 0):
 garbage-first heap   total 225280K, used 132812K [0x0000000080000000, 0x0000000100000000)
  region size 1024K, 11 young (11264K), 5 survivors (5120K)
 Metaspace       used 115644K, capacity 119267K, committed 119468K, reserved 1153024K
  class space    used 14504K, capacity 15791K, committed 15872K, reserved 1048576K
}
Event: 1151.959 GC heap after
{Heap after GC invocations=45 (full 0):
 garbage-first heap   total 225280K, used 126074K [0x0000000080000000, 0x0000000100000000)
  region size 1024K, 1 young (1024K), 1 survivors (1024K)
 Metaspace       used 115644K, capacity 119267K, committed 119468K, reserved 1153024K
  class space    used 14504K, capacity 15791K, committed 15872K, reserved 1048576K
}

Deoptimization events (20 events):
Event: 1135.317 Thread 0x00000290ee0fc000 DEOPT PACKING pc=0x00000290d9f7e31c sp=0x000000a8efafc240
Event: 1135.317 Thread 0x00000290ee0fc000 DEOPT UNPACKING pc=0x00000290d1a478af sp=0x000000a8efafc0e8 mode 2
Event: 1135.547 Thread 0x00000290ee0fe800 DEOPT PACKING pc=0x00000290d428e957 sp=0x000000a8ee1fdba0
Event: 1135.547 Thread 0x00000290ee0fe800 DEOPT UNPACKING pc=0x00000290d1a476ce sp=0x000000a8ee1fd108 mode 0
Event: 1151.634 Thread 0x00000290ee0fe800 DEOPT PACKING pc=0x00000290d428e957 sp=0x000000a8ee1fd410
Event: 1151.634 Thread 0x00000290ee0fe800 DEOPT UNPACKING pc=0x00000290d1a476ce sp=0x000000a8ee1fc978 mode 0
Event: 1151.650 Thread 0x00000290ebd86000 Uncommon trap: trap_request=0xffffff4d fr.pc=0x00000290d9d165ec relative=0x000000000000046c
Event: 1151.650 Thread 0x00000290ebd86000 Uncommon trap: reason=unstable_if action=reinterpret pc=0x00000290d9d165ec method=org.gradle.internal.logging.sink.OutputEventRenderer.onOutput(Lorg/gradle/internal/logging/events/OutputEvent;)V @ 24 c2
Event: 1151.650 Thread 0x00000290ebd86000 DEOPT PACKING pc=0x00000290d9d165ec sp=0x000000a8efcfe7b0
Event: 1151.650 Thread 0x00000290ebd86000 DEOPT UNPACKING pc=0x00000290d1a478af sp=0x000000a8efcfe6f8 mode 2
Event: 1151.994 Thread 0x00000290ee0fc000 Uncommon trap: trap_request=0xfffffff4 fr.pc=0x00000290d9c4fc08 relative=0x0000000000000548
Event: 1151.994 Thread 0x00000290ee0fc000 Uncommon trap: reason=null_check action=make_not_entrant pc=0x00000290d9c4fc08 method=java.lang.ThreadLocal$ThreadLocalMap.expungeStaleEntry(I)I @ 51 c2
Event: 1151.994 Thread 0x00000290ee0fc000 DEOPT PACKING pc=0x00000290d9c4fc08 sp=0x000000a8efafaa90
Event: 1151.994 Thread 0x00000290ee0fc000 DEOPT UNPACKING pc=0x00000290d1a478af sp=0x000000a8efafaa30 mode 2
Event: 1152.071 Thread 0x00000290ee0fc000 DEOPT PACKING pc=0x00000290d25b3a91 sp=0x000000a8efaf9390
Event: 1152.071 Thread 0x00000290ee0fc000 DEOPT UNPACKING pc=0x00000290d1a476ce sp=0x000000a8efaf8868 mode 0
Event: 1152.251 Thread 0x00000290ee0fc000 DEOPT PACKING pc=0x00000290d38895b0 sp=0x000000a8efafa3a0
Event: 1152.251 Thread 0x00000290ee0fc000 DEOPT UNPACKING pc=0x00000290d1a476ce sp=0x000000a8efaf98c0 mode 0
Event: 1152.253 Thread 0x00000290ee0fc000 DEOPT PACKING pc=0x00000290d38895b0 sp=0x000000a8efafa2a0
Event: 1152.253 Thread 0x00000290ee0fc000 DEOPT UNPACKING pc=0x00000290d1a476ce sp=0x000000a8efaf97e0 mode 0

Classes redefined (0 events):
No events

Internal exceptions (20 events):
Event: 1131.968 Thread 0x00000290ee0fc000 Implicit null exception at 0x00000290d9f11aad to 0x00000290d9f124fc
Event: 1131.979 Thread 0x00000290ee0fc000 Exception <a 'java/lang/NoSuchMethodError'{0x000000008cdd8928}: <clinit>> (0x000000008cdd8928) thrown at [./src/hotspot/share/prims/jni.cpp, line 1362]
Event: 1131.988 Thread 0x00000290ee0fc000 Exception <a 'sun/nio/fs/WindowsException'{0x000000008cc41820}> (0x000000008cc41820) thrown at [./src/hotspot/share/prims/jni.cpp, line 615]
Event: 1132.055 Thread 0x00000290ee0fa000 Exception <a 'java/lang/NoSuchMethodError'{0x000000008db07b98}: <clinit>> (0x000000008db07b98) thrown at [./src/hotspot/share/prims/jni.cpp, line 1362]
Event: 1132.056 Thread 0x00000290ee0fa000 Exception <a 'java/lang/NoSuchMethodError'{0x000000008ca296e0}: <clinit>> (0x000000008ca296e0) thrown at [./src/hotspot/share/prims/jni.cpp, line 1362]
Event: 1132.060 Thread 0x00000290ee0fa000 Exception <a 'java/lang/NoSuchMethodError'{0x000000008ca52558}: <clinit>> (0x000000008ca52558) thrown at [./src/hotspot/share/prims/jni.cpp, line 1362]
Event: 1132.063 Thread 0x00000290ee0fa000 Exception <a 'java/lang/NoSuchMethodError'{0x000000008ca81578}: <clinit>> (0x000000008ca81578) thrown at [./src/hotspot/share/prims/jni.cpp, line 1362]
Event: 1132.063 Thread 0x00000290ee0fa000 Exception <a 'java/lang/NoSuchMethodError'{0x000000008ca82850}: <clinit>> (0x000000008ca82850) thrown at [./src/hotspot/share/prims/jni.cpp, line 1362]
Event: 1132.098 Thread 0x00000290eca3b000 Exception <a 'java/lang/NoSuchMethodError'{0x000000008c8f0168}: <clinit>> (0x000000008c8f0168) thrown at [./src/hotspot/share/prims/jni.cpp, line 1362]
Event: 1132.100 Thread 0x00000290eca3b000 Exception <a 'java/lang/NoSuchMethodError'{0x000000008c7089e8}: <clinit>> (0x000000008c7089e8) thrown at [./src/hotspot/share/prims/jni.cpp, line 1362]
Event: 1132.102 Thread 0x00000290eca3b000 Exception <a 'java/lang/NoSuchMethodError'{0x000000008c757408}: <clinit>> (0x000000008c757408) thrown at [./src/hotspot/share/prims/jni.cpp, line 1362]
Event: 1132.130 Thread 0x00000290ee0fa000 Exception <a 'java/lang/NoSuchMethodError'{0x000000008c6b3a68}: <clinit>> (0x000000008c6b3a68) thrown at [./src/hotspot/share/prims/jni.cpp, line 1362]
Event: 1134.664 Thread 0x00000290ee0fa000 Exception <a 'java/lang/NoSuchMethodError'{0x000000008bab7a40}: <clinit>> (0x000000008bab7a40) thrown at [./src/hotspot/share/prims/jni.cpp, line 1362]
Event: 1134.671 Thread 0x00000290ee0fa000 Exception <a 'java/lang/NoSuchMethodError'{0x000000008badb148}: <clinit>> (0x000000008badb148) thrown at [./src/hotspot/share/prims/jni.cpp, line 1362]
Event: 1134.672 Thread 0x00000290ee0fa000 Exception <a 'java/lang/NoSuchMethodError'{0x000000008baed168}: <clinit>> (0x000000008baed168) thrown at [./src/hotspot/share/prims/jni.cpp, line 1362]
Event: 1135.101 Thread 0x00000290ebd86000 Exception <a 'sun/nio/fs/WindowsException'{0x000000008ad80360}> (0x000000008ad80360) thrown at [./src/hotspot/share/prims/jni.cpp, line 615]
Event: 1151.994 Thread 0x00000290ee0fc000 Implicit null exception at 0x00000290d9c4f771 to 0x00000290d9c4fbe8
Event: 1152.055 Thread 0x00000290ee0fc000 Exception <a 'sun/nio/fs/WindowsException'{0x000000008d49c3e0}> (0x000000008d49c3e0) thrown at [./src/hotspot/share/prims/jni.cpp, line 615]
Event: 1152.152 Thread 0x00000290ee0fc000 Exception <a 'java/lang/NoClassDefFoundError'{0x000000008d1a6978}: org/jetbrains/kotlin/gradle/plugin/KotlinBasePluginWrapper> (0x000000008d1a6978) thrown at [./src/hotspot/share/oops/constantPool.cpp, line 775]
Event: 1152.246 Thread 0x00000290ee0fc000 Exception <a 'sun/nio/fs/WindowsException'{0x000000008ce11ad8}> (0x000000008ce11ad8) thrown at [./src/hotspot/share/prims/jni.cpp, line 615]

Events (20 events):
Event: 1151.827 Executing VM operation: RevokeBias
Event: 1151.827 Executing VM operation: RevokeBias done
Event: 1151.827 Executing VM operation: RevokeBias
Event: 1151.827 Executing VM operation: RevokeBias done
Event: 1151.926 Thread 0x00000290ee100800 Thread added: 0x00000290ee100800
Event: 1151.926 Thread 0x00000290ee0fd800 Thread added: 0x00000290ee0fd800
Event: 1151.926 Thread 0x00000290ee0fb000 Thread added: 0x00000290ee0fb000
Event: 1151.927 Thread 0x00000290ee105800 Thread added: 0x00000290ee105800
Event: 1151.927 Thread 0x00000290ee105000 Thread added: 0x00000290ee105000
Event: 1151.927 Thread 0x00000290ee106800 Thread added: 0x00000290ee106800
Event: 1151.927 Thread 0x00000290ee104000 Thread added: 0x00000290ee104000
Event: 1151.928 Thread 0x00000290ee107800 Thread added: 0x00000290ee107800
Event: 1151.928 Executing VM operation: RevokeBias
Event: 1151.929 Executing coalesced safepoint VM operation: RevokeBias
Event: 1151.929 Executing coalesced safepoint VM operation: RevokeBias done
Event: 1151.929 Executing VM operation: RevokeBias done
Event: 1151.950 Executing VM operation: G1CollectForAllocation
Event: 1151.959 Executing VM operation: G1CollectForAllocation done
Event: 1152.235 Executing VM operation: BulkRevokeBias
Event: 1152.237 Executing VM operation: BulkRevokeBias done


Dynamic libraries:
0x00007ff6fd790000 - 0x00007ff6fd79a000 	C:\Program Files\Android\Android Studio\jre\bin\java.exe
0x00007ffcae5e0000 - 0x00007ffcae7e7000 	C:\WINDOWS\SYSTEM32\ntdll.dll
0x00007ffcace40000 - 0x00007ffcacefd000 	C:\WINDOWS\System32\KERNEL32.DLL
0x00007ffcabac0000 - 0x00007ffcabe34000 	C:\WINDOWS\System32\KERNELBASE.dll
0x00007ffcac350000 - 0x00007ffcac461000 	C:\WINDOWS\System32\ucrtbase.dll
0x00007ffca7790000 - 0x00007ffca77a9000 	C:\Program Files\Android\Android Studio\jre\bin\jli.dll
0x00007ffc9d130000 - 0x00007ffc9d147000 	C:\Program Files\Android\Android Studio\jre\bin\VCRUNTIME140.dll
0x00007ffcadd00000 - 0x00007ffcadeac000 	C:\WINDOWS\System32\USER32.dll
0x00007ffcabeb0000 - 0x00007ffcabed6000 	C:\WINDOWS\System32\win32u.dll
0x00007ffcae010000 - 0x00007ffcae039000 	C:\WINDOWS\System32\GDI32.dll
0x00007ffc93b90000 - 0x00007ffc93e35000 	C:\WINDOWS\WinSxS\amd64_microsoft.windows.common-controls_6595b64144ccf1df_6.0.22000.120_none_9d947278b86cc467\COMCTL32.dll
0x00007ffcabee0000 - 0x00007ffcabff2000 	C:\WINDOWS\System32\gdi32full.dll
0x00007ffcad860000 - 0x00007ffcad903000 	C:\WINDOWS\System32\msvcrt.dll
0x00007ffcac2b0000 - 0x00007ffcac34d000 	C:\WINDOWS\System32\msvcp_win.dll
0x00007ffcae2a0000 - 0x00007ffcae2d1000 	C:\WINDOWS\System32\IMM32.DLL
0x00007ffc9c7b0000 - 0x00007ffc9c84d000 	C:\Program Files\Android\Android Studio\jre\bin\msvcp140.dll
0x00007ffc6ca40000 - 0x00007ffc6d50f000 	C:\Program Files\Android\Android Studio\jre\bin\server\jvm.dll
0x00007ffcacd20000 - 0x00007ffcacdcc000 	C:\WINDOWS\System32\ADVAPI32.dll
0x00007ffcae040000 - 0x00007ffcae0dd000 	C:\WINDOWS\System32\sechost.dll
0x00007ffcacf60000 - 0x00007ffcad081000 	C:\WINDOWS\System32\RPCRT4.dll
0x00007ffcaccf0000 - 0x00007ffcaccf8000 	C:\WINDOWS\System32\PSAPI.DLL
0x00007ffca6120000 - 0x00007ffca6153000 	C:\WINDOWS\SYSTEM32\WINMM.dll
0x00007ffc8b4b0000 - 0x00007ffc8b4b9000 	C:\WINDOWS\SYSTEM32\WSOCK32.dll
0x00007ffca3b00000 - 0x00007ffca3b0a000 	C:\WINDOWS\SYSTEM32\VERSION.dll
0x00007ffcacdd0000 - 0x00007ffcace3f000 	C:\WINDOWS\System32\WS2_32.dll
0x00007ffcaaba0000 - 0x00007ffcaabb8000 	C:\WINDOWS\SYSTEM32\kernel.appcore.dll
0x00007ffc80840000 - 0x00007ffc80851000 	C:\Program Files\Android\Android Studio\jre\bin\verify.dll
0x00007ffca9640000 - 0x00007ffca9861000 	C:\WINDOWS\SYSTEM32\DBGHELP.DLL
0x00007ffc9eb30000 - 0x00007ffc9eb61000 	C:\WINDOWS\SYSTEM32\dbgcore.DLL
0x00007ffcac000000 - 0x00007ffcac080000 	C:\WINDOWS\System32\bcryptPrimitives.dll
0x00007ffc79e80000 - 0x00007ffc79ea9000 	C:\Program Files\Android\Android Studio\jre\bin\java.dll
0x00007ffc85e90000 - 0x00007ffc85e9b000 	C:\Program Files\Android\Android Studio\jre\bin\jimage.dll
0x00007ffc80530000 - 0x00007ffc80548000 	C:\Program Files\Android\Android Studio\jre\bin\zip.dll
0x00007ffcad0a0000 - 0x00007ffcad84a000 	C:\WINDOWS\System32\SHELL32.dll
0x00007ffca9c20000 - 0x00007ffcaa482000 	C:\WINDOWS\SYSTEM32\windows.storage.dll
0x00007ffcad980000 - 0x00007ffcadcf8000 	C:\WINDOWS\System32\combase.dll
0x00007ffca9ab0000 - 0x00007ffca9c16000 	C:\WINDOWS\SYSTEM32\wintypes.dll
0x00007ffcacb80000 - 0x00007ffcacc6a000 	C:\WINDOWS\System32\SHCORE.dll
0x00007ffcadf90000 - 0x00007ffcadfed000 	C:\WINDOWS\System32\shlwapi.dll
0x00007ffcab9f0000 - 0x00007ffcaba11000 	C:\WINDOWS\SYSTEM32\profapi.dll
0x00007ffc7efa0000 - 0x00007ffc7efba000 	C:\Program Files\Android\Android Studio\jre\bin\net.dll
0x00007ffca5c70000 - 0x00007ffca5d7c000 	C:\WINDOWS\SYSTEM32\WINHTTP.dll
0x00007ffcaafb0000 - 0x00007ffcab017000 	C:\WINDOWS\system32\mswsock.dll
0x00007ffc7b9c0000 - 0x00007ffc7b9d4000 	C:\Program Files\Android\Android Studio\jre\bin\nio.dll
0x00007ffca7400000 - 0x00007ffca7427000 	C:\Users\uzach\.gradle\native\8bec1ad78214c89d9ad589b4d07fe93259594b29d510b10fafb7a158f7737e5d\windows-amd64\native-platform.dll
0x00007ffc9b9a0000 - 0x00007ffc9badd000 	C:\Users\uzach\.gradle\native\53dbd7edfb1c66fb8903c78663c9afc45aea4f116125fa6feffd364cf09443e8\windows-amd64\native-platform-file-events.dll
0x00007ffc806f0000 - 0x00007ffc806fa000 	C:\Program Files\Android\Android Studio\jre\bin\management.dll
0x00007ffc79e70000 - 0x00007ffc79e7c000 	C:\Program Files\Android\Android Studio\jre\bin\management_ext.dll
0x00007ffcab1c0000 - 0x00007ffcab1d8000 	C:\WINDOWS\SYSTEM32\CRYPTSP.dll
0x00007ffcaab00000 - 0x00007ffcaab35000 	C:\WINDOWS\system32\rsaenh.dll
0x00007ffcab070000 - 0x00007ffcab099000 	C:\WINDOWS\SYSTEM32\USERENV.dll
0x00007ffcab3b0000 - 0x00007ffcab3d7000 	C:\WINDOWS\SYSTEM32\bcrypt.dll
0x00007ffcab1e0000 - 0x00007ffcab1ec000 	C:\WINDOWS\SYSTEM32\CRYPTBASE.dll
0x00007ffcaa720000 - 0x00007ffcaa74d000 	C:\WINDOWS\SYSTEM32\IPHLPAPI.DLL
0x00007ffcad850000 - 0x00007ffcad859000 	C:\WINDOWS\System32\NSI.dll
0x00007ffca58f0000 - 0x00007ffca5909000 	C:\WINDOWS\SYSTEM32\dhcpcsvc6.DLL
0x00007ffca6100000 - 0x00007ffca611e000 	C:\WINDOWS\SYSTEM32\dhcpcsvc.DLL
0x00007ffcaa750000 - 0x00007ffcaa837000 	C:\WINDOWS\SYSTEM32\DNSAPI.dll
0x00007ffc67bb0000 - 0x00007ffc67bd7000 	C:\Program Files\Android\Android Studio\jre\bin\sunec.dll
0x00007ffc9d7c0000 - 0x00007ffc9d7ca000 	C:\Windows\System32\rasadhlp.dll
0x00007ffca3b10000 - 0x00007ffca3b91000 	C:\WINDOWS\System32\fwpuclnt.dll

dbghelp: loaded successfully - version: 4.0.5 - missing functions: none
symbol engine: initialized successfully - sym options: 0x614 - pdb path: .;C:\Program Files\Android\Android Studio\jre\bin;C:\WINDOWS\SYSTEM32;C:\WINDOWS\WinSxS\amd64_microsoft.windows.common-controls_6595b64144ccf1df_6.0.22000.120_none_9d947278b86cc467;C:\Program Files\Android\Android Studio\jre\bin\server;C:\Users\uzach\.gradle\native\8bec1ad78214c89d9ad589b4d07fe93259594b29d510b10fafb7a158f7737e5d\windows-amd64;C:\Users\uzach\.gradle\native\53dbd7edfb1c66fb8903c78663c9afc45aea4f116125fa6feffd364cf09443e8\windows-amd64

VM Arguments:
jvm_args: --add-opens=java.base/java.util=ALL-UNNAMED --add-opens=java.base/java.lang=ALL-UNNAMED --add-opens=java.base/java.lang.invoke=ALL-UNNAMED --add-opens=java.base/java.util=ALL-UNNAMED --add-opens=java.prefs/java.util.prefs=ALL-UNNAMED --add-opens=java.prefs/java.util.prefs=ALL-UNNAMED --add-opens=java.base/java.nio.charset=ALL-UNNAMED --add-opens=java.base/java.net=ALL-UNNAMED --add-opens=java.base/java.util.concurrent.atomic=ALL-UNNAMED -Xmx2048m -Dfile.encoding=UTF-8 -Duser.country=KR -Duser.language=ko -Duser.variant 
java_command: org.gradle.launcher.daemon.bootstrap.GradleDaemon 7.0.2
java_class_path (initial): C:\Users\uzach\.gradle\wrapper\dists\gradle-7.0.2-bin\857tjihv64xamwrf0h14cai3r\gradle-7.0.2\lib\gradle-launcher-7.0.2.jar
Launcher Type: SUN_STANDARD

[Global flags]
     intx CICompilerCount                          = 4                                         {product} {ergonomic}
     uint ConcGCThreads                            = 2                                         {product} {ergonomic}
     uint G1ConcRefinementThreads                  = 8                                         {product} {ergonomic}
   size_t G1HeapRegionSize                         = 1048576                                   {product} {ergonomic}
    uintx GCDrainStackTargetSize                   = 64                                        {product} {ergonomic}
   size_t InitialHeapSize                          = 132120576                                 {product} {ergonomic}
   size_t MarkStackSize                            = 4194304                                   {product} {ergonomic}
   size_t MaxHeapSize                              = 2147483648                                {product} {command line}
   size_t MaxNewSize                               = 1287651328                                {product} {ergonomic}
   size_t MinHeapDeltaBytes                        = 1048576                                   {product} {ergonomic}
    uintx NonNMethodCodeHeapSize                   = 5836300                                {pd product} {ergonomic}
    uintx NonProfiledCodeHeapSize                  = 122910970                              {pd product} {ergonomic}
    uintx ProfiledCodeHeapSize                     = 122910970                              {pd product} {ergonomic}
    uintx ReservedCodeCacheSize                    = 251658240                              {pd product} {ergonomic}
     bool SegmentedCodeCache                       = true                                      {product} {ergonomic}
     bool UseCompressedClassPointers               = true                                 {lp64_product} {ergonomic}
     bool UseCompressedOops                        = true                                 {lp64_product} {ergonomic}
     bool UseG1GC                                  = true                                      {product} {ergonomic}
     bool UseLargePagesIndividualAllocation        = false                                  {pd product} {ergonomic}

Logging:
Log output configuration:
 #0: stdout all=warning uptime,level,tags
 #1: stderr all=off uptime,level,tags

Environment Variables:
JAVA_HOME=C:\Program Files\Java\jdk-17.0.1
PATH=C:\Program Files\Java\jdk-17.0.1\bin\;C:\Program Files\Common Files\Oracle\Java\javapath;C:\Program Files (x86)\Common Files\Oracle\Java\javapath;C:\Program Files (x86)\ActiveState Komodo IDE 12\C:\WINDOWS\system32C:\WINDOWSC:\WINDOWS\System64\Wbem;C:\Program Files (x86)\Intel\Intel(R) Management Engine Components\iCLS\;C:\Program Files\Intel\Intel(R) Management Engine Components\iCLS\;C:\WINDOWS\system32;C:\WINDOWS;C:\WINDOWS\System32\Wbem;C:\WINDOWS\System32\WindowsPowerShell\v1.0\;C:\WINDOWS\System32\OpenSSH\;C:\Program Files (x86)\Intel\Intel(R) Management Engine Components\DAL;C:\Program Files\Intel\Intel(R) Management Engine Components\DAL;C:\Users\uzach\AppData\Local\Android\Sdk\platform-tools;C:\Linux\Git\cmd;C:\Users\uzach\AppData\Local\Programs\Python\Python38\Scripts\;C:\Users\uzach\AppData\Local\Programs\Python\Python38\;C:\Users\uzach\anaconda3\Scripts\;C:\Users\uzach\anaconda3\;C:\Users\uzach\AppData\Local\Programs\Python\Python39\Scripts\;C:\Users\uzach\AppData\Local\Programs\Python\Python39\;C:\Program Files (x86)\Intel\Intel(R) Management Engine Components\iCLS\;C:\Program Files\Intel\Intel(R) Management Engine Components\iCLS\;C:\WINDOWS\system32;C:\WINDOWS;C:\WINDOWS\System32\Wbem;C:\WINDOWS\System32\WindowsPowerShell\v1.0\;C:\WINDOWS\System32\OpenSSH\;C:\Program Files (x86)\Intel\Intel(R) Management Engine Components\DAL;C:\Program Files\Intel\Intel(R) Management Engine Components\DAL;C:\Users\uzach\AppData\Local\Programs\Microsoft VS Code\bin;C:\Users\uzach\.dotnet\tools;C:\Program Files\2019.4.17f1\Editor\Data\PlaybackEngines\AndroidPlayer\OpenJDK\bin;C:\Users\uzach\AppData\Local\Microsoft\WindowsApps;
USERNAME=uzach
OS=Windows_NT
PROCESSOR_IDENTIFIER=Intel64 Family 6 Model 142 Stepping 11, GenuineIntel



---------------  S Y S T E M  ---------------

OS: Windows 10 , 64 bit Build 22000 (10.0.22000.318)
OS uptime: 0 days 0:35 hours
Hyper-V role detected

CPU:total 8 (initial active 8) (4 cores per cpu, 2 threads per core) family 6 model 142 stepping 11 microcode 0xde, cmov, cx8, fxsr, mmx, sse, sse2, sse3, ssse3, sse4.1, sse4.2, popcnt, avx, avx2, aes, clmul, erms, 3dnowpref, lzcnt, ht, tsc, tscinvbit, bmi1, bmi2, adx, fma

Memory: 4k page, system-wide physical 7986M (246M free)
TotalPageFile size 7986M (AvailPageFile size 4M)
current process WorkingSet (physical memory assigned to process): 526M, peak: 549M
current process commit charge ("private bytes"): 561M, peak: 582M

vm_info: OpenJDK 64-Bit Server VM (11.0.10+0-b96-7249189) for windows-amd64 JRE (11.0.10+0-b96-7249189), built on Mar 31 2021 21:44:00 by "builder" with MS VC++ 14.0 (VS2015)

END.
