#
# There is insufficient memory for the Java Runtime Environment to continue.
# Native memory allocation (malloc) failed to allocate 1086256 bytes for Chunk::new
# Possible reasons:
#   The system is out of physical RAM or swap space
#   The process is running with CompressedOops enabled, and the Java Heap may be blocking the growth of the native heap
# Possible solutions:
#   Reduce memory load on the system
#   Increase physical memory or swap space
#   Check if swap backing store is full
#   Decrease Java heap size (-Xmx/-Xms)
#   Decrease number of Java threads
#   Decrease Java thread stack sizes (-Xss)
#   Set larger code cache with -XX:ReservedCodeCacheSize=
#   JVM is running with Unscaled Compressed Oops mode in which the Java heap is
#     placed in the first 4GB address space. The Java Heap base address is the
#     maximum limit for the native heap growth. Please use -XX:HeapBaseMinAddress
#     to set the Java Heap base and to place the Java Heap above 4GB virtual address.
# This output file may be truncated or incomplete.
#
#  Out of Memory Error (./src/hotspot/share/memory/arena.cpp:197), pid=1848, tid=18236
#
# JRE version: OpenJDK Runtime Environment (11.0.10) (build 11.0.10+0-b96-7249189)
# Java VM: OpenJDK 64-Bit Server VM (11.0.10+0-b96-7249189, mixed mode, tiered, compressed oops, g1 gc, windows-amd64)
# No core dump will be written. Minidumps are not enabled by default on client versions of Windows
#

---------------  S U M M A R Y ------------

Command Line: --add-opens=java.base/java.util=ALL-UNNAMED --add-opens=java.base/java.lang=ALL-UNNAMED --add-opens=java.base/java.lang.invoke=ALL-UNNAMED --add-opens=java.base/java.util=ALL-UNNAMED --add-opens=java.prefs/java.util.prefs=ALL-UNNAMED --add-opens=java.prefs/java.util.prefs=ALL-UNNAMED --add-opens=java.base/java.nio.charset=ALL-UNNAMED --add-opens=java.base/java.net=ALL-UNNAMED --add-opens=java.base/java.util.concurrent.atomic=ALL-UNNAMED -Xmx2048m -Dfile.encoding=UTF-8 -Duser.country=KR -Duser.language=ko -Duser.variant org.gradle.launcher.daemon.bootstrap.GradleDaemon 7.0.2

Host: Intel(R) Core(TM) i5-8265U CPU @ 1.60GHz, 8 cores, 7G,  Windows 10 , 64 bit Build 22000 (10.0.22000.318)
Time: Mon Nov 15 17:40:50 2021 대한민국 표준시 elapsed time: 27.719716 seconds (0d 0h 0m 27s)

---------------  T H R E A D  ---------------

Current thread (0x000001fdcaab8800):  JavaThread "C2 CompilerThread0" daemon [_thread_in_native, id=18236, stack(0x00000075dbf00000,0x00000075dc000000)]


Current CompileTask:
C2:  27720 15780       4       sun.invoke.util.VerifyAccess::isClassAccessible (182 bytes)

Stack: [0x00000075dbf00000,0x00000075dc000000]
Native frames: (J=compiled Java code, j=interpreted, Vv=VM code, C=native code)
V  [jvm.dll+0x5ecfaa]
V  [jvm.dll+0x722bd5]
V  [jvm.dll+0x72412d]
V  [jvm.dll+0x7247e3]
V  [jvm.dll+0x242928]
V  [jvm.dll+0xbc4fc]
V  [jvm.dll+0xbca0c]
V  [jvm.dll+0x352d7d]
V  [jvm.dll+0x197e0c]
V  [jvm.dll+0x1fb70e]
V  [jvm.dll+0x1fa7f4]
V  [jvm.dll+0x18354c]
V  [jvm.dll+0x208ee7]
V  [jvm.dll+0x207731]
V  [jvm.dll+0x6eb1cf]
V  [jvm.dll+0x6e3d45]
V  [jvm.dll+0x5ebe96]
C  [ucrtbase.dll+0x26c0c]
C  [KERNEL32.DLL+0x154e0]
C  [ntdll.dll+0x485b]


---------------  P R O C E S S  ---------------

Threads class SMR info:
_java_thread_list=0x000001fdce627ff0, length=75, elements={
0x000001fdb060e000, 0x000001fdcaa84800, 0x000001fdcaa87800, 0x000001fdcaab5000,
0x000001fdcaab6800, 0x000001fdcaab7800, 0x000001fdcaab8800, 0x000001fdcb3a1000,
0x000001fdcb3a3000, 0x000001fdcb50c000, 0x000001fdcdb22800, 0x000001fdcdb22000,
0x000001fdcdb23800, 0x000001fdcdb24800, 0x000001fdcdb25000, 0x000001fdcdb26000,
0x000001fdcdb20800, 0x000001fdcdb27000, 0x000001fdcdb21000, 0x000001fdcdd27000,
0x000001fdcdd26000, 0x000001fdcdd25800, 0x000001fdcdd28800, 0x000001fdcdd24800,
0x000001fdcdd27800, 0x000001fdcdd23000, 0x000001fdcdd29800, 0x000001fdcdd23800,
0x000001fdcdd2a000, 0x000001fdcdd2c800, 0x000001fdcdd2e800, 0x000001fdcdd2f000,
0x000001fdcdd30800, 0x000001fdcdd2c000, 0x000001fdd1f51000, 0x000001fdd1f52000,
0x000001fdd1f4e000, 0x000001fdd1f4c000, 0x000001fdd1f4e800, 0x000001fdd1f4f800,
0x000001fdd1f50800, 0x000001fdd1f52800, 0x000001fdd1f4d000, 0x000001fdcf1db000,
0x000001fdcf1de000, 0x000001fdcf1dc800, 0x000001fdcf1dd800, 0x000001fdcf1df000,
0x000001fdcf1d9000, 0x000001fdcf1df800, 0x000001fdcf1e0800, 0x000001fdcf1e1800,
0x000001fdcf1db800, 0x000001fdcf1e4800, 0x000001fdcf1e5800, 0x000001fdcf1e3000,
0x000001fdcf1e7000, 0x000001fdcf1e8000, 0x000001fdcf1e4000, 0x000001fdcf1e6800,
0x000001fdcf1e2000, 0x000001fdd837b000, 0x000001fdd8378800, 0x000001fdd8379000,
0x000001fdd837d000, 0x000001fdd837a000, 0x000001fdd837b800, 0x000001fdd837e000,
0x000001fdd837c800, 0x000001fdd4b93000, 0x000001fdd4b90800, 0x000001fdd4b94800,
0x000001fdcdb35800, 0x000001fdd4b94000, 0x000001fdd4b95800
}

Java Threads: ( => current thread )
  0x000001fdb060e000 JavaThread "main" [_thread_blocked, id=17768, stack(0x00000075db300000,0x00000075db400000)]
  0x000001fdcaa84800 JavaThread "Reference Handler" daemon [_thread_blocked, id=18788, stack(0x00000075dba00000,0x00000075dbb00000)]
  0x000001fdcaa87800 JavaThread "Finalizer" daemon [_thread_blocked, id=18312, stack(0x00000075dbb00000,0x00000075dbc00000)]
  0x000001fdcaab5000 JavaThread "Signal Dispatcher" daemon [_thread_blocked, id=3668, stack(0x00000075dbc00000,0x00000075dbd00000)]
  0x000001fdcaab6800 JavaThread "Attach Listener" daemon [_thread_blocked, id=14052, stack(0x00000075dbd00000,0x00000075dbe00000)]
  0x000001fdcaab7800 JavaThread "Service Thread" daemon [_thread_blocked, id=12744, stack(0x00000075dbe00000,0x00000075dbf00000)]
=>0x000001fdcaab8800 JavaThread "C2 CompilerThread0" daemon [_thread_in_native, id=18236, stack(0x00000075dbf00000,0x00000075dc000000)]
  0x000001fdcb3a1000 JavaThread "C1 CompilerThread0" daemon [_thread_in_native, id=5448, stack(0x00000075dc000000,0x00000075dc100000)]
  0x000001fdcb3a3000 JavaThread "Sweeper thread" daemon [_thread_blocked, id=17472, stack(0x00000075dc100000,0x00000075dc200000)]
  0x000001fdcb50c000 JavaThread "Common-Cleaner" daemon [_thread_blocked, id=15612, stack(0x00000075dc200000,0x00000075dc300000)]
  0x000001fdcdb22800 JavaThread "Daemon health stats" [_thread_blocked, id=660, stack(0x00000075dc800000,0x00000075dc900000)]
  0x000001fdcdb22000 JavaThread "Incoming local TCP Connector on port 55650" [_thread_in_native, id=12604, stack(0x00000075dc400000,0x00000075dc500000)]
  0x000001fdcdb23800 JavaThread "Daemon periodic checks" [_thread_blocked, id=18856, stack(0x00000075dc500000,0x00000075dc600000)]
  0x000001fdcdb24800 JavaThread "Daemon" [_thread_blocked, id=13916, stack(0x00000075dc900000,0x00000075dca00000)]
  0x000001fdcdb25000 JavaThread "Handler for socket connection from /127.0.0.1:55650 to /127.0.0.1:55651" [_thread_in_native, id=19248, stack(0x00000075dca00000,0x00000075dcb00000)]
  0x000001fdcdb26000 JavaThread "Cancel handler" [_thread_blocked, id=8880, stack(0x00000075dcc00000,0x00000075dcd00000)]
  0x000001fdcdb20800 JavaThread "Daemon worker" [_thread_blocked, id=18436, stack(0x00000075dcd00000,0x00000075dce00000)]
  0x000001fdcdb27000 JavaThread "Asynchronous log dispatcher for DefaultDaemonConnection: socket connection from /127.0.0.1:55650 to /127.0.0.1:55651" [_thread_blocked, id=17184, stack(0x00000075dce00000,0x00000075dcf00000)]
  0x000001fdcdb21000 JavaThread "Stdin handler" [_thread_blocked, id=6460, stack(0x00000075dcf00000,0x00000075dd000000)]
  0x000001fdcdd27000 JavaThread "Daemon client event forwarder" [_thread_blocked, id=7396, stack(0x00000075dd000000,0x00000075dd100000)]
  0x000001fdcdd26000 JavaThread "Cache worker for file hash cache (C:\Users\uzach\.gradle\caches\7.0.2\fileHashes)" [_thread_blocked, id=11120, stack(0x00000075dd600000,0x00000075dd700000)]
  0x000001fdcdd25800 JavaThread "File lock request listener" [_thread_in_native, id=10884, stack(0x00000075dd700000,0x00000075dd800000)]
  0x000001fdcdd28800 JavaThread "Cache worker for journal cache (C:\Users\uzach\.gradle\caches\journal-1)" [_thread_blocked, id=13064, stack(0x00000075dd900000,0x00000075dda00000)]
  0x000001fdcdd24800 JavaThread "Cache worker for file hash cache (C:\Users\uzach\AndroidStudioProjects\instagram\.gradle\7.0.2\fileHashes)" [_thread_blocked, id=14792, stack(0x00000075dda00000,0x00000075ddb00000)]
  0x000001fdcdd27800 JavaThread "File watcher server" daemon [_thread_in_native, id=17852, stack(0x00000075ddb00000,0x00000075ddc00000)]
  0x000001fdcdd23000 JavaThread "File watcher consumer" daemon [_thread_blocked, id=18144, stack(0x00000075ddc00000,0x00000075ddd00000)]
  0x000001fdcdd29800 JavaThread "Cache worker for checksums cache (C:\Users\uzach\AndroidStudioProjects\instagram\.gradle\checksums)" [_thread_blocked, id=12140, stack(0x00000075ddd00000,0x00000075dde00000)]
  0x000001fdcdd23800 JavaThread "Cache worker for cache directory md-supplier (C:\Users\uzach\.gradle\caches\7.0.2\md-supplier)" [_thread_blocked, id=5748, stack(0x00000075dde00000,0x00000075ddf00000)]
  0x000001fdcdd2a000 JavaThread "Cache worker for cache directory md-rule (C:\Users\uzach\.gradle\caches\7.0.2\md-rule)" [_thread_blocked, id=18976, stack(0x00000075ddf00000,0x00000075de000000)]
  0x000001fdcdd2c800 JavaThread "Cache worker for execution history cache (C:\Users\uzach\.gradle\caches\7.0.2\executionHistory)" [_thread_blocked, id=12616, stack(0x00000075de000000,0x00000075de100000)]
  0x000001fdcdd2e800 JavaThread "jar transforms" [_thread_blocked, id=7620, stack(0x00000075de200000,0x00000075de300000)]
  0x000001fdcdd2f000 JavaThread "jar transforms Thread 2" [_thread_blocked, id=9352, stack(0x00000075de300000,0x00000075de400000)]
  0x000001fdcdd30800 JavaThread "Cache worker for file content cache (C:\Users\uzach\.gradle\caches\7.0.2\fileContent)" [_thread_blocked, id=13436, stack(0x00000075de400000,0x00000075de500000)]
  0x000001fdcdd2c000 JavaThread "Cache worker for dependencies-accessors (C:\Users\uzach\AndroidStudioProjects\instagram\.gradle\7.0.2\dependencies-accessors)" [_thread_blocked, id=7440, stack(0x00000075de500000,0x00000075de600000)]
  0x000001fdd1f51000 JavaThread "jar transforms Thread 3" [_thread_blocked, id=17908, stack(0x00000075de600000,0x00000075de700000)]
  0x000001fdd1f52000 JavaThread "Cache worker for Build Output Cleanup Cache (C:\Users\uzach\AndroidStudioProjects\instagram\.gradle\buildOutputCleanup)" [_thread_blocked, id=7584, stack(0x00000075de700000,0x00000075de800000)]
  0x000001fdd1f4e000 JavaThread "Build operations" [_thread_blocked, id=12584, stack(0x00000075de800000,0x00000075de900000)]
  0x000001fdd1f4c000 JavaThread "Build operations Thread 2" [_thread_blocked, id=2440, stack(0x00000075de900000,0x00000075dea00000)]
  0x000001fdd1f4e800 JavaThread "Build operations Thread 3" [_thread_blocked, id=18724, stack(0x00000075dea00000,0x00000075deb00000)]
  0x000001fdd1f4f800 JavaThread "Build operations Thread 4" [_thread_blocked, id=15664, stack(0x00000075deb00000,0x00000075dec00000)]
  0x000001fdd1f50800 JavaThread "Build operations Thread 5" [_thread_blocked, id=1868, stack(0x00000075dec00000,0x00000075ded00000)]
  0x000001fdd1f52800 JavaThread "Build operations Thread 6" [_thread_blocked, id=16140, stack(0x00000075ded00000,0x00000075dee00000)]
  0x000001fdd1f4d000 JavaThread "Build operations Thread 7" [_thread_blocked, id=13188, stack(0x00000075dee00000,0x00000075def00000)]
  0x000001fdcf1db000 JavaThread "Build operations Thread 8" [_thread_blocked, id=4716, stack(0x00000075def00000,0x00000075df000000)]
  0x000001fdcf1de000 JavaThread "jar transforms Thread 4" [_thread_blocked, id=13000, stack(0x00000075df000000,0x00000075df100000)]
  0x000001fdcf1dc800 JavaThread "jar transforms Thread 5" [_thread_blocked, id=4704, stack(0x00000075df100000,0x00000075df200000)]
  0x000001fdcf1dd800 JavaThread "jar transforms Thread 6" [_thread_blocked, id=18720, stack(0x00000075df200000,0x00000075df300000)]
  0x000001fdcf1df000 JavaThread "jar transforms Thread 7" [_thread_blocked, id=14272, stack(0x00000075df300000,0x00000075df400000)]
  0x000001fdcf1d9000 JavaThread "jar transforms Thread 8" [_thread_blocked, id=17468, stack(0x00000075df400000,0x00000075df500000)]
  0x000001fdcf1df800 JavaThread "Memory manager" [_thread_blocked, id=13596, stack(0x00000075df500000,0x00000075df600000)]
  0x000001fdcf1e0800 JavaThread "build event listener" [_thread_blocked, id=16368, stack(0x00000075df600000,0x00000075df700000)]
  0x000001fdcf1e1800 JavaThread "pool-3-thread-1" [_thread_blocked, id=14212, stack(0x00000075df700000,0x00000075df800000)]
  0x000001fdcf1db800 JavaThread "build event listener" [_thread_blocked, id=5532, stack(0x00000075df800000,0x00000075df900000)]
  0x000001fdcf1e4800 JavaThread "Execution worker for ':'" [_thread_blocked, id=8604, stack(0x00000075df900000,0x00000075dfa00000)]
  0x000001fdcf1e5800 JavaThread "Execution worker for ':' Thread 2" [_thread_blocked, id=19316, stack(0x00000075dfa00000,0x00000075dfb00000)]
  0x000001fdcf1e3000 JavaThread "Execution worker for ':' Thread 3" [_thread_blocked, id=11628, stack(0x00000075dfb00000,0x00000075dfc00000)]
  0x000001fdcf1e7000 JavaThread "Execution worker for ':' Thread 4" [_thread_blocked, id=1756, stack(0x00000075dfc00000,0x00000075dfd00000)]
  0x000001fdcf1e8000 JavaThread "Execution worker for ':' Thread 5" [_thread_blocked, id=12000, stack(0x00000075dfd00000,0x00000075dfe00000)]
  0x000001fdcf1e4000 JavaThread "Execution worker for ':' Thread 6" [_thread_blocked, id=9132, stack(0x00000075dfe00000,0x00000075dff00000)]
  0x000001fdcf1e6800 JavaThread "Execution worker for ':' Thread 7" [_thread_blocked, id=13640, stack(0x00000075dff00000,0x00000075e0000000)]
  0x000001fdcf1e2000 JavaThread "Cache worker for execution history cache (C:\Users\uzach\AndroidStudioProjects\instagram\.gradle\7.0.2\executionHistory)" [_thread_blocked, id=8984, stack(0x00000075e0000000,0x00000075e0100000)]
  0x000001fdd837b000 JavaThread "WorkerExecutor Queue" [_thread_in_vm, id=4920, stack(0x00000075e0100000,0x00000075e0200000)]
  0x000001fdd8378800 JavaThread "WorkerExecutor Queue Thread 2" [_thread_blocked, id=6788, stack(0x00000075e0200000,0x00000075e0300000)]
  0x000001fdd8379000 JavaThread "WorkerExecutor Queue Thread 3" [_thread_blocked, id=19056, stack(0x00000075e0300000,0x00000075e0400000)]
  0x000001fdd837d000 JavaThread "WorkerExecutor Queue Thread 4" [_thread_in_native, id=9016, stack(0x00000075e0400000,0x00000075e0500000)]
  0x000001fdd837a000 JavaThread "WorkerExecutor Queue Thread 5" [_thread_in_vm, id=19184, stack(0x00000075e0500000,0x00000075e0600000)]
  0x000001fdd837b800 JavaThread "WorkerExecutor Queue Thread 6" [_thread_in_Java, id=9260, stack(0x00000075e0600000,0x00000075e0700000)]
  0x000001fdd837e000 JavaThread "WorkerExecutor Queue Thread 7" [_thread_in_Java, id=17348, stack(0x00000075e0700000,0x00000075e0800000)]
  0x000001fdd837c800 JavaThread "WorkerExecutor Queue Thread 8" [_thread_blocked, id=3332, stack(0x00000075e0800000,0x00000075e0900000)]
  0x000001fdd4b93000 JavaThread "pool-4-thread-1" [_thread_blocked, id=17020, stack(0x00000075e0900000,0x00000075e0a00000)]
  0x000001fdd4b90800 JavaThread "stderr" [_thread_in_native, id=19152, stack(0x00000075e0a00000,0x00000075e0b00000)]
  0x000001fdd4b94800 JavaThread "stdout" [_thread_in_native, id=7232, stack(0x00000075e0b00000,0x00000075e0c00000)]
  0x000001fdcdb35800 JavaThread "C2 CompilerThread1" daemon [_thread_in_native, id=19108, stack(0x00000075dcb00000,0x00000075dcc00000)]
  0x000001fdd4b94000 JavaThread "Cache worker for Java compile cache (C:\Users\uzach\.gradle\caches\7.0.2\javaCompile)" [_thread_blocked, id=11312, stack(0x00000075e0c00000,0x00000075e0d00000)]
  0x000001fdd4b95800 JavaThread "Cache worker for Java compile cache (C:\Users\uzach\AndroidStudioProjects\instagram\.gradle\7.0.2\javaCompile)" [_thread_blocked, id=3432, stack(0x00000075e0d00000,0x00000075e0e00000)]

Other Threads:
  0x000001fdcaa7f000 VMThread "VM Thread" [stack: 0x00000075db900000,0x00000075dba00000] [id=1116]
  0x000001fdcb551800 WatcherThread [stack: 0x00000075dc300000,0x00000075dc400000] [id=2952]
  0x000001fdb0627800 GCTaskThread "GC Thread#0" [stack: 0x00000075db400000,0x00000075db500000] [id=8112]
  0x000001fdcbb73800 GCTaskThread "GC Thread#1" [stack: 0x00000075dc600000,0x00000075dc700000] [id=10424]
  0x000001fdcb8c3000 GCTaskThread "GC Thread#2" [stack: 0x00000075dc700000,0x00000075dc800000] [id=6516]
  0x000001fdcc870000 GCTaskThread "GC Thread#3" [stack: 0x00000075dd100000,0x00000075dd200000] [id=12780]
  0x000001fdcd8e2000 GCTaskThread "GC Thread#4" [stack: 0x00000075dd200000,0x00000075dd300000] [id=11044]
  0x000001fdcc1de000 GCTaskThread "GC Thread#5" [stack: 0x00000075dd300000,0x00000075dd400000] [id=15844]
  0x000001fdce058000 GCTaskThread "GC Thread#6" [stack: 0x00000075dd400000,0x00000075dd500000] [id=2696]
  0x000001fdcdc70800 GCTaskThread "GC Thread#7" [stack: 0x00000075dd500000,0x00000075dd600000] [id=18108]
  0x000001fdb065a000 ConcurrentGCThread "G1 Main Marker" [stack: 0x00000075db500000,0x00000075db600000] [id=7400]
  0x000001fdb065b800 ConcurrentGCThread "G1 Conc#0" [stack: 0x00000075db600000,0x00000075db700000] [id=9076]
  0x000001fdcdf6c800 ConcurrentGCThread "G1 Conc#1" [stack: 0x00000075dd800000,0x00000075dd900000] [id=13324]
  0x000001fdca8d0800 ConcurrentGCThread "G1 Refine#0" [stack: 0x00000075db700000,0x00000075db800000] [id=6540]
  0x000001fdca8d1000 ConcurrentGCThread "G1 Young RemSet Sampling" [stack: 0x00000075db800000,0x00000075db900000] [id=19192]

Threads with active compile tasks:
C2 CompilerThread0  27788 15780       4       sun.invoke.util.VerifyAccess::isClassAccessible (182 bytes)
C2 CompilerThread1  27788 16235       4       com.android.tools.r8.internal.xj::b (65 bytes)

VM state:not at safepoint (normal execution)

VM Mutex/Monitor currently owned by a thread:  ([mutex/lock_event])
[0x000001fdb0608ca0] MethodCompileQueue_lock - owner thread: 0x0000000000000000

Heap address: 0x0000000080000000, size: 2048 MB, Compressed Oops mode: 32-bit
Narrow klass base: 0x0000000000000000, Narrow klass shift: 3
Compressed class space size: 1073741824 Address: 0x0000000100000000

Heap:
 garbage-first heap   total 225280K, used 146756K [0x0000000080000000, 0x0000000100000000)
  region size 1024K, 32 young (32768K), 2 survivors (2048K)
 Metaspace       used 116033K, capacity 119586K, committed 119756K, reserved 1153024K
  class space    used 14907K, capacity 16287K, committed 16332K, reserved 1048576K
Heap Regions: E=young(eden), S=young(survivor), O=old, HS=humongous(starts), HC=humongous(continues), CS=collection set, F=free, A=archive, TAMS=top-at-mark-start (previous, next)
|   0|0x0000000080000000, 0x0000000080100000, 0x0000000080100000|100%| O|  |TAMS 0x0000000080100000, 0x0000000080000000| Untracked 
|   1|0x0000000080100000, 0x0000000080200000, 0x0000000080200000|100%| O|  |TAMS 0x0000000080200000, 0x0000000080100000| Untracked 
|   2|0x0000000080200000, 0x0000000080300000, 0x0000000080300000|100%| O|  |TAMS 0x0000000080300000, 0x0000000080200000| Untracked 
|   3|0x0000000080300000, 0x0000000080400000, 0x0000000080400000|100%|HS|  |TAMS 0x0000000080400000, 0x0000000080300000| Complete 
|   4|0x0000000080400000, 0x0000000080500000, 0x0000000080500000|100%|HC|  |TAMS 0x0000000080500000, 0x0000000080400000| Complete 
|   5|0x0000000080500000, 0x0000000080600000, 0x0000000080600000|100%|HC|  |TAMS 0x0000000080600000, 0x0000000080500000| Complete 
|   6|0x0000000080600000, 0x0000000080700000, 0x0000000080700000|100%| O|  |TAMS 0x0000000080700000, 0x0000000080600000| Untracked 
|   7|0x0000000080700000, 0x0000000080800000, 0x0000000080800000|100%| O|  |TAMS 0x0000000080800000, 0x0000000080700000| Untracked 
|   8|0x0000000080800000, 0x0000000080900000, 0x0000000080900000|100%| O|  |TAMS 0x0000000080900000, 0x0000000080800000| Untracked 
|   9|0x0000000080900000, 0x0000000080a00000, 0x0000000080a00000|100%| O|  |TAMS 0x0000000080a00000, 0x0000000080900000| Untracked 
|  10|0x0000000080a00000, 0x0000000080b00000, 0x0000000080b00000|100%| O|  |TAMS 0x0000000080b00000, 0x0000000080a00000| Untracked 
|  11|0x0000000080b00000, 0x0000000080c00000, 0x0000000080c00000|100%| O|  |TAMS 0x0000000080c00000, 0x0000000080b00000| Untracked 
|  12|0x0000000080c00000, 0x0000000080d00000, 0x0000000080d00000|100%| O|  |TAMS 0x0000000080d00000, 0x0000000080c00000| Untracked 
|  13|0x0000000080d00000, 0x0000000080e00000, 0x0000000080e00000|100%| O|  |TAMS 0x0000000080e00000, 0x0000000080d00000| Untracked 
|  14|0x0000000080e00000, 0x0000000080f00000, 0x0000000080f00000|100%| O|  |TAMS 0x0000000080f00000, 0x0000000080e00000| Untracked 
|  15|0x0000000080f00000, 0x0000000081000000, 0x0000000081000000|100%| O|  |TAMS 0x0000000081000000, 0x0000000080f00000| Untracked 
|  16|0x0000000081000000, 0x0000000081100000, 0x0000000081100000|100%| O|  |TAMS 0x0000000081100000, 0x0000000081000000| Untracked 
|  17|0x0000000081100000, 0x0000000081200000, 0x0000000081200000|100%| O|  |TAMS 0x0000000081200000, 0x0000000081100000| Untracked 
|  18|0x0000000081200000, 0x0000000081300000, 0x0000000081300000|100%|HS|  |TAMS 0x0000000081300000, 0x0000000081200000| Complete 
|  19|0x0000000081300000, 0x0000000081400000, 0x0000000081400000|100%| O|  |TAMS 0x0000000081400000, 0x0000000081300000| Untracked 
|  20|0x0000000081400000, 0x0000000081500000, 0x0000000081500000|100%| O|  |TAMS 0x0000000081500000, 0x0000000081400000| Untracked 
|  21|0x0000000081500000, 0x0000000081600000, 0x0000000081600000|100%| O|  |TAMS 0x0000000081600000, 0x0000000081500000| Untracked 
|  22|0x0000000081600000, 0x0000000081700000, 0x0000000081700000|100%| O|  |TAMS 0x0000000081700000, 0x0000000081600000| Untracked 
|  23|0x0000000081700000, 0x0000000081800000, 0x0000000081800000|100%|HS|  |TAMS 0x0000000081800000, 0x0000000081700000| Complete 
|  24|0x0000000081800000, 0x0000000081900000, 0x0000000081900000|100%|HS|  |TAMS 0x0000000081900000, 0x0000000081800000| Complete 
|  25|0x0000000081900000, 0x0000000081a00000, 0x0000000081a00000|100%|HC|  |TAMS 0x0000000081a00000, 0x0000000081900000| Complete 
|  26|0x0000000081a00000, 0x0000000081b00000, 0x0000000081b00000|100%| O|  |TAMS 0x0000000081b00000, 0x0000000081a00000| Untracked 
|  27|0x0000000081b00000, 0x0000000081c00000, 0x0000000081c00000|100%| O|  |TAMS 0x0000000081c00000, 0x0000000081b00000| Untracked 
|  28|0x0000000081c00000, 0x0000000081d00000, 0x0000000081d00000|100%| O|  |TAMS 0x0000000081d00000, 0x0000000081c00000| Untracked 
|  29|0x0000000081d00000, 0x0000000081e00000, 0x0000000081e00000|100%| O|  |TAMS 0x0000000081e00000, 0x0000000081d00000| Untracked 
|  30|0x0000000081e00000, 0x0000000081f00000, 0x0000000081f00000|100%| O|  |TAMS 0x0000000081f00000, 0x0000000081e00000| Untracked 
|  31|0x0000000081f00000, 0x0000000082000000, 0x0000000082000000|100%| O|  |TAMS 0x0000000082000000, 0x0000000081f00000| Untracked 
|  32|0x0000000082000000, 0x0000000082100000, 0x0000000082100000|100%| O|  |TAMS 0x0000000082100000, 0x0000000082000000| Untracked 
|  33|0x0000000082100000, 0x0000000082200000, 0x0000000082200000|100%| O|  |TAMS 0x0000000082200000, 0x0000000082100000| Untracked 
|  34|0x0000000082200000, 0x0000000082300000, 0x0000000082300000|100%| O|  |TAMS 0x0000000082300000, 0x0000000082200000| Untracked 
|  35|0x0000000082300000, 0x0000000082400000, 0x0000000082400000|100%| O|  |TAMS 0x0000000082400000, 0x0000000082300000| Untracked 
|  36|0x0000000082400000, 0x0000000082500000, 0x0000000082500000|100%| O|  |TAMS 0x0000000082500000, 0x0000000082400000| Untracked 
|  37|0x0000000082500000, 0x0000000082600000, 0x0000000082600000|100%| O|  |TAMS 0x0000000082600000, 0x0000000082500000| Untracked 
|  38|0x0000000082600000, 0x0000000082700000, 0x0000000082700000|100%| O|  |TAMS 0x0000000082700000, 0x0000000082600000| Untracked 
|  39|0x0000000082700000, 0x0000000082800000, 0x0000000082800000|100%| O|  |TAMS 0x0000000082800000, 0x0000000082700000| Untracked 
|  40|0x0000000082800000, 0x0000000082900000, 0x0000000082900000|100%| O|  |TAMS 0x0000000082900000, 0x0000000082800000| Untracked 
|  41|0x0000000082900000, 0x0000000082a00000, 0x0000000082a00000|100%| O|  |TAMS 0x0000000082a00000, 0x0000000082900000| Untracked 
|  42|0x0000000082a00000, 0x0000000082b00000, 0x0000000082b00000|100%| O|  |TAMS 0x0000000082b00000, 0x0000000082a00000| Untracked 
|  43|0x0000000082b00000, 0x0000000082c00000, 0x0000000082c00000|100%| O|  |TAMS 0x0000000082c00000, 0x0000000082b00000| Untracked 
|  44|0x0000000082c00000, 0x0000000082d00000, 0x0000000082d00000|100%| O|  |TAMS 0x0000000082d00000, 0x0000000082c00000| Untracked 
|  45|0x0000000082d00000, 0x0000000082e00000, 0x0000000082e00000|100%| O|  |TAMS 0x0000000082e00000, 0x0000000082d00000| Untracked 
|  46|0x0000000082e00000, 0x0000000082f00000, 0x0000000082f00000|100%| O|  |TAMS 0x0000000082f00000, 0x0000000082e00000| Untracked 
|  47|0x0000000082f00000, 0x0000000083000000, 0x0000000083000000|100%| O|  |TAMS 0x0000000083000000, 0x0000000082f00000| Untracked 
|  48|0x0000000083000000, 0x0000000083100000, 0x0000000083100000|100%| O|  |TAMS 0x0000000083100000, 0x0000000083000000| Untracked 
|  49|0x0000000083100000, 0x0000000083200000, 0x0000000083200000|100%| O|  |TAMS 0x0000000083200000, 0x0000000083100000| Untracked 
|  50|0x0000000083200000, 0x0000000083300000, 0x0000000083300000|100%| O|  |TAMS 0x0000000083300000, 0x0000000083200000| Untracked 
|  51|0x0000000083300000, 0x0000000083400000, 0x0000000083400000|100%| O|  |TAMS 0x0000000083400000, 0x0000000083300000| Untracked 
|  52|0x0000000083400000, 0x0000000083500000, 0x0000000083500000|100%| O|  |TAMS 0x0000000083500000, 0x0000000083400000| Untracked 
|  53|0x0000000083500000, 0x0000000083600000, 0x0000000083600000|100%| O|  |TAMS 0x0000000083600000, 0x0000000083500000| Untracked 
|  54|0x0000000083600000, 0x0000000083700000, 0x0000000083700000|100%| O|  |TAMS 0x0000000083700000, 0x0000000083600000| Untracked 
|  55|0x0000000083700000, 0x0000000083800000, 0x0000000083800000|100%| O|  |TAMS 0x0000000083800000, 0x0000000083700000| Untracked 
|  56|0x0000000083800000, 0x0000000083900000, 0x0000000083900000|100%| O|  |TAMS 0x0000000083900000, 0x0000000083800000| Untracked 
|  57|0x0000000083900000, 0x0000000083a00000, 0x0000000083a00000|100%| O|  |TAMS 0x0000000083a00000, 0x0000000083900000| Untracked 
|  58|0x0000000083a00000, 0x0000000083b00000, 0x0000000083b00000|100%| O|  |TAMS 0x0000000083b00000, 0x0000000083a00000| Untracked 
|  59|0x0000000083b00000, 0x0000000083c00000, 0x0000000083c00000|100%| O|  |TAMS 0x0000000083c00000, 0x0000000083b00000| Untracked 
|  60|0x0000000083c00000, 0x0000000083d00000, 0x0000000083d00000|100%| O|  |TAMS 0x0000000083d00000, 0x0000000083c00000| Untracked 
|  61|0x0000000083d00000, 0x0000000083e00000, 0x0000000083e00000|100%| O|  |TAMS 0x0000000083e00000, 0x0000000083d00000| Untracked 
|  62|0x0000000083e00000, 0x0000000083f00000, 0x0000000083f00000|100%| O|  |TAMS 0x0000000083f00000, 0x0000000083e00000| Untracked 
|  63|0x0000000083f00000, 0x0000000084000000, 0x0000000084000000|100%| O|  |TAMS 0x0000000084000000, 0x0000000083f00000| Untracked 
|  64|0x0000000084000000, 0x0000000084100000, 0x0000000084100000|100%| O|  |TAMS 0x0000000084100000, 0x0000000084000000| Untracked 
|  65|0x0000000084100000, 0x0000000084200000, 0x0000000084200000|100%| O|  |TAMS 0x0000000084200000, 0x0000000084100000| Untracked 
|  66|0x0000000084200000, 0x0000000084300000, 0x0000000084300000|100%| O|  |TAMS 0x0000000084300000, 0x0000000084200000| Untracked 
|  67|0x0000000084300000, 0x0000000084400000, 0x0000000084400000|100%| O|  |TAMS 0x0000000084400000, 0x0000000084300000| Untracked 
|  68|0x0000000084400000, 0x0000000084500000, 0x0000000084500000|100%| O|  |TAMS 0x0000000084500000, 0x0000000084400000| Untracked 
|  69|0x0000000084500000, 0x0000000084600000, 0x0000000084600000|100%|HS|  |TAMS 0x0000000084600000, 0x0000000084500000| Complete 
|  70|0x0000000084600000, 0x0000000084700000, 0x0000000084700000|100%|HC|  |TAMS 0x0000000084700000, 0x0000000084600000| Complete 
|  71|0x0000000084700000, 0x0000000084800000, 0x0000000084800000|100%| O|  |TAMS 0x0000000084700000, 0x0000000084700000| Untracked 
|  72|0x0000000084800000, 0x0000000084900000, 0x0000000084900000|100%| O|  |TAMS 0x0000000084900000, 0x0000000084800000| Untracked 
|  73|0x0000000084900000, 0x0000000084a00000, 0x0000000084a00000|100%| O|  |TAMS 0x0000000084a00000, 0x0000000084900000| Untracked 
|  74|0x0000000084a00000, 0x0000000084b00000, 0x0000000084b00000|100%| O|  |TAMS 0x0000000084b00000, 0x0000000084a00000| Untracked 
|  75|0x0000000084b00000, 0x0000000084c00000, 0x0000000084c00000|100%| O|  |TAMS 0x0000000084c00000, 0x0000000084b00000| Untracked 
|  76|0x0000000084c00000, 0x0000000084d00000, 0x0000000084d00000|100%| O|  |TAMS 0x0000000084d00000, 0x0000000084c00000| Untracked 
|  77|0x0000000084d00000, 0x0000000084d00000, 0x0000000084e00000|  0%| F|  |TAMS 0x0000000084d00000, 0x0000000084d00000| Untracked 
|  78|0x0000000084e00000, 0x0000000084f00000, 0x0000000084f00000|100%| O|  |TAMS 0x0000000084f00000, 0x0000000084e00000| Untracked 
|  79|0x0000000084f00000, 0x0000000084f00000, 0x0000000085000000|  0%| F|  |TAMS 0x0000000084f00000, 0x0000000084f00000| Untracked 
|  80|0x0000000085000000, 0x0000000085100000, 0x0000000085100000|100%| O|  |TAMS 0x0000000085100000, 0x0000000085000000| Untracked 
|  81|0x0000000085100000, 0x0000000085200000, 0x0000000085200000|100%| O|  |TAMS 0x0000000085200000, 0x0000000085100000| Untracked 
|  82|0x0000000085200000, 0x0000000085300000, 0x0000000085300000|100%| O|  |TAMS 0x0000000085300000, 0x0000000085200000| Untracked 
|  83|0x0000000085300000, 0x0000000085400000, 0x0000000085400000|100%| O|  |TAMS 0x0000000085400000, 0x0000000085300000| Untracked 
|  84|0x0000000085400000, 0x0000000085500000, 0x0000000085500000|100%| O|  |TAMS 0x0000000085500000, 0x0000000085400000| Untracked 
|  85|0x0000000085500000, 0x0000000085600000, 0x0000000085600000|100%| O|  |TAMS 0x0000000085600000, 0x0000000085500000| Untracked 
|  86|0x0000000085600000, 0x0000000085700000, 0x0000000085700000|100%| O|  |TAMS 0x0000000085700000, 0x0000000085600000| Untracked 
|  87|0x0000000085700000, 0x0000000085800000, 0x0000000085800000|100%| O|  |TAMS 0x0000000085800000, 0x0000000085700000| Untracked 
|  88|0x0000000085800000, 0x0000000085800000, 0x0000000085900000|  0%| F|  |TAMS 0x0000000085800000, 0x0000000085800000| Untracked 
|  89|0x0000000085900000, 0x0000000085a00000, 0x0000000085a00000|100%| O|  |TAMS 0x0000000085a00000, 0x0000000085900000| Untracked 
|  90|0x0000000085a00000, 0x0000000085b00000, 0x0000000085b00000|100%| O|  |TAMS 0x0000000085b00000, 0x0000000085a00000| Untracked 
|  91|0x0000000085b00000, 0x0000000085c00000, 0x0000000085c00000|100%| O|  |TAMS 0x0000000085c00000, 0x0000000085b00000| Untracked 
|  92|0x0000000085c00000, 0x0000000085d00000, 0x0000000085d00000|100%| O|  |TAMS 0x0000000085d00000, 0x0000000085c00000| Untracked 
|  93|0x0000000085d00000, 0x0000000085d00000, 0x0000000085e00000|  0%| F|  |TAMS 0x0000000085d00000, 0x0000000085d00000| Untracked 
|  94|0x0000000085e00000, 0x0000000085f00000, 0x0000000085f00000|100%| O|  |TAMS 0x0000000085f00000, 0x0000000085e00000| Untracked 
|  95|0x0000000085f00000, 0x0000000086000000, 0x0000000086000000|100%| O|  |TAMS 0x0000000086000000, 0x0000000085f00000| Untracked 
|  96|0x0000000086000000, 0x0000000086100000, 0x0000000086100000|100%| O|  |TAMS 0x0000000086100000, 0x0000000086000000| Untracked 
|  97|0x0000000086100000, 0x0000000086100000, 0x0000000086200000|  0%| F|  |TAMS 0x0000000086100000, 0x0000000086100000| Untracked 
|  98|0x0000000086200000, 0x0000000086200000, 0x0000000086300000|  0%| F|  |TAMS 0x0000000086200000, 0x0000000086200000| Untracked 
|  99|0x0000000086300000, 0x0000000086300000, 0x0000000086400000|  0%| F|  |TAMS 0x0000000086300000, 0x0000000086300000| Untracked 
| 100|0x0000000086400000, 0x0000000086400000, 0x0000000086500000|  0%| F|  |TAMS 0x0000000086400000, 0x0000000086400000| Untracked 
| 101|0x0000000086500000, 0x0000000086600000, 0x0000000086600000|100%| O|  |TAMS 0x0000000086600000, 0x0000000086500000| Untracked 
| 102|0x0000000086600000, 0x0000000086700000, 0x0000000086700000|100%| O|  |TAMS 0x0000000086700000, 0x0000000086600000| Untracked 
| 103|0x0000000086700000, 0x0000000086800000, 0x0000000086800000|100%| O|  |TAMS 0x0000000086800000, 0x0000000086700000| Untracked 
| 104|0x0000000086800000, 0x0000000086900000, 0x0000000086900000|100%| O|  |TAMS 0x0000000086900000, 0x0000000086800000| Untracked 
| 105|0x0000000086900000, 0x0000000086a00000, 0x0000000086a00000|100%| O|  |TAMS 0x0000000086a00000, 0x0000000086900000| Untracked 
| 106|0x0000000086a00000, 0x0000000086b00000, 0x0000000086b00000|100%| O|  |TAMS 0x0000000086ad3200, 0x0000000086a00000| Untracked 
| 107|0x0000000086b00000, 0x0000000086c00000, 0x0000000086c00000|100%| O|  |TAMS 0x0000000086b00000, 0x0000000086b00000| Untracked 
| 108|0x0000000086c00000, 0x0000000086d00000, 0x0000000086d00000|100%| O|  |TAMS 0x0000000086c00000, 0x0000000086c00000| Untracked 
| 109|0x0000000086d00000, 0x0000000086e00000, 0x0000000086e00000|100%| O|  |TAMS 0x0000000086d00000, 0x0000000086d00000| Untracked 
| 110|0x0000000086e00000, 0x0000000086e00000, 0x0000000086f00000|  0%| F|  |TAMS 0x0000000086e00000, 0x0000000086e00000| Untracked 
| 111|0x0000000086f00000, 0x0000000087000000, 0x0000000087000000|100%| O|  |TAMS 0x0000000086f00000, 0x0000000086f00000| Untracked 
| 112|0x0000000087000000, 0x0000000087100000, 0x0000000087100000|100%| O|  |TAMS 0x0000000087000000, 0x0000000087000000| Untracked 
| 113|0x0000000087100000, 0x0000000087200000, 0x0000000087200000|100%| O|  |TAMS 0x0000000087100000, 0x0000000087100000| Untracked 
| 114|0x0000000087200000, 0x0000000087300000, 0x0000000087300000|100%| O|  |TAMS 0x0000000087200000, 0x0000000087200000| Untracked 
| 115|0x0000000087300000, 0x0000000087400000, 0x0000000087400000|100%| O|  |TAMS 0x0000000087300000, 0x0000000087300000| Untracked 
| 116|0x0000000087400000, 0x0000000087500000, 0x0000000087500000|100%| O|  |TAMS 0x0000000087400000, 0x0000000087400000| Untracked 
| 117|0x0000000087500000, 0x0000000087600000, 0x0000000087600000|100%| O|  |TAMS 0x0000000087500000, 0x0000000087500000| Untracked 
| 118|0x0000000087600000, 0x0000000087700000, 0x0000000087700000|100%| O|  |TAMS 0x0000000087600000, 0x0000000087600000| Untracked 
| 119|0x0000000087700000, 0x0000000087800000, 0x0000000087800000|100%| O|  |TAMS 0x0000000087700000, 0x0000000087700000| Untracked 
| 120|0x0000000087800000, 0x0000000087900000, 0x0000000087900000|100%| O|  |TAMS 0x0000000087800000, 0x0000000087800000| Untracked 
| 121|0x0000000087900000, 0x0000000087a00000, 0x0000000087a00000|100%| O|  |TAMS 0x0000000087900000, 0x0000000087900000| Untracked 
| 122|0x0000000087a00000, 0x0000000087b00000, 0x0000000087b00000|100%| O|  |TAMS 0x0000000087a00000, 0x0000000087a00000| Untracked 
| 123|0x0000000087b00000, 0x0000000087b00000, 0x0000000087c00000|  0%| F|  |TAMS 0x0000000087b00000, 0x0000000087b00000| Untracked 
| 124|0x0000000087c00000, 0x0000000087c00000, 0x0000000087d00000|  0%| F|  |TAMS 0x0000000087c00000, 0x0000000087c00000| Untracked 
| 125|0x0000000087d00000, 0x0000000087d00000, 0x0000000087e00000|  0%| F|  |TAMS 0x0000000087d00000, 0x0000000087d00000| Untracked 
| 126|0x0000000087e00000, 0x0000000087e00000, 0x0000000087f00000|  0%| F|  |TAMS 0x0000000087e00000, 0x0000000087e00000| Untracked 
| 127|0x0000000087f00000, 0x0000000087f00000, 0x0000000088000000|  0%| F|  |TAMS 0x0000000087f00000, 0x0000000087f00000| Untracked 
| 128|0x0000000088000000, 0x0000000088000000, 0x0000000088100000|  0%| F|  |TAMS 0x0000000088000000, 0x0000000088000000| Untracked 
| 129|0x0000000088100000, 0x0000000088100000, 0x0000000088200000|  0%| F|  |TAMS 0x0000000088100000, 0x0000000088100000| Untracked 
| 130|0x0000000088200000, 0x0000000088200000, 0x0000000088300000|  0%| F|  |TAMS 0x0000000088200000, 0x0000000088200000| Untracked 
| 131|0x0000000088300000, 0x0000000088300000, 0x0000000088400000|  0%| F|  |TAMS 0x0000000088300000, 0x0000000088300000| Untracked 
| 132|0x0000000088400000, 0x0000000088400000, 0x0000000088500000|  0%| F|  |TAMS 0x0000000088400000, 0x0000000088400000| Untracked 
| 133|0x0000000088500000, 0x0000000088500000, 0x0000000088600000|  0%| F|  |TAMS 0x0000000088500000, 0x0000000088500000| Untracked 
| 134|0x0000000088600000, 0x0000000088600000, 0x0000000088700000|  0%| F|  |TAMS 0x0000000088600000, 0x0000000088600000| Untracked 
| 135|0x0000000088700000, 0x0000000088700000, 0x0000000088800000|  0%| F|  |TAMS 0x0000000088700000, 0x0000000088700000| Untracked 
| 136|0x0000000088800000, 0x0000000088800000, 0x0000000088900000|  0%| F|  |TAMS 0x0000000088800000, 0x0000000088800000| Untracked 
| 137|0x0000000088900000, 0x0000000088900000, 0x0000000088a00000|  0%| F|  |TAMS 0x0000000088900000, 0x0000000088900000| Untracked 
| 138|0x0000000088a00000, 0x0000000088a00000, 0x0000000088b00000|  0%| F|  |TAMS 0x0000000088a00000, 0x0000000088a00000| Untracked 
| 139|0x0000000088b00000, 0x0000000088b00000, 0x0000000088c00000|  0%| F|  |TAMS 0x0000000088b00000, 0x0000000088b00000| Untracked 
| 140|0x0000000088c00000, 0x0000000088c00000, 0x0000000088d00000|  0%| F|  |TAMS 0x0000000088c00000, 0x0000000088c00000| Untracked 
| 141|0x0000000088d00000, 0x0000000088d00000, 0x0000000088e00000|  0%| F|  |TAMS 0x0000000088d00000, 0x0000000088d00000| Untracked 
| 142|0x0000000088e00000, 0x0000000088e00000, 0x0000000088f00000|  0%| F|  |TAMS 0x0000000088e00000, 0x0000000088e00000| Untracked 
| 143|0x0000000088f00000, 0x0000000088f00000, 0x0000000089000000|  0%| F|  |TAMS 0x0000000088f00000, 0x0000000088f00000| Untracked 
| 144|0x0000000089000000, 0x0000000089000000, 0x0000000089100000|  0%| F|  |TAMS 0x0000000089000000, 0x0000000089000000| Untracked 
| 145|0x0000000089100000, 0x0000000089100000, 0x0000000089200000|  0%| F|  |TAMS 0x0000000089100000, 0x0000000089100000| Untracked 
| 146|0x0000000089200000, 0x0000000089200000, 0x0000000089300000|  0%| F|  |TAMS 0x0000000089200000, 0x0000000089200000| Untracked 
| 147|0x0000000089300000, 0x0000000089300000, 0x0000000089400000|  0%| F|  |TAMS 0x0000000089300000, 0x0000000089300000| Untracked 
| 148|0x0000000089400000, 0x0000000089400000, 0x0000000089500000|  0%| F|  |TAMS 0x0000000089400000, 0x0000000089400000| Untracked 
| 149|0x0000000089500000, 0x0000000089500000, 0x0000000089600000|  0%| F|  |TAMS 0x0000000089500000, 0x0000000089500000| Untracked 
| 150|0x0000000089600000, 0x0000000089600000, 0x0000000089700000|  0%| F|  |TAMS 0x0000000089600000, 0x0000000089600000| Untracked 
| 151|0x0000000089700000, 0x0000000089700000, 0x0000000089800000|  0%| F|  |TAMS 0x0000000089700000, 0x0000000089700000| Untracked 
| 152|0x0000000089800000, 0x0000000089800000, 0x0000000089900000|  0%| F|  |TAMS 0x0000000089800000, 0x0000000089800000| Untracked 
| 153|0x0000000089900000, 0x0000000089900000, 0x0000000089a00000|  0%| F|  |TAMS 0x0000000089900000, 0x0000000089900000| Untracked 
| 154|0x0000000089a00000, 0x0000000089a00000, 0x0000000089b00000|  0%| F|  |TAMS 0x0000000089a00000, 0x0000000089a00000| Untracked 
| 155|0x0000000089b00000, 0x0000000089b00000, 0x0000000089c00000|  0%| F|  |TAMS 0x0000000089b00000, 0x0000000089b00000| Untracked 
| 156|0x0000000089c00000, 0x0000000089c00000, 0x0000000089d00000|  0%| F|  |TAMS 0x0000000089c00000, 0x0000000089c00000| Untracked 
| 157|0x0000000089d00000, 0x0000000089d00000, 0x0000000089e00000|  0%| F|  |TAMS 0x0000000089d00000, 0x0000000089d00000| Untracked 
| 158|0x0000000089e00000, 0x0000000089e00000, 0x0000000089f00000|  0%| F|  |TAMS 0x0000000089e00000, 0x0000000089e00000| Untracked 
| 159|0x0000000089f00000, 0x0000000089f00000, 0x000000008a000000|  0%| F|  |TAMS 0x0000000089f00000, 0x0000000089f00000| Untracked 
| 160|0x000000008a000000, 0x000000008a000000, 0x000000008a100000|  0%| F|  |TAMS 0x000000008a000000, 0x000000008a000000| Untracked 
| 161|0x000000008a100000, 0x000000008a100000, 0x000000008a200000|  0%| F|  |TAMS 0x000000008a100000, 0x000000008a100000| Untracked 
| 162|0x000000008a200000, 0x000000008a200000, 0x000000008a300000|  0%| F|  |TAMS 0x000000008a200000, 0x000000008a200000| Untracked 
| 163|0x000000008a300000, 0x000000008a300000, 0x000000008a400000|  0%| F|  |TAMS 0x000000008a300000, 0x000000008a300000| Untracked 
| 164|0x000000008a400000, 0x000000008a400000, 0x000000008a500000|  0%| F|  |TAMS 0x000000008a400000, 0x000000008a400000| Untracked 
| 165|0x000000008a500000, 0x000000008a500000, 0x000000008a600000|  0%| F|  |TAMS 0x000000008a500000, 0x000000008a500000| Untracked 
| 166|0x000000008a600000, 0x000000008a600000, 0x000000008a700000|  0%| F|  |TAMS 0x000000008a600000, 0x000000008a600000| Untracked 
| 167|0x000000008a700000, 0x000000008a700000, 0x000000008a800000|  0%| F|  |TAMS 0x000000008a700000, 0x000000008a700000| Untracked 
| 168|0x000000008a800000, 0x000000008a800000, 0x000000008a900000|  0%| F|  |TAMS 0x000000008a800000, 0x000000008a800000| Untracked 
| 169|0x000000008a900000, 0x000000008a900000, 0x000000008aa00000|  0%| F|  |TAMS 0x000000008a900000, 0x000000008a900000| Untracked 
| 170|0x000000008aa00000, 0x000000008aa00000, 0x000000008ab00000|  0%| F|  |TAMS 0x000000008aa00000, 0x000000008aa00000| Untracked 
| 171|0x000000008ab00000, 0x000000008ab00000, 0x000000008ac00000|  0%| F|  |TAMS 0x000000008ab00000, 0x000000008ab00000| Untracked 
| 172|0x000000008ac00000, 0x000000008ac00000, 0x000000008ad00000|  0%| F|  |TAMS 0x000000008ac00000, 0x000000008ac00000| Untracked 
| 173|0x000000008ad00000, 0x000000008ad00000, 0x000000008ae00000|  0%| F|  |TAMS 0x000000008ad00000, 0x000000008ad00000| Untracked 
| 174|0x000000008ae00000, 0x000000008ae00000, 0x000000008af00000|  0%| F|  |TAMS 0x000000008ae00000, 0x000000008ae00000| Untracked 
| 175|0x000000008af00000, 0x000000008af00000, 0x000000008b000000|  0%| F|  |TAMS 0x000000008af00000, 0x000000008af00000| Untracked 
| 176|0x000000008b000000, 0x000000008b000000, 0x000000008b100000|  0%| F|  |TAMS 0x000000008b000000, 0x000000008b000000| Untracked 
| 177|0x000000008b100000, 0x000000008b100000, 0x000000008b200000|  0%| F|  |TAMS 0x000000008b100000, 0x000000008b100000| Untracked 
| 178|0x000000008b200000, 0x000000008b200000, 0x000000008b300000|  0%| F|  |TAMS 0x000000008b200000, 0x000000008b200000| Untracked 
| 179|0x000000008b300000, 0x000000008b300000, 0x000000008b400000|  0%| F|  |TAMS 0x000000008b300000, 0x000000008b300000| Untracked 
| 180|0x000000008b400000, 0x000000008b400000, 0x000000008b500000|  0%| F|  |TAMS 0x000000008b400000, 0x000000008b400000| Untracked 
| 181|0x000000008b500000, 0x000000008b500000, 0x000000008b600000|  0%| F|  |TAMS 0x000000008b500000, 0x000000008b500000| Untracked 
| 182|0x000000008b600000, 0x000000008b600000, 0x000000008b700000|  0%| F|  |TAMS 0x000000008b600000, 0x000000008b600000| Untracked 
| 183|0x000000008b700000, 0x000000008b700000, 0x000000008b800000|  0%| F|  |TAMS 0x000000008b700000, 0x000000008b700000| Untracked 
| 184|0x000000008b800000, 0x000000008b800000, 0x000000008b900000|  0%| F|  |TAMS 0x000000008b800000, 0x000000008b800000| Untracked 
| 185|0x000000008b900000, 0x000000008b900000, 0x000000008ba00000|  0%| F|  |TAMS 0x000000008b900000, 0x000000008b900000| Untracked 
| 186|0x000000008ba00000, 0x000000008ba00000, 0x000000008bb00000|  0%| F|  |TAMS 0x000000008ba00000, 0x000000008ba00000| Untracked 
| 187|0x000000008bb00000, 0x000000008bbdab00, 0x000000008bc00000| 85%| E|  |TAMS 0x000000008bb00000, 0x000000008bb00000| Complete 
| 188|0x000000008bc00000, 0x000000008bd00000, 0x000000008bd00000|100%| E|CS|TAMS 0x000000008bc00000, 0x000000008bc00000| Complete 
| 189|0x000000008bd00000, 0x000000008be00000, 0x000000008be00000|100%| E|CS|TAMS 0x000000008bd00000, 0x000000008bd00000| Complete 
| 190|0x000000008be00000, 0x000000008bf00000, 0x000000008bf00000|100%| E|CS|TAMS 0x000000008be00000, 0x000000008be00000| Complete 
| 191|0x000000008bf00000, 0x000000008c000000, 0x000000008c000000|100%| E|CS|TAMS 0x000000008bf00000, 0x000000008bf00000| Complete 
| 192|0x000000008c000000, 0x000000008c100000, 0x000000008c100000|100%| E|CS|TAMS 0x000000008c000000, 0x000000008c000000| Complete 
| 193|0x000000008c100000, 0x000000008c200000, 0x000000008c200000|100%| E|CS|TAMS 0x000000008c100000, 0x000000008c100000| Complete 
| 194|0x000000008c200000, 0x000000008c300000, 0x000000008c300000|100%| E|CS|TAMS 0x000000008c200000, 0x000000008c200000| Complete 
| 195|0x000000008c300000, 0x000000008c400000, 0x000000008c400000|100%| E|CS|TAMS 0x000000008c300000, 0x000000008c300000| Complete 
| 196|0x000000008c400000, 0x000000008c500000, 0x000000008c500000|100%| E|CS|TAMS 0x000000008c400000, 0x000000008c400000| Complete 
| 197|0x000000008c500000, 0x000000008c600000, 0x000000008c600000|100%| E|CS|TAMS 0x000000008c500000, 0x000000008c500000| Complete 
| 198|0x000000008c600000, 0x000000008c700000, 0x000000008c700000|100%| E|CS|TAMS 0x000000008c600000, 0x000000008c600000| Complete 
| 199|0x000000008c700000, 0x000000008c800000, 0x000000008c800000|100%| E|CS|TAMS 0x000000008c700000, 0x000000008c700000| Complete 
| 200|0x000000008c800000, 0x000000008c900000, 0x000000008c900000|100%| E|CS|TAMS 0x000000008c800000, 0x000000008c800000| Complete 
| 201|0x000000008c900000, 0x000000008ca00000, 0x000000008ca00000|100%| E|CS|TAMS 0x000000008c900000, 0x000000008c900000| Complete 
| 202|0x000000008ca00000, 0x000000008cb00000, 0x000000008cb00000|100%| E|CS|TAMS 0x000000008ca00000, 0x000000008ca00000| Complete 
| 203|0x000000008cb00000, 0x000000008cc00000, 0x000000008cc00000|100%| E|CS|TAMS 0x000000008cb00000, 0x000000008cb00000| Complete 
| 204|0x000000008cc00000, 0x000000008cd00000, 0x000000008cd00000|100%| E|  |TAMS 0x000000008cc00000, 0x000000008cc00000| Complete 
| 205|0x000000008cd00000, 0x000000008ce00000, 0x000000008ce00000|100%| E|CS|TAMS 0x000000008cd00000, 0x000000008cd00000| Complete 
| 206|0x000000008ce00000, 0x000000008cf00000, 0x000000008cf00000|100%| E|CS|TAMS 0x000000008ce00000, 0x000000008ce00000| Complete 
| 207|0x000000008cf00000, 0x000000008d000000, 0x000000008d000000|100%| E|CS|TAMS 0x000000008cf00000, 0x000000008cf00000| Complete 
| 208|0x000000008d000000, 0x000000008d100000, 0x000000008d100000|100%| E|CS|TAMS 0x000000008d000000, 0x000000008d000000| Complete 
| 209|0x000000008d100000, 0x000000008d200000, 0x000000008d200000|100%| E|CS|TAMS 0x000000008d100000, 0x000000008d100000| Complete 
| 210|0x000000008d200000, 0x000000008d300000, 0x000000008d300000|100%| E|CS|TAMS 0x000000008d200000, 0x000000008d200000| Complete 
| 211|0x000000008d300000, 0x000000008d400000, 0x000000008d400000|100%| E|CS|TAMS 0x000000008d300000, 0x000000008d300000| Complete 
| 212|0x000000008d400000, 0x000000008d500000, 0x000000008d500000|100%| E|CS|TAMS 0x000000008d400000, 0x000000008d400000| Complete 
| 213|0x000000008d500000, 0x000000008d600000, 0x000000008d600000|100%| E|CS|TAMS 0x000000008d500000, 0x000000008d500000| Complete 
| 214|0x000000008d600000, 0x000000008d651060, 0x000000008d700000| 31%| S|CS|TAMS 0x000000008d600000, 0x000000008d600000| Complete 
| 215|0x000000008d700000, 0x000000008d800000, 0x000000008d800000|100%| S|CS|TAMS 0x000000008d700000, 0x000000008d700000| Complete 
| 216|0x000000008d800000, 0x000000008d900000, 0x000000008d900000|100%| E|CS|TAMS 0x000000008d800000, 0x000000008d800000| Complete 
| 217|0x000000008d900000, 0x000000008da00000, 0x000000008da00000|100%| E|CS|TAMS 0x000000008d900000, 0x000000008d900000| Complete 
| 218|0x000000008da00000, 0x000000008db00000, 0x000000008db00000|100%| E|CS|TAMS 0x000000008da00000, 0x000000008da00000| Complete 
| 219|0x000000008db00000, 0x000000008dc00000, 0x000000008dc00000|100%| E|CS|TAMS 0x000000008db00000, 0x000000008db00000| Complete 

Card table byte_map: [0x000001fdc3830000,0x000001fdc3c30000] _byte_map_base: 0x000001fdc3430000

Marking Bits (Prev, Next): (CMBitMap*) 0x000001fdb0651558, (CMBitMap*) 0x000001fdb0651590
 Prev Bits: [0x000001fdc4030000, 0x000001fdc6030000)
 Next Bits: [0x000001fdc6030000, 0x000001fdc8030000)

Polling page: 0x000001fdae4f0000

Metaspace:

Usage:
  Non-class:    101.07 MB capacity,    98.91 MB ( 98%) used,     1.76 MB (  2%) free+waste,   412.31 KB ( <1%) overhead. 
      Class:     15.94 MB capacity,    14.58 MB ( 91%) used,     1.16 MB (  7%) free+waste,   199.69 KB (  1%) overhead. 
       Both:    117.01 MB capacity,   113.50 MB ( 97%) used,     2.92 MB (  2%) free+waste,   612.00 KB ( <1%) overhead. 

Virtual space:
  Non-class space:      102.00 MB reserved,     101.25 MB (>99%) committed 
      Class space:        1.00 GB reserved,      16.07 MB (  2%) committed 
             Both:        1.10 GB reserved,     117.32 MB ( 10%) committed 

Chunk freelists:
   Non-Class:  51.00 KB
       Class:  27.00 KB
        Both:  78.00 KB

MaxMetaspaceSize: 17179869184.00 GB
CompressedClassSpaceSize: 1.00 GB

CodeHeap 'non-profiled nmethods': size=120000Kb used=9995Kb max_used=9995Kb free=110005Kb
 bounds [0x000001fdbbbd0000, 0x000001fdbc5a0000, 0x000001fdc3100000]
CodeHeap 'profiled nmethods': size=120000Kb used=33958Kb max_used=33958Kb free=86041Kb
 bounds [0x000001fdb46a0000, 0x000001fdb67d0000, 0x000001fdbbbd0000]
CodeHeap 'non-nmethods': size=5760Kb used=2335Kb max_used=2386Kb free=3424Kb
 bounds [0x000001fdb4100000, 0x000001fdb4370000, 0x000001fdb46a0000]
 total_blobs=16941 nmethods=15988 adapters=864
 compilation: enabled
              stopped_count=0, restarted_count=0
 full_count=0

Compilation events (20 events):
Event: 27.712 Thread 0x000001fdcdb35800 nmethod 16148 0x000001fdbc587810 code [0x000001fdbc5879a0, 0x000001fdbc587d38]
Event: 27.712 Thread 0x000001fdcdb35800 16209       4       com.android.tools.r8.internal.jt$$Lambda$1958/0x0000000100f20040::apply (16 bytes)
Event: 27.713 Thread 0x000001fdcb3a1000 nmethod 16210 0x000001fdb676b190 code [0x000001fdb676b560, 0x000001fdb676d118]
Event: 27.713 Thread 0x000001fdcb3a1000 16203       3       com.android.tools.r8.graph.i::a (38 bytes)
Event: 27.713 Thread 0x000001fdcdb35800 nmethod 16209 0x000001fdbc587e90 code [0x000001fdbc588020, 0x000001fdbc588118]
Event: 27.713 Thread 0x000001fdcdb35800 16213       4       java.util.Collections$UnmodifiableCollection::<init> (22 bytes)
Event: 27.713 Thread 0x000001fdcb3a1000 nmethod 16203 0x000001fdb676d990 code [0x000001fdb676db80, 0x000001fdb676e0b8]
Event: 27.714 Thread 0x000001fdcb3a1000 16216       3       com.android.tools.r8.internal.X4::k (14 bytes)
Event: 27.714 Thread 0x000001fdcb3a1000 nmethod 16216 0x000001fdb676e290 code [0x000001fdb676e440, 0x000001fdb676e608]
Event: 27.714 Thread 0x000001fdcb3a1000 16215       3       com.android.tools.r8.internal.dG::k (4 bytes)
Event: 27.714 Thread 0x000001fdcb3a1000 nmethod 16215 0x000001fdb676e710 code [0x000001fdb676e8c0, 0x000001fdb676e9f8]
Event: 27.714 Thread 0x000001fdcb3a1000 16211       3       com.android.tools.r8.internal.ff::<init> (25 bytes)
Event: 27.714 Thread 0x000001fdcb3a1000 nmethod 16211 0x000001fdb676ea90 code [0x000001fdb676ec60, 0x000001fdb676ef68]
Event: 27.714 Thread 0x000001fdcb3a1000 16219       3       com.android.tools.r8.internal.QG::D (13 bytes)
Event: 27.715 Thread 0x000001fdcb3a1000 nmethod 16219 0x000001fdb676f090 code [0x000001fdb676f240, 0x000001fdb676f4d8]
Event: 27.715 Thread 0x000001fdcb3a1000 16217       3       com.android.tools.r8.internal.zi::I (4 bytes)
Event: 27.715 Thread 0x000001fdcb3a1000 nmethod 16217 0x000001fdb676f590 code [0x000001fdb676f740, 0x000001fdb676f838]
Event: 27.715 Thread 0x000001fdcb3a1000 16220       3       com.android.tools.r8.internal.Of::a (60 bytes)
Event: 27.715 Thread 0x000001fdcb3a1000 nmethod 16220 0x000001fdb676f910 code [0x000001fdb676fb40, 0x000001fdb67704c8]
Event: 27.715 Thread 0x000001fdcb3a1000 16222       2       java.lang.Long::hashCode (8 bytes)

GC Heap History (20 events):
Event: 19.227 GC heap before
{Heap before GC invocations=25 (full 0):
 garbage-first heap   total 225280K, used 171753K [0x0000000080000000, 0x0000000100000000)
  region size 1024K, 71 young (72704K), 6 survivors (6144K)
 Metaspace       used 89230K, capacity 91370K, committed 91724K, reserved 1128448K
  class space    used 11189K, capacity 11936K, committed 12108K, reserved 1048576K
}
Event: 19.238 GC heap after
{Heap after GC invocations=26 (full 0):
 garbage-first heap   total 225280K, used 109059K [0x0000000080000000, 0x0000000100000000)
  region size 1024K, 7 young (7168K), 7 survivors (7168K)
 Metaspace       used 89230K, capacity 91370K, committed 91724K, reserved 1128448K
  class space    used 11189K, capacity 11936K, committed 12108K, reserved 1048576K
}
Event: 19.905 GC heap before
{Heap before GC invocations=26 (full 0):
 garbage-first heap   total 225280K, used 173571K [0x0000000080000000, 0x0000000100000000)
  region size 1024K, 71 young (72704K), 7 survivors (7168K)
 Metaspace       used 90672K, capacity 92921K, committed 93132K, reserved 1130496K
  class space    used 11350K, capacity 12114K, committed 12236K, reserved 1048576K
}
Event: 19.913 GC heap after
{Heap after GC invocations=27 (full 0):
 garbage-first heap   total 225280K, used 108605K [0x0000000080000000, 0x0000000100000000)
  region size 1024K, 4 young (4096K), 4 survivors (4096K)
 Metaspace       used 90672K, capacity 92921K, committed 93132K, reserved 1130496K
  class space    used 11350K, capacity 12114K, committed 12236K, reserved 1048576K
}
Event: 20.634 GC heap before
{Heap before GC invocations=28 (full 0):
 garbage-first heap   total 225280K, used 159805K [0x0000000080000000, 0x0000000100000000)
  region size 1024K, 70 young (71680K), 4 survivors (4096K)
 Metaspace       used 91344K, capacity 93667K, committed 93900K, reserved 1130496K
  class space    used 11401K, capacity 12194K, committed 12236K, reserved 1048576K
}
Event: 20.645 GC heap after
{Heap after GC invocations=29 (full 0):
 garbage-first heap   total 225280K, used 100638K [0x0000000080000000, 0x0000000100000000)
  region size 1024K, 9 young (9216K), 9 survivors (9216K)
 Metaspace       used 91344K, capacity 93667K, committed 93900K, reserved 1130496K
  class space    used 11401K, capacity 12194K, committed 12236K, reserved 1048576K
}
Event: 20.667 GC heap before
{Heap before GC invocations=29 (full 0):
 garbage-first heap   total 225280K, used 101662K [0x0000000080000000, 0x0000000100000000)
  region size 1024K, 11 young (11264K), 9 survivors (9216K)
 Metaspace       used 91404K, capacity 93731K, committed 93900K, reserved 1130496K
  class space    used 11412K, capacity 12194K, committed 12236K, reserved 1048576K
}
Event: 20.678 GC heap after
{Heap after GC invocations=30 (full 0):
 garbage-first heap   total 225280K, used 93906K [0x0000000080000000, 0x0000000100000000)
  region size 1024K, 2 young (2048K), 2 survivors (2048K)
 Metaspace       used 91404K, capacity 93731K, committed 93900K, reserved 1130496K
  class space    used 11412K, capacity 12194K, committed 12236K, reserved 1048576K
}
Event: 21.245 GC heap before
{Heap before GC invocations=30 (full 0):
 garbage-first heap   total 225280K, used 167634K [0x0000000080000000, 0x0000000100000000)
  region size 1024K, 75 young (76800K), 2 survivors (2048K)
 Metaspace       used 93743K, capacity 96020K, committed 96332K, reserved 1132544K
  class space    used 11735K, capacity 12547K, committed 12620K, reserved 1048576K
}
Event: 21.251 GC heap after
{Heap after GC invocations=31 (full 0):
 garbage-first heap   total 225280K, used 94431K [0x0000000080000000, 0x0000000100000000)
  region size 1024K, 2 young (2048K), 2 survivors (2048K)
 Metaspace       used 93743K, capacity 96020K, committed 96332K, reserved 1132544K
  class space    used 11735K, capacity 12547K, committed 12620K, reserved 1048576K
}
Event: 24.249 GC heap before
{Heap before GC invocations=31 (full 0):
 garbage-first heap   total 225280K, used 175327K [0x0000000080000000, 0x0000000100000000)
  region size 1024K, 82 young (83968K), 2 survivors (2048K)
 Metaspace       used 96369K, capacity 98747K, committed 98892K, reserved 1134592K
  class space    used 12015K, capacity 12860K, committed 12876K, reserved 1048576K
}
Event: 24.257 GC heap after
{Heap after GC invocations=32 (full 0):
 garbage-first heap   total 225280K, used 99078K [0x0000000080000000, 0x0000000100000000)
  region size 1024K, 7 young (7168K), 7 survivors (7168K)
 Metaspace       used 96369K, capacity 98747K, committed 98892K, reserved 1134592K
  class space    used 12015K, capacity 12860K, committed 12876K, reserved 1048576K
}
Event: 26.227 GC heap before
{Heap before GC invocations=32 (full 0):
 garbage-first heap   total 225280K, used 178950K [0x0000000080000000, 0x0000000100000000)
  region size 1024K, 84 young (86016K), 7 survivors (7168K)
 Metaspace       used 103846K, capacity 106363K, committed 106572K, reserved 1142784K
  class space    used 12948K, capacity 13822K, committed 13900K, reserved 1048576K
}
Event: 26.243 GC heap after
{Heap after GC invocations=33 (full 0):
 garbage-first heap   total 225280K, used 111261K [0x0000000080000000, 0x0000000100000000)
  region size 1024K, 11 young (11264K), 11 survivors (11264K)
 Metaspace       used 103846K, capacity 106363K, committed 106572K, reserved 1142784K
  class space    used 12948K, capacity 13822K, committed 13900K, reserved 1048576K
}
Event: 26.761 GC heap before
{Heap before GC invocations=33 (full 0):
 garbage-first heap   total 225280K, used 144029K [0x0000000080000000, 0x0000000100000000)
  region size 1024K, 44 young (45056K), 11 survivors (11264K)
 Metaspace       used 105755K, capacity 108319K, committed 108620K, reserved 1144832K
  class space    used 13154K, capacity 14062K, committed 14156K, reserved 1048576K
}
Event: 26.777 GC heap after
{Heap after GC invocations=34 (full 0):
 garbage-first heap   total 225280K, used 115999K [0x0000000080000000, 0x0000000100000000)
  region size 1024K, 6 young (6144K), 6 survivors (6144K)
 Metaspace       used 105755K, capacity 108319K, committed 108620K, reserved 1144832K
  class space    used 13154K, capacity 14062K, committed 14156K, reserved 1048576K
}
Event: 27.322 GC heap before
{Heap before GC invocations=35 (full 0):
 garbage-first heap   total 225280K, used 169247K [0x0000000080000000, 0x0000000100000000)
  region size 1024K, 56 young (57344K), 6 survivors (6144K)
 Metaspace       used 110589K, capacity 113452K, committed 113484K, reserved 1148928K
  class space    used 13876K, capacity 14904K, committed 14924K, reserved 1048576K
}
Event: 27.337 GC heap after
{Heap after GC invocations=36 (full 0):
 garbage-first heap   total 225280K, used 124320K [0x0000000080000000, 0x0000000100000000)
  region size 1024K, 7 young (7168K), 7 survivors (7168K)
 Metaspace       used 110589K, capacity 113452K, committed 113484K, reserved 1148928K
  class space    used 13876K, capacity 14904K, committed 14924K, reserved 1048576K
}
Event: 27.403 GC heap before
{Heap before GC invocations=36 (full 0):
 garbage-first heap   total 225280K, used 127392K [0x0000000080000000, 0x0000000100000000)
  region size 1024K, 11 young (11264K), 7 survivors (7168K)
 Metaspace       used 111466K, capacity 114417K, committed 114508K, reserved 1148928K
  class space    used 14015K, capacity 15093K, committed 15180K, reserved 1048576K
}
Event: 27.416 GC heap after
{Heap after GC invocations=37 (full 0):
 garbage-first heap   total 225280K, used 118084K [0x0000000080000000, 0x0000000100000000)
  region size 1024K, 2 young (2048K), 2 survivors (2048K)
 Metaspace       used 111466K, capacity 114417K, committed 114508K, reserved 1148928K
  class space    used 14015K, capacity 15093K, committed 15180K, reserved 1048576K
}

Deoptimization events (20 events):
Event: 27.698 Thread 0x000001fdd837c800 Uncommon trap: trap_request=0xffffffc6 fr.pc=0x000001fdbc55e200 relative=0x0000000000000380
Event: 27.698 Thread 0x000001fdd837c800 Uncommon trap: reason=bimorphic_or_optimized_type_check action=maybe_recompile pc=0x000001fdbc55e200 method=com.android.tools.r8.internal.Sb$a.hashCode()I @ 26 c2
Event: 27.698 Thread 0x000001fdd837c800 DEOPT PACKING pc=0x000001fdbc55e200 sp=0x00000075e08fc6e0
Event: 27.698 Thread 0x000001fdd837c800 DEOPT UNPACKING pc=0x000001fdb41278af sp=0x00000075e08fc678 mode 2
Event: 27.698 Thread 0x000001fdd837c800 Uncommon trap: trap_request=0xffffffc6 fr.pc=0x000001fdbc55e200 relative=0x0000000000000380
Event: 27.698 Thread 0x000001fdd837c800 Uncommon trap: reason=bimorphic_or_optimized_type_check action=maybe_recompile pc=0x000001fdbc55e200 method=com.android.tools.r8.internal.Sb$a.hashCode()I @ 26 c2
Event: 27.698 Thread 0x000001fdd837c800 DEOPT PACKING pc=0x000001fdbc55e200 sp=0x00000075e08fc720
Event: 27.698 Thread 0x000001fdd837c800 DEOPT UNPACKING pc=0x000001fdb41278af sp=0x00000075e08fc6b8 mode 2
Event: 27.698 Thread 0x000001fdd837c800 Uncommon trap: trap_request=0xffffffc6 fr.pc=0x000001fdbc55e200 relative=0x0000000000000380
Event: 27.698 Thread 0x000001fdd837c800 Uncommon trap: reason=bimorphic_or_optimized_type_check action=maybe_recompile pc=0x000001fdbc55e200 method=com.android.tools.r8.internal.Sb$a.hashCode()I @ 26 c2
Event: 27.698 Thread 0x000001fdd837c800 DEOPT PACKING pc=0x000001fdbc55e200 sp=0x00000075e08fc6e0
Event: 27.698 Thread 0x000001fdd837c800 DEOPT UNPACKING pc=0x000001fdb41278af sp=0x00000075e08fc678 mode 2
Event: 27.699 Thread 0x000001fdd837c800 Uncommon trap: trap_request=0xffffff4d fr.pc=0x000001fdbbe21c28 relative=0x0000000000001488
Event: 27.699 Thread 0x000001fdd837c800 Uncommon trap: reason=unstable_if action=reinterpret pc=0x000001fdbbe21c28 method=java.util.HashMap.computeIfAbsent(Ljava/lang/Object;Ljava/util/function/Function;)Ljava/lang/Object; @ 145 c2
Event: 27.699 Thread 0x000001fdd837c800 DEOPT PACKING pc=0x000001fdbbe21c28 sp=0x00000075e08fc6a0
Event: 27.699 Thread 0x000001fdd837c800 DEOPT UNPACKING pc=0x000001fdb41278af sp=0x00000075e08fc680 mode 2
Event: 27.705 Thread 0x000001fdd837e000 Uncommon trap: trap_request=0xffffff4d fr.pc=0x000001fdbc543324 relative=0x0000000000000084
Event: 27.705 Thread 0x000001fdd837e000 Uncommon trap: reason=unstable_if action=reinterpret pc=0x000001fdbc543324 method=com.android.tools.r8.internal.Ye.d(I)Z @ 45 c2
Event: 27.705 Thread 0x000001fdd837e000 DEOPT PACKING pc=0x000001fdbc543324 sp=0x00000075e07fbd30
Event: 27.705 Thread 0x000001fdd837e000 DEOPT UNPACKING pc=0x000001fdb41278af sp=0x00000075e07fbcc0 mode 2

Classes redefined (0 events):
No events

Internal exceptions (20 events):
Event: 27.549 Thread 0x000001fdd837c800 Exception <a 'java/lang/IncompatibleClassChangeError'{0x000000008ce8a378}: Found class java.lang.Object, but interface was expected> (0x000000008ce8a378) thrown at [./src/hotspot/share/interpreter/linkResolver.cpp, line 839]
Event: 27.549 Thread 0x000001fdd837e000 Exception <a 'java/lang/IncompatibleClassChangeError'{0x000000008ce68048}: Found class java.lang.Object, but interface was expected> (0x000000008ce68048) thrown at [./src/hotspot/share/interpreter/linkResolver.cpp, line 839]
Event: 27.550 Thread 0x000001fdd837c800 Exception <a 'java/lang/IncompatibleClassChangeError'{0x000000008ce8dfb8}: Found class java.lang.Object, but interface was expected> (0x000000008ce8dfb8) thrown at [./src/hotspot/share/interpreter/linkResolver.cpp, line 839]
Event: 27.550 Thread 0x000001fdd837e000 Exception <a 'java/lang/IncompatibleClassChangeError'{0x000000008ce6d080}: Found class java.lang.Object, but interface was expected> (0x000000008ce6d080) thrown at [./src/hotspot/share/interpreter/linkResolver.cpp, line 839]
Event: 27.551 Thread 0x000001fdd837d000 Exception <a 'java/lang/IncompatibleClassChangeError'{0x000000008ced14e8}: Found class java.lang.Object, but interface was expected> (0x000000008ced14e8) thrown at [./src/hotspot/share/interpreter/linkResolver.cpp, line 839]
Event: 27.563 Thread 0x000001fdd837b800 Exception <a 'java/lang/NoSuchMethodError'{0x000000008cff8d78}: 'void java.lang.invoke.DirectMethodHandle$Holder.invokeVirtual(java.lang.Object, java.lang.Object, int, java.lang.Object)'> (0x000000008cff8d78) thrown at [./src/hotspot/share/interpreter/linkResolver.cpp, line 773]
Event: 27.563 Thread 0x000001fdd837d000 Exception <a 'java/lang/NoSuchMethodError'{0x000000008cd733c0}: 'void java.lang.invoke.DirectMethodHandle$Holder.invokeVirtual(java.lang.Object, java.lang.Object, int, java.lang.Object)'> (0x000000008cd733c0) thrown at [./src/hotspot/share/interpreter/linkResolver.cpp, line 773]
Event: 27.563 Thread 0x000001fdd837b000 Exception <a 'java/lang/NoSuchMethodError'{0x000000008cda0180}: 'void java.lang.invoke.DirectMethodHandle$Holder.invokeVirtual(java.lang.Object, java.lang.Object, int, java.lang.Object)'> (0x000000008cda0180) thrown at [./src/hotspot/share/interpreter/linkResolver.cpp, line 773]
Event: 27.563 Thread 0x000001fdd837e000 Exception <a 'java/lang/NoSuchMethodError'{0x000000008cd3f8c8}: 'void java.lang.invoke.DirectMethodHandle$Holder.invokeVirtual(java.lang.Object, java.lang.Object, int, java.lang.Object)'> (0x000000008cd3f8c8) thrown at [./src/hotspot/share/interpreter/linkResolver.cpp, line 773]
Event: 27.563 Thread 0x000001fdd8379000 Exception <a 'java/lang/NoSuchMethodError'{0x000000008cf78d30}: 'void java.lang.invoke.DirectMethodHandle$Holder.invokeVirtual(java.lang.Object, java.lang.Object, int, java.lang.Object)'> (0x000000008cf78d30) thrown at [./src/hotspot/share/interpreter/linkResolver.cpp, line 773]
Event: 27.565 Thread 0x000001fdd837a000 Exception <a 'java/lang/NoSuchMethodError'{0x000000008ce26848}: 'void java.lang.invoke.DirectMethodHandle$Holder.invokeVirtual(java.lang.Object, java.lang.Object, int, java.lang.Object)'> (0x000000008ce26848) thrown at [./src/hotspot/share/interpreter/linkResolver.cpp, line 773]
Event: 27.625 Thread 0x000001fdd8379000 Exception <a 'java/lang/NoSuchMethodError'{0x000000008ca56c00}: 'int java.lang.invoke.DirectMethodHandle$Holder.invokeSpecial(java.lang.Object, java.lang.Object, java.lang.Object, int, java.lang.Object)'> (0x000000008ca56c00) thrown at [./src/hotspot/share/interpreter/linkResolver.cpp, line 773]
Event: 27.626 Thread 0x000001fdd837b800 Exception <a 'java/lang/NoSuchMethodError'{0x000000008ca385c8}: 'int java.lang.invoke.DirectMethodHandle$Holder.invokeSpecial(java.lang.Object, java.lang.Object, java.lang.Object, int, java.lang.Object)'> (0x000000008ca385c8) thrown at [./src/hotspot/share/interpreter/linkResolver.cpp, line 773]
Event: 27.626 Thread 0x000001fdd837d000 Exception <a 'java/lang/NoSuchMethodError'{0x000000008ca973d8}: 'int java.lang.invoke.DirectMethodHandle$Holder.invokeSpecial(java.lang.Object, java.lang.Object, java.lang.Object, int, java.lang.Object)'> (0x000000008ca973d8) thrown at [./src/hotspot/share/interpreter/linkResolver.cpp, line 773]
Event: 27.635 Thread 0x000001fdd837e000 Exception <a 'java/lang/NoSuchMethodError'{0x000000008ca28418}: 'java.lang.Object java.lang.invoke.DirectMethodHandle$Holder.newInvokeSpecial(java.lang.Object, int)'> (0x000000008ca28418) thrown at [./src/hotspot/share/interpreter/linkResolver.cpp, line 773]
Event: 27.636 Thread 0x000001fdd837d000 Exception <a 'java/lang/NoSuchMethodError'{0x000000008cad2198}: 'java.lang.Object java.lang.invoke.DirectMethodHandle$Holder.newInvokeSpecial(java.lang.Object, int)'> (0x000000008cad2198) thrown at [./src/hotspot/share/interpreter/linkResolver.cpp, line 773]
Event: 27.636 Thread 0x000001fdd837c800 Exception <a 'java/lang/NoSuchMethodError'{0x000000008ca9df98}: 'java.lang.Object java.lang.invoke.DirectMethodHandle$Holder.newInvokeSpecial(java.lang.Object, int)'> (0x000000008ca9df98) thrown at [./src/hotspot/share/interpreter/linkResolver.cpp, line 773]
Event: 27.673 Thread 0x000001fdd837e000 Exception <a 'java/lang/NoSuchMethodError'{0x000000008c765478}: 'java.lang.Object java.lang.invoke.DirectMethodHandle$Holder.invokeSpecial(java.lang.Object, java.lang.Object, java.lang.Object, java.lang.Object, java.lang.Object, java.lang.Object, java.lang.Object, java.lang.Object, java.lang.Object, java.lang.Object, java.lang.Object)'> (0x000000008c765478) thrown at [./src/hotspot/share/interpreter/linkResolver.cpp, line 773]
Event: 27.675 Thread 0x000001fdd837e000 Exception <a 'java/lang/NoSuchMethodError'{0x000000008c531148}: 'java.lang.Object java.lang.invoke.Invokers$Holder.linkToTargetMethod(java.lang.Object, java.lang.Object, java.lang.Object, java.lang.Object, java.lang.Object, java.lang.Object, java.lang.Object, java.lang.Object, java.lang.Object, java.lang.Object)'> (0x000000008c531148) thrown at [./src/hotspot/share/interpreter/linkResolver.cpp, line 773]
Event: 27.696 Thread 0x000001fdd837e000 Exception <a 'java/lang/IncompatibleClassChangeError'{0x000000008c432870}: Found class java.lang.Object, but interface was expected> (0x000000008c432870) thrown at [./src/hotspot/share/interpreter/linkResolver.cpp, line 839]

Events (20 events):
Event: 27.707 loading class com/android/tools/r8/internal/Co
Event: 27.707 loading class com/android/tools/r8/internal/Co done
Event: 27.707 loading class com/android/tools/r8/code/c1
Event: 27.707 loading class com/android/tools/r8/code/c1 done
Event: 27.707 loading class com/android/tools/r8/code/a1
Event: 27.707 loading class com/android/tools/r8/code/a1 done
Event: 27.709 loading class com/android/tools/r8/internal/up
Event: 27.709 loading class com/android/tools/r8/internal/up done
Event: 27.709 loading class com/android/tools/r8/code/Y0
Event: 27.709 loading class com/android/tools/r8/code/Y0 done
Event: 27.709 loading class com/android/tools/r8/internal/Ti
Event: 27.709 loading class com/android/tools/r8/internal/Ti done
Event: 27.710 loading class com/android/tools/r8/code/Q0
Event: 27.710 loading class com/android/tools/r8/code/Q0 done
Event: 27.711 loading class com/android/tools/r8/code/X0
Event: 27.711 loading class com/android/tools/r8/code/X0 done
Event: 27.712 loading class com/android/tools/r8/graph/G$j
Event: 27.712 loading class com/android/tools/r8/graph/G$j done
Event: 27.713 loading class com/android/tools/r8/internal/Z9
Event: 27.713 loading class com/android/tools/r8/internal/Z9 done


Dynamic libraries:
0x00007ff709fd0000 - 0x00007ff709fda000 	C:\Program Files\Android\Android Studio\jre\bin\java.exe
0x00007ff9a1ae0000 - 0x00007ff9a1ce7000 	C:\WINDOWS\SYSTEM32\ntdll.dll
0x00007ff9a0750000 - 0x00007ff9a080d000 	C:\WINDOWS\System32\KERNEL32.DLL
0x00007ff99f1a0000 - 0x00007ff99f514000 	C:\WINDOWS\System32\KERNELBASE.dll
0x00007ff99f7d0000 - 0x00007ff99f8e1000 	C:\WINDOWS\System32\ucrtbase.dll
0x00007ff97e360000 - 0x00007ff97e377000 	C:\Program Files\Android\Android Studio\jre\bin\VCRUNTIME140.dll
0x00007ff981f40000 - 0x00007ff981f59000 	C:\Program Files\Android\Android Studio\jre\bin\jli.dll
0x00007ff99fad0000 - 0x00007ff99fc7c000 	C:\WINDOWS\System32\USER32.dll
0x00007ff99f520000 - 0x00007ff99f546000 	C:\WINDOWS\System32\win32u.dll
0x00007ff99faa0000 - 0x00007ff99fac9000 	C:\WINDOWS\System32\GDI32.dll
0x00007ff985480000 - 0x00007ff985725000 	C:\WINDOWS\WinSxS\amd64_microsoft.windows.common-controls_6595b64144ccf1df_6.0.22000.120_none_9d947278b86cc467\COMCTL32.dll
0x00007ff99f5f0000 - 0x00007ff99f702000 	C:\WINDOWS\System32\gdi32full.dll
0x00007ff99f550000 - 0x00007ff99f5ed000 	C:\WINDOWS\System32\msvcp_win.dll
0x00007ff9a01e0000 - 0x00007ff9a0283000 	C:\WINDOWS\System32\msvcrt.dll
0x00007ff9a0dd0000 - 0x00007ff9a0e01000 	C:\WINDOWS\System32\IMM32.DLL
0x00007ff9718f0000 - 0x00007ff97198d000 	C:\Program Files\Android\Android Studio\jre\bin\msvcp140.dll
0x00007ff967710000 - 0x00007ff9681df000 	C:\Program Files\Android\Android Studio\jre\bin\server\jvm.dll
0x00007ff9a0810000 - 0x00007ff9a08bc000 	C:\WINDOWS\System32\ADVAPI32.dll
0x00007ff9a0d30000 - 0x00007ff9a0dcd000 	C:\WINDOWS\System32\sechost.dll
0x00007ff99f970000 - 0x00007ff99fa91000 	C:\WINDOWS\System32\RPCRT4.dll
0x00007ff99ffd0000 - 0x00007ff99ffd8000 	C:\WINDOWS\System32\PSAPI.DLL
0x00007ff99b1c0000 - 0x00007ff99b1c9000 	C:\WINDOWS\SYSTEM32\WSOCK32.dll
0x00007ff997af0000 - 0x00007ff997b23000 	C:\WINDOWS\SYSTEM32\WINMM.dll
0x00007ff9941c0000 - 0x00007ff9941ca000 	C:\WINDOWS\SYSTEM32\VERSION.dll
0x00007ff9a0290000 - 0x00007ff9a02ff000 	C:\WINDOWS\System32\WS2_32.dll
0x00007ff99e0a0000 - 0x00007ff99e0b8000 	C:\WINDOWS\SYSTEM32\kernel.appcore.dll
0x00007ff99b190000 - 0x00007ff99b1a1000 	C:\Program Files\Android\Android Studio\jre\bin\verify.dll
0x00007ff99cb40000 - 0x00007ff99cd61000 	C:\WINDOWS\SYSTEM32\DBGHELP.DLL
0x00007ff99a130000 - 0x00007ff99a161000 	C:\WINDOWS\SYSTEM32\dbgcore.DLL
0x00007ff99f8f0000 - 0x00007ff99f970000 	C:\WINDOWS\System32\bcryptPrimitives.dll
0x00007ff99a020000 - 0x00007ff99a049000 	C:\Program Files\Android\Android Studio\jre\bin\java.dll
0x00007ff999fb0000 - 0x00007ff999fbb000 	C:\Program Files\Android\Android Studio\jre\bin\jimage.dll
0x00007ff999f90000 - 0x00007ff999fa8000 	C:\Program Files\Android\Android Studio\jre\bin\zip.dll
0x00007ff9a0fd0000 - 0x00007ff9a177a000 	C:\WINDOWS\System32\SHELL32.dll
0x00007ff99d120000 - 0x00007ff99d982000 	C:\WINDOWS\SYSTEM32\windows.storage.dll
0x00007ff9a03d0000 - 0x00007ff9a0748000 	C:\WINDOWS\System32\combase.dll
0x00007ff99cfb0000 - 0x00007ff99d116000 	C:\WINDOWS\SYSTEM32\wintypes.dll
0x00007ff9a19b0000 - 0x00007ff9a1a9a000 	C:\WINDOWS\System32\SHCORE.dll
0x00007ff9a0370000 - 0x00007ff9a03cd000 	C:\WINDOWS\System32\shlwapi.dll
0x00007ff99eef0000 - 0x00007ff99ef11000 	C:\WINDOWS\SYSTEM32\profapi.dll
0x00007ff999130000 - 0x00007ff99914a000 	C:\Program Files\Android\Android Studio\jre\bin\net.dll
0x00007ff999150000 - 0x00007ff99925c000 	C:\WINDOWS\SYSTEM32\WINHTTP.dll
0x00007ff99e4b0000 - 0x00007ff99e517000 	C:\WINDOWS\system32\mswsock.dll
0x00007ff997c50000 - 0x00007ff997c64000 	C:\Program Files\Android\Android Studio\jre\bin\nio.dll
0x00007ff9766c0000 - 0x00007ff9766e7000 	C:\Users\uzach\.gradle\native\8bec1ad78214c89d9ad589b4d07fe93259594b29d510b10fafb7a158f7737e5d\windows-amd64\native-platform.dll
0x00007ff96b290000 - 0x00007ff96b3cd000 	C:\Users\uzach\.gradle\native\53dbd7edfb1c66fb8903c78663c9afc45aea4f116125fa6feffd364cf09443e8\windows-amd64\native-platform-file-events.dll
0x00007ff999f80000 - 0x00007ff999f8a000 	C:\Program Files\Android\Android Studio\jre\bin\management.dll
0x00007ff999120000 - 0x00007ff99912c000 	C:\Program Files\Android\Android Studio\jre\bin\management_ext.dll
0x00007ff99e6d0000 - 0x00007ff99e6e8000 	C:\WINDOWS\SYSTEM32\CRYPTSP.dll
0x00007ff99e000000 - 0x00007ff99e035000 	C:\WINDOWS\system32\rsaenh.dll
0x00007ff99e570000 - 0x00007ff99e599000 	C:\WINDOWS\SYSTEM32\USERENV.dll
0x00007ff99e8b0000 - 0x00007ff99e8d7000 	C:\WINDOWS\SYSTEM32\bcrypt.dll
0x00007ff99e6c0000 - 0x00007ff99e6cc000 	C:\WINDOWS\SYSTEM32\CRYPTBASE.dll
0x00007ff99dc20000 - 0x00007ff99dc4d000 	C:\WINDOWS\SYSTEM32\IPHLPAPI.DLL
0x00007ff9a0100000 - 0x00007ff9a0109000 	C:\WINDOWS\System32\NSI.dll
0x00007ff997260000 - 0x00007ff997279000 	C:\WINDOWS\SYSTEM32\dhcpcsvc6.DLL
0x00007ff9976e0000 - 0x00007ff9976fe000 	C:\WINDOWS\SYSTEM32\dhcpcsvc.DLL
0x00007ff99dc50000 - 0x00007ff99dd37000 	C:\WINDOWS\SYSTEM32\DNSAPI.dll

dbghelp: loaded successfully - version: 4.0.5 - missing functions: none
symbol engine: initialized successfully - sym options: 0x614 - pdb path: .;C:\Program Files\Android\Android Studio\jre\bin;C:\WINDOWS\SYSTEM32;C:\WINDOWS\WinSxS\amd64_microsoft.windows.common-controls_6595b64144ccf1df_6.0.22000.120_none_9d947278b86cc467;C:\Program Files\Android\Android Studio\jre\bin\server;C:\Users\uzach\.gradle\native\8bec1ad78214c89d9ad589b4d07fe93259594b29d510b10fafb7a158f7737e5d\windows-amd64;C:\Users\uzach\.gradle\native\53dbd7edfb1c66fb8903c78663c9afc45aea4f116125fa6feffd364cf09443e8\windows-amd64

VM Arguments:
jvm_args: --add-opens=java.base/java.util=ALL-UNNAMED --add-opens=java.base/java.lang=ALL-UNNAMED --add-opens=java.base/java.lang.invoke=ALL-UNNAMED --add-opens=java.base/java.util=ALL-UNNAMED --add-opens=java.prefs/java.util.prefs=ALL-UNNAMED --add-opens=java.prefs/java.util.prefs=ALL-UNNAMED --add-opens=java.base/java.nio.charset=ALL-UNNAMED --add-opens=java.base/java.net=ALL-UNNAMED --add-opens=java.base/java.util.concurrent.atomic=ALL-UNNAMED -Xmx2048m -Dfile.encoding=UTF-8 -Duser.country=KR -Duser.language=ko -Duser.variant 
java_command: org.gradle.launcher.daemon.bootstrap.GradleDaemon 7.0.2
java_class_path (initial): C:\Users\uzach\.gradle\wrapper\dists\gradle-7.0.2-bin\857tjihv64xamwrf0h14cai3r\gradle-7.0.2\lib\gradle-launcher-7.0.2.jar
Launcher Type: SUN_STANDARD

[Global flags]
     intx CICompilerCount                          = 4                                         {product} {ergonomic}
     uint ConcGCThreads                            = 2                                         {product} {ergonomic}
     uint G1ConcRefinementThreads                  = 8                                         {product} {ergonomic}
   size_t G1HeapRegionSize                         = 1048576                                   {product} {ergonomic}
    uintx GCDrainStackTargetSize                   = 64                                        {product} {ergonomic}
   size_t InitialHeapSize                          = 132120576                                 {product} {ergonomic}
   size_t MarkStackSize                            = 4194304                                   {product} {ergonomic}
   size_t MaxHeapSize                              = 2147483648                                {product} {command line}
   size_t MaxNewSize                               = 1287651328                                {product} {ergonomic}
   size_t MinHeapDeltaBytes                        = 1048576                                   {product} {ergonomic}
    uintx NonNMethodCodeHeapSize                   = 5836300                                {pd product} {ergonomic}
    uintx NonProfiledCodeHeapSize                  = 122910970                              {pd product} {ergonomic}
    uintx ProfiledCodeHeapSize                     = 122910970                              {pd product} {ergonomic}
    uintx ReservedCodeCacheSize                    = 251658240                              {pd product} {ergonomic}
     bool SegmentedCodeCache                       = true                                      {product} {ergonomic}
     bool UseCompressedClassPointers               = true                                 {lp64_product} {ergonomic}
     bool UseCompressedOops                        = true                                 {lp64_product} {ergonomic}
     bool UseG1GC                                  = true                                      {product} {ergonomic}
     bool UseLargePagesIndividualAllocation        = false                                  {pd product} {ergonomic}

Logging:
Log output configuration:
 #0: stdout all=warning uptime,level,tags
 #1: stderr all=off uptime,level,tags

Environment Variables:
JAVA_HOME=C:\Program Files\Java\jdk-17.0.1
PATH=C:\Program Files\Java\jdk-17.0.1\bin\;C:\Program Files\Common Files\Oracle\Java\javapath;C:\Program Files (x86)\Common Files\Oracle\Java\javapath;C:\Program Files (x86)\ActiveState Komodo IDE 12\C:\WINDOWS\system32C:\WINDOWSC:\WINDOWS\System64\Wbem;C:\Program Files (x86)\Intel\Intel(R) Management Engine Components\iCLS\;C:\Program Files\Intel\Intel(R) Management Engine Components\iCLS\;C:\WINDOWS\system32;C:\WINDOWS;C:\WINDOWS\System32\Wbem;C:\WINDOWS\System32\WindowsPowerShell\v1.0\;C:\WINDOWS\System32\OpenSSH\;C:\Program Files (x86)\Intel\Intel(R) Management Engine Components\DAL;C:\Program Files\Intel\Intel(R) Management Engine Components\DAL;C:\Users\uzach\AppData\Local\Android\Sdk\platform-tools;C:\Linux\Git\cmd;C:\Users\uzach\AppData\Local\Programs\Python\Python38\Scripts\;C:\Users\uzach\AppData\Local\Programs\Python\Python38\;C:\Users\uzach\anaconda3\Scripts\;C:\Users\uzach\anaconda3\;C:\Users\uzach\AppData\Local\Programs\Python\Python39\Scripts\;C:\Users\uzach\AppData\Local\Programs\Python\Python39\;C:\Program Files (x86)\Intel\Intel(R) Management Engine Components\iCLS\;C:\Program Files\Intel\Intel(R) Management Engine Components\iCLS\;C:\WINDOWS\system32;C:\WINDOWS;C:\WINDOWS\System32\Wbem;C:\WINDOWS\System32\WindowsPowerShell\v1.0\;C:\WINDOWS\System32\OpenSSH\;C:\Program Files (x86)\Intel\Intel(R) Management Engine Components\DAL;C:\Program Files\Intel\Intel(R) Management Engine Components\DAL;C:\Users\uzach\AppData\Local\Programs\Microsoft VS Code\bin;C:\Users\uzach\.dotnet\tools;C:\Program Files\2019.4.17f1\Editor\Data\PlaybackEngines\AndroidPlayer\OpenJDK\bin;C:\Users\uzach\AppData\Local\Microsoft\WindowsApps;
USERNAME=uzach
OS=Windows_NT
PROCESSOR_IDENTIFIER=Intel64 Family 6 Model 142 Stepping 11, GenuineIntel



---------------  S Y S T E M  ---------------

OS: Windows 10 , 64 bit Build 22000 (10.0.22000.318)
OS uptime: 0 days 1:57 hours
Hyper-V role detected

CPU:total 8 (initial active 8) (4 cores per cpu, 2 threads per core) family 6 model 142 stepping 11 microcode 0xde, cmov, cx8, fxsr, mmx, sse, sse2, sse3, ssse3, sse4.1, sse4.2, popcnt, avx, avx2, aes, clmul, erms, 3dnowpref, lzcnt, ht, tsc, tscinvbit, bmi1, bmi2, adx, fma

Memory: 4k page, system-wide physical 7986M (548M free)
TotalPageFile size 7986M (AvailPageFile size 4M)
current process WorkingSet (physical memory assigned to process): 544M, peak: 544M
current process commit charge ("private bytes"): 578M, peak: 578M

vm_info: OpenJDK 64-Bit Server VM (11.0.10+0-b96-7249189) for windows-amd64 JRE (11.0.10+0-b96-7249189), built on Mar 31 2021 21:44:00 by "builder" with MS VC++ 14.0 (VS2015)

END.
