#
# There is insufficient memory for the Java Runtime Environment to continue.
# Native memory allocation (mmap) failed to map 42991616 bytes for Failed to commit area from 0x000000008cc00000 to 0x000000008f500000 of length 42991616.
# Possible reasons:
#   The system is out of physical RAM or swap space
#   The process is running with CompressedOops enabled, and the Java Heap may be blocking the growth of the native heap
# Possible solutions:
#   Reduce memory load on the system
#   Increase physical memory or swap space
#   Check if swap backing store is full
#   Decrease Java heap size (-Xmx/-Xms)
#   Decrease number of Java threads
#   Decrease Java thread stack sizes (-Xss)
#   Set larger code cache with -XX:ReservedCodeCacheSize=
#   JVM is running with Unscaled Compressed Oops mode in which the Java heap is
#     placed in the first 4GB address space. The Java Heap base address is the
#     maximum limit for the native heap growth. Please use -XX:HeapBaseMinAddress
#     to set the Java Heap base and to place the Java Heap above 4GB virtual address.
# This output file may be truncated or incomplete.
#
#  Out of Memory Error (./src/hotspot/os/windows/os_windows.cpp:3301), pid=2432, tid=7048
#
# JRE version: OpenJDK Runtime Environment (11.0.10) (build 11.0.10+0-b96-7249189)
# Java VM: OpenJDK 64-Bit Server VM (11.0.10+0-b96-7249189, mixed mode, tiered, compressed oops, g1 gc, windows-amd64)
# No core dump will be written. Minidumps are not enabled by default on client versions of Windows
#

---------------  S U M M A R Y ------------

Command Line: --add-opens=java.base/java.util=ALL-UNNAMED --add-opens=java.base/java.lang=ALL-UNNAMED --add-opens=java.base/java.lang.invoke=ALL-UNNAMED --add-opens=java.base/java.util=ALL-UNNAMED --add-opens=java.prefs/java.util.prefs=ALL-UNNAMED --add-opens=java.prefs/java.util.prefs=ALL-UNNAMED --add-opens=java.base/java.nio.charset=ALL-UNNAMED --add-opens=java.base/java.net=ALL-UNNAMED --add-opens=java.base/java.util.concurrent.atomic=ALL-UNNAMED -Xmx2048m -Dfile.encoding=UTF-8 -Duser.country=KR -Duser.language=ko -Duser.variant org.gradle.launcher.daemon.bootstrap.GradleDaemon 7.0.2

Host: Intel(R) Core(TM) i5-8265U CPU @ 1.60GHz, 8 cores, 7G,  Windows 10 , 64 bit Build 22000 (10.0.22000.318)
Time: Mon Nov 15 17:39:54 2021 대한민국 표준시 elapsed time: 3926.655575 seconds (0d 1h 5m 26s)

---------------  T H R E A D  ---------------

Current thread (0x000002576d0e4000):  VMThread "VM Thread" [stack: 0x000000e081900000,0x000000e081a00000] [id=7048]

Stack: [0x000000e081900000,0x000000e081a00000]
[error occurred during error reporting (printing stack bounds), id 0xc0000005, EXCEPTION_ACCESS_VIOLATION (0xc0000005) at pc=0x0000025756760f2d]

Native frames: (J=compiled Java code, j=interpreted, Vv=VM code, C=native code)
V  [jvm.dll+0x5ecfaa]
V  [jvm.dll+0x722bd5]
V  [jvm.dll+0x72412d]
V  [jvm.dll+0x724745]
V  [jvm.dll+0x7246fb]
V  [jvm.dll+0x5ec348]
V  [jvm.dll+0x5ecad8]
C  [ntdll.dll+0xa82ff]
C  [ntdll.dll+0x35a0a]
C  [ntdll.dll+0xa730e]
C  0x0000025756760f2d

VM_Operation (0x000000e0869fa8c0): G1CollectForAllocation, mode: safepoint, requested by thread 0x000002577373f000


---------------  P R O C E S S  ---------------

Threads class SMR info:
_java_thread_list=0x0000025774566680, length=78, elements={
0x0000025752c6f800, 0x000002576d0e6800, 0x000002576d0e8000, 0x000002576da23000,
0x000002576da24000, 0x000002576da25800, 0x000002576da26800, 0x000002576d10f800,
0x000002576d110800, 0x000002576db91000, 0x000002576f383000, 0x000002576ebcd800,
0x000002576fc66800, 0x000002576ea64000, 0x000002576ea5f800, 0x000002576ea65000,
0x000002576ea61000, 0x000002576ea61800, 0x000002576fd9f800, 0x000002576fda2800,
0x000002576fda4800, 0x000002576fda5000, 0x000002576fda0000, 0x000002576fdae000,
0x0000025773735000, 0x0000025773737800, 0x0000025773733800, 0x0000025773734800,
0x0000025773738800, 0x0000025773733000, 0x000002576fdaa000, 0x00000257728e3800,
0x00000257728e2000, 0x0000025778a36000, 0x00000257728e4000, 0x00000257728e1000,
0x0000025778a37800, 0x00000257728df800, 0x00000257728dd800, 0x0000025778a38800,
0x0000025778a3f000, 0x000002576fdab800, 0x00000257728dd000, 0x0000025778a3c800,
0x0000025778a32800, 0x0000025778a34000, 0x0000025778a33800, 0x0000025778a30000,
0x0000025778a35000, 0x0000025778a36800, 0x0000025778a31000, 0x0000025778a31800,
0x0000025778a3a000, 0x0000025778a3d000, 0x0000025778a3e000, 0x0000025778a39000,
0x0000025778a3a800, 0x0000025778a3b800, 0x00000257728de800, 0x00000257728e6000,
0x00000257728e0000, 0x00000257728e6800, 0x00000257728e7800, 0x00000257728e8800,
0x00000257728e2800, 0x00000257728e9000, 0x00000257728ea000, 0x00000257728eb000,
0x00000257728eb800, 0x000002577373b000, 0x000002577373c000, 0x000002577373a000,
0x0000025773736000, 0x000002577373d800, 0x000002577373e000, 0x000002577373f000,
0x0000025773740000, 0x0000025773741800
}

Java Threads: ( => current thread )
  0x0000025752c6f800 JavaThread "main" [_thread_blocked, id=17796, stack(0x000000e081300000,0x000000e081400000)]
  0x000002576d0e6800 JavaThread "Reference Handler" daemon [_thread_blocked, id=1692, stack(0x000000e081a00000,0x000000e081b00000)]
  0x000002576d0e8000 JavaThread "Finalizer" daemon [_thread_blocked, id=10752, stack(0x000000e081b00000,0x000000e081c00000)]
  0x000002576da23000 JavaThread "Signal Dispatcher" daemon [_thread_blocked, id=16600, stack(0x000000e081c00000,0x000000e081d00000)]
  0x000002576da24000 JavaThread "Attach Listener" daemon [_thread_blocked, id=17264, stack(0x000000e081d00000,0x000000e081e00000)]
  0x000002576da25800 JavaThread "Service Thread" daemon [_thread_blocked, id=3368, stack(0x000000e081e00000,0x000000e081f00000)]
  0x000002576da26800 JavaThread "C2 CompilerThread0" daemon [_thread_blocked, id=2232, stack(0x000000e081f00000,0x000000e082000000)]
  0x000002576d10f800 JavaThread "C1 CompilerThread0" daemon [_thread_blocked, id=9572, stack(0x000000e082000000,0x000000e082100000)]
  0x000002576d110800 JavaThread "Sweeper thread" daemon [_thread_blocked, id=11052, stack(0x000000e082100000,0x000000e082200000)]
  0x000002576db91000 JavaThread "Common-Cleaner" daemon [_thread_blocked, id=12932, stack(0x000000e082200000,0x000000e082300000)]
  0x000002576f383000 JavaThread "Daemon health stats" [_thread_blocked, id=18328, stack(0x000000e082400000,0x000000e082500000)]
  0x000002576ebcd800 JavaThread "Incoming local TCP Connector on port 54680" [_thread_in_native, id=4596, stack(0x000000e082700000,0x000000e082800000)]
  0x000002576fc66800 JavaThread "Daemon periodic checks" [_thread_blocked, id=5268, stack(0x000000e082800000,0x000000e082900000)]
  0x000002576ea64000 JavaThread "Cache worker for file hash cache (C:\Users\uzach\.gradle\caches\7.0.2\fileHashes)" [_thread_blocked, id=3168, stack(0x000000e083500000,0x000000e083600000)]
  0x000002576ea5f800 JavaThread "File lock request listener" [_thread_in_native, id=6940, stack(0x000000e083600000,0x000000e083700000)]
  0x000002576ea65000 JavaThread "Cache worker for journal cache (C:\Users\uzach\.gradle\caches\journal-1)" [_thread_blocked, id=4880, stack(0x000000e083800000,0x000000e083900000)]
  0x000002576ea61000 JavaThread "File watcher server" daemon [_thread_blocked, id=13016, stack(0x000000e083b00000,0x000000e083c00000)]
  0x000002576ea61800 JavaThread "File watcher consumer" daemon [_thread_blocked, id=18960, stack(0x000000e083c00000,0x000000e083d00000)]
  0x000002576fd9f800 JavaThread "Cache worker for execution history cache (C:\Users\uzach\.gradle\caches\7.0.2\executionHistory)" [_thread_blocked, id=18640, stack(0x000000e084100000,0x000000e084200000)]
  0x000002576fda2800 JavaThread "jar transforms" [_thread_blocked, id=17952, stack(0x000000e084200000,0x000000e084300000)]
  0x000002576fda4800 JavaThread "jar transforms Thread 2" [_thread_blocked, id=10084, stack(0x000000e084300000,0x000000e084400000)]
  0x000002576fda5000 JavaThread "Cache worker for file content cache (C:\Users\uzach\.gradle\caches\7.0.2\fileContent)" [_thread_blocked, id=8688, stack(0x000000e084400000,0x000000e084500000)]
  0x000002576fda0000 JavaThread "jar transforms Thread 3" [_thread_blocked, id=11836, stack(0x000000e084600000,0x000000e084700000)]
  0x000002576fdae000 JavaThread "jar transforms Thread 4" [_thread_blocked, id=13800, stack(0x000000e085000000,0x000000e085100000)]
  0x0000025773735000 JavaThread "jar transforms Thread 5" [_thread_blocked, id=15076, stack(0x000000e085100000,0x000000e085200000)]
  0x0000025773737800 JavaThread "jar transforms Thread 6" [_thread_blocked, id=17424, stack(0x000000e085200000,0x000000e085300000)]
  0x0000025773733800 JavaThread "jar transforms Thread 7" [_thread_blocked, id=18188, stack(0x000000e085300000,0x000000e085400000)]
  0x0000025773734800 JavaThread "jar transforms Thread 8" [_thread_blocked, id=19320, stack(0x000000e085400000,0x000000e085500000)]
  0x0000025773738800 JavaThread "Memory manager" [_thread_blocked, id=18292, stack(0x000000e085500000,0x000000e085600000)]
  0x0000025773733000 JavaThread "pool-3-thread-1" [_thread_blocked, id=19176, stack(0x000000e085900000,0x000000e085a00000)]
  0x000002576fdaa000 JavaThread "pool-7-thread-1" [_thread_blocked, id=16628, stack(0x000000e084e00000,0x000000e084f00000)]
  0x00000257728e3800 JavaThread "Cache worker for Java compile cache (C:\Users\uzach\.gradle\caches\7.0.2\javaCompile)" [_thread_blocked, id=11676, stack(0x000000e086500000,0x000000e086600000)]
  0x00000257728e2000 JavaThread "pool-12-thread-1" [_thread_blocked, id=16080, stack(0x000000e084f00000,0x000000e085000000)]
  0x0000025778a36000 JavaThread "pool-17-thread-1" [_thread_blocked, id=19008, stack(0x000000e084c00000,0x000000e084d00000)]
  0x00000257728e4000 JavaThread "pool-20-thread-1" [_thread_blocked, id=5368, stack(0x000000e084d00000,0x000000e084e00000)]
  0x00000257728e1000 JavaThread "pool-24-thread-1" [_thread_blocked, id=13760, stack(0x000000e085600000,0x000000e085700000)]
  0x0000025778a37800 JavaThread "pool-27-thread-1" [_thread_blocked, id=15760, stack(0x000000e085700000,0x000000e085800000)]
  0x00000257728df800 JavaThread "pool-30-thread-1" [_thread_blocked, id=11700, stack(0x000000e085800000,0x000000e085900000)]
  0x00000257728dd800 JavaThread "pool-35-thread-1" [_thread_blocked, id=14268, stack(0x000000e085a00000,0x000000e085b00000)]
  0x0000025778a38800 JavaThread "pool-38-thread-1" [_thread_blocked, id=8588, stack(0x000000e085b00000,0x000000e085c00000)]
  0x0000025778a3f000 JavaThread "pool-41-thread-1" [_thread_blocked, id=14092, stack(0x000000e085c00000,0x000000e085d00000)]
  0x000002576fdab800 JavaThread "ForkJoinPool.commonPool-worker-5" daemon [_thread_blocked, id=19228, stack(0x000000e087300000,0x000000e087400000)]
  0x00000257728dd000 JavaThread "pool-45-thread-1" [_thread_blocked, id=9256, stack(0x000000e084b00000,0x000000e084c00000)]
  0x0000025778a3c800 JavaThread "pool-48-thread-1" [_thread_blocked, id=14300, stack(0x000000e085d00000,0x000000e085e00000)]
  0x0000025778a32800 JavaThread "Daemon Thread 10" [_thread_blocked, id=15832, stack(0x000000e081000000,0x000000e081100000)]
  0x0000025778a34000 JavaThread "Handler for socket connection from /127.0.0.1:54680 to /127.0.0.1:55529" [_thread_in_native, id=3796, stack(0x000000e081100000,0x000000e081200000)]
  0x0000025778a33800 JavaThread "C2 CompilerThread1" daemon [_thread_blocked, id=18728, stack(0x000000e081200000,0x000000e081300000)]
  0x0000025778a30000 JavaThread "Cancel handler" [_thread_blocked, id=10212, stack(0x000000e082900000,0x000000e082a00000)]
  0x0000025778a35000 JavaThread "Daemon worker Thread 10" [_thread_blocked, id=13020, stack(0x000000e082a00000,0x000000e082b00000)]
  0x0000025778a36800 JavaThread "Asynchronous log dispatcher for DefaultDaemonConnection: socket connection from /127.0.0.1:54680 to /127.0.0.1:55529" [_thread_blocked, id=11576, stack(0x000000e082b00000,0x000000e082c00000)]
  0x0000025778a31000 JavaThread "Stdin handler" [_thread_blocked, id=8648, stack(0x000000e082c00000,0x000000e082d00000)]
  0x0000025778a31800 JavaThread "Daemon client event forwarder" [_thread_blocked, id=15388, stack(0x000000e082d00000,0x000000e082e00000)]
  0x0000025778a3a000 JavaThread "C2 CompilerThread2" daemon [_thread_blocked, id=11872, stack(0x000000e082e00000,0x000000e082f00000)]
  0x0000025778a3d000 JavaThread "Cache worker for file hash cache (C:\Users\uzach\AndroidStudioProjects\instagram\.gradle\7.0.2\fileHashes)" [_thread_blocked, id=14808, stack(0x000000e082f00000,0x000000e083000000)]
  0x0000025778a3e000 JavaThread "Cache worker for checksums cache (C:\Users\uzach\AndroidStudioProjects\instagram\.gradle\checksums)" [_thread_blocked, id=4040, stack(0x000000e083900000,0x000000e083a00000)]
  0x0000025778a39000 JavaThread "Cache worker for cache directory md-supplier (C:\Users\uzach\.gradle\caches\7.0.2\md-supplier)" [_thread_blocked, id=18388, stack(0x000000e083a00000,0x000000e083b00000)]
  0x0000025778a3a800 JavaThread "Cache worker for cache directory md-rule (C:\Users\uzach\.gradle\caches\7.0.2\md-rule)" [_thread_blocked, id=13656, stack(0x000000e083d00000,0x000000e083e00000)]
  0x0000025778a3b800 JavaThread "Cache worker for dependencies-accessors (C:\Users\uzach\AndroidStudioProjects\instagram\.gradle\7.0.2\dependencies-accessors)" [_thread_blocked, id=14980, stack(0x000000e083e00000,0x000000e083f00000)]
  0x00000257728de800 JavaThread "Cache worker for Build Output Cleanup Cache (C:\Users\uzach\AndroidStudioProjects\instagram\.gradle\buildOutputCleanup)" [_thread_blocked, id=8992, stack(0x000000e083f00000,0x000000e084000000)]
  0x00000257728e6000 JavaThread "Build operations" [_thread_blocked, id=8592, stack(0x000000e084000000,0x000000e084100000)]
  0x00000257728e0000 JavaThread "Build operations Thread 2" [_thread_blocked, id=18620, stack(0x000000e084500000,0x000000e084600000)]
  0x00000257728e6800 JavaThread "Build operations Thread 3" [_thread_blocked, id=17888, stack(0x000000e084700000,0x000000e084800000)]
  0x00000257728e7800 JavaThread "Build operations Thread 4" [_thread_blocked, id=17772, stack(0x000000e084800000,0x000000e084900000)]
  0x00000257728e8800 JavaThread "Build operations Thread 5" [_thread_blocked, id=12728, stack(0x000000e084900000,0x000000e084a00000)]
  0x00000257728e2800 JavaThread "Build operations Thread 6" [_thread_blocked, id=4732, stack(0x000000e084a00000,0x000000e084b00000)]
  0x00000257728e9000 JavaThread "Build operations Thread 7" [_thread_blocked, id=844, stack(0x000000e085e00000,0x000000e085f00000)]
  0x00000257728ea000 JavaThread "Build operations Thread 8" [_thread_blocked, id=9292, stack(0x000000e085f00000,0x000000e086000000)]
  0x00000257728eb000 JavaThread "build event listener" [_thread_blocked, id=11896, stack(0x000000e086000000,0x000000e086100000)]
  0x00000257728eb800 JavaThread "pool-51-thread-1" [_thread_blocked, id=17680, stack(0x000000e086100000,0x000000e086200000)]
  0x000002577373b000 JavaThread "build event listener" [_thread_blocked, id=13032, stack(0x000000e086200000,0x000000e086300000)]
  0x000002577373c000 JavaThread "Execution worker for ':'" [_thread_blocked, id=12688, stack(0x000000e086300000,0x000000e086400000)]
  0x000002577373a000 JavaThread "Execution worker for ':' Thread 2" [_thread_blocked, id=15480, stack(0x000000e086400000,0x000000e086500000)]
  0x0000025773736000 JavaThread "Execution worker for ':' Thread 3" [_thread_blocked, id=17164, stack(0x000000e086600000,0x000000e086700000)]
  0x000002577373d800 JavaThread "Execution worker for ':' Thread 4" [_thread_blocked, id=14876, stack(0x000000e086700000,0x000000e086800000)]
  0x000002577373e000 JavaThread "Execution worker for ':' Thread 5" [_thread_blocked, id=6448, stack(0x000000e086800000,0x000000e086900000)]
  0x000002577373f000 JavaThread "Execution worker for ':' Thread 6" [_thread_blocked, id=5088, stack(0x000000e086900000,0x000000e086a00000)]
  0x0000025773740000 JavaThread "Execution worker for ':' Thread 7" [_thread_blocked, id=14708, stack(0x000000e086a00000,0x000000e086b00000)]
  0x0000025773741800 JavaThread "Cache worker for execution history cache (C:\Users\uzach\AndroidStudioProjects\instagram\.gradle\7.0.2\executionHistory)" [_thread_blocked, id=7816, stack(0x000000e086b00000,0x000000e086c00000)]

Other Threads:
=>0x000002576d0e4000 VMThread "VM Thread" [stack: 0x000000e081900000,0x000000e081a00000] [id=7048]
  0x000002576dba3800 WatcherThread [stack: 0x000000e082300000,0x000000e082400000] [id=13396]
  0x0000025752c8a800 GCTaskThread "GC Thread#0" [stack: 0x000000e081400000,0x000000e081500000] [id=15912]
  0x000002576df33000 GCTaskThread "GC Thread#1" [stack: 0x000000e082500000,0x000000e082600000] [id=17536]
  0x000002576e811800 GCTaskThread "GC Thread#2" [stack: 0x000000e082600000,0x000000e082700000] [id=18564]
  0x000002576ddb3800 GCTaskThread "GC Thread#3" [stack: 0x000000e083000000,0x000000e083100000] [id=12548]
  0x000002576ddc9800 GCTaskThread "GC Thread#4" [stack: 0x000000e083100000,0x000000e083200000] [id=18212]
  0x000002576ddcc000 GCTaskThread "GC Thread#5" [stack: 0x000000e083200000,0x000000e083300000] [id=19308]
  0x000002576e401000 GCTaskThread "GC Thread#6" [stack: 0x000000e083300000,0x000000e083400000] [id=11840]
  0x000002576e402000 GCTaskThread "GC Thread#7" [stack: 0x000000e083400000,0x000000e083500000] [id=1968]
  0x0000025752cba000 ConcurrentGCThread "G1 Main Marker" [stack: 0x000000e081500000,0x000000e081600000] [id=9816]
  0x0000025752cbc800 ConcurrentGCThread "G1 Conc#0" [stack: 0x000000e081600000,0x000000e081700000] [id=17832]
  0x000002576df47000 ConcurrentGCThread "G1 Conc#1" [stack: 0x000000e083700000,0x000000e083800000] [id=7364]
  0x0000025752d4d800 ConcurrentGCThread "G1 Refine#0" [stack: 0x000000e081700000,0x000000e081800000] [id=3312]
  0x000002576cf32800 ConcurrentGCThread "G1 Young RemSet Sampling" [stack: 0x000000e081800000,0x000000e081900000] [id=14816]

Threads with active compile tasks:
C2 CompilerThread03926725 20493       4       com.android.ide.common.resources.NodeUtils::duplicateNode (315 bytes)
C2 CompilerThread13926725 20500       4       com.android.ide.common.resources.ResourceMergerItem::getDetailsXml (9 bytes)
C2 CompilerThread23926725 20503       4       com.android.utils.XmlUtils::appendXmlAttributeValue (148 bytes)

VM state:at safepoint (normal execution)

VM Mutex/Monitor currently owned by a thread:  ([mutex/lock_event])
[0x0000025752c6b150] Threads_lock - owner thread: 0x000002576d0e4000
[0x0000025752c6b390] Heap_lock - owner thread: 0x000002577373f000

Heap address: 0x0000000080000000, size: 2048 MB, Compressed Oops mode: 32-bit
Narrow klass base: 0x0000000000000000, Narrow klass shift: 3
Compressed class space size: 1073741824 Address: 0x0000000100000000

Heap:
 garbage-first heap   total 250880K, used 169049K [0x0000000080000000, 0x0000000100000000)
  region size 1024K, 2 young (2048K), 2 survivors (2048K)
 Metaspace       used 146270K, capacity 150860K, committed 151244K, reserved 1179648K
  class space    used 18366K, capacity 20020K, committed 20172K, reserved 1048576K
Heap Regions: E=young(eden), S=young(survivor), O=old, HS=humongous(starts), HC=humongous(continues), CS=collection set, F=free, A=archive, TAMS=top-at-mark-start (previous, next)
|   0|0x0000000080000000, 0x0000000080100000, 0x0000000080100000|100%| O|  |TAMS 0x0000000080100000, 0x0000000080100000| Untracked 
|   1|0x0000000080100000, 0x0000000080200000, 0x0000000080200000|100%| O|  |TAMS 0x0000000080200000, 0x0000000080200000| Untracked 
|   2|0x0000000080200000, 0x0000000080300000, 0x0000000080300000|100%| O|  |TAMS 0x0000000080300000, 0x0000000080300000| Untracked 
|   3|0x0000000080300000, 0x0000000080400000, 0x0000000080400000|100%|HS|  |TAMS 0x0000000080400000, 0x0000000080400000| Complete 
|   4|0x0000000080400000, 0x0000000080500000, 0x0000000080500000|100%|HC|  |TAMS 0x0000000080500000, 0x0000000080500000| Complete 
|   5|0x0000000080500000, 0x0000000080600000, 0x0000000080600000|100%|HC|  |TAMS 0x0000000080600000, 0x0000000080600000| Complete 
|   6|0x0000000080600000, 0x0000000080700000, 0x0000000080700000|100%| O|  |TAMS 0x0000000080700000, 0x0000000080700000| Untracked 
|   7|0x0000000080700000, 0x0000000080800000, 0x0000000080800000|100%| O|  |TAMS 0x0000000080800000, 0x0000000080800000| Untracked 
|   8|0x0000000080800000, 0x0000000080900000, 0x0000000080900000|100%| O|  |TAMS 0x0000000080900000, 0x0000000080900000| Untracked 
|   9|0x0000000080900000, 0x0000000080a00000, 0x0000000080a00000|100%| O|  |TAMS 0x0000000080a00000, 0x0000000080a00000| Untracked 
|  10|0x0000000080a00000, 0x0000000080b00000, 0x0000000080b00000|100%| O|  |TAMS 0x0000000080b00000, 0x0000000080b00000| Untracked 
|  11|0x0000000080b00000, 0x0000000080c00000, 0x0000000080c00000|100%| O|  |TAMS 0x0000000080c00000, 0x0000000080c00000| Untracked 
|  12|0x0000000080c00000, 0x0000000080d00000, 0x0000000080d00000|100%| O|  |TAMS 0x0000000080d00000, 0x0000000080d00000| Untracked 
|  13|0x0000000080d00000, 0x0000000080e00000, 0x0000000080e00000|100%| O|  |TAMS 0x0000000080e00000, 0x0000000080e00000| Untracked 
|  14|0x0000000080e00000, 0x0000000080f00000, 0x0000000080f00000|100%| O|  |TAMS 0x0000000080f00000, 0x0000000080f00000| Untracked 
|  15|0x0000000080f00000, 0x0000000081000000, 0x0000000081000000|100%| O|  |TAMS 0x0000000081000000, 0x0000000081000000| Untracked 
|  16|0x0000000081000000, 0x0000000081100000, 0x0000000081100000|100%|HS|  |TAMS 0x0000000081100000, 0x0000000081100000| Complete 
|  17|0x0000000081100000, 0x0000000081200000, 0x0000000081200000|100%| O|  |TAMS 0x0000000081200000, 0x0000000081200000| Untracked 
|  18|0x0000000081200000, 0x0000000081300000, 0x0000000081300000|100%| O|  |TAMS 0x0000000081300000, 0x0000000081300000| Untracked 
|  19|0x0000000081300000, 0x0000000081400000, 0x0000000081400000|100%| O|  |TAMS 0x0000000081400000, 0x0000000081400000| Untracked 
|  20|0x0000000081400000, 0x0000000081500000, 0x0000000081500000|100%| O|  |TAMS 0x0000000081500000, 0x0000000081500000| Untracked 
|  21|0x0000000081500000, 0x0000000081600000, 0x0000000081600000|100%| O|  |TAMS 0x0000000081600000, 0x0000000081600000| Untracked 
|  22|0x0000000081600000, 0x0000000081700000, 0x0000000081700000|100%| O|  |TAMS 0x0000000081700000, 0x0000000081700000| Untracked 
|  23|0x0000000081700000, 0x0000000081800000, 0x0000000081800000|100%| O|  |TAMS 0x0000000081800000, 0x0000000081800000| Untracked 
|  24|0x0000000081800000, 0x0000000081900000, 0x0000000081900000|100%| O|  |TAMS 0x0000000081900000, 0x0000000081900000| Untracked 
|  25|0x0000000081900000, 0x0000000081a00000, 0x0000000081a00000|100%| O|  |TAMS 0x0000000081a00000, 0x0000000081a00000| Untracked 
|  26|0x0000000081a00000, 0x0000000081b00000, 0x0000000081b00000|100%| O|  |TAMS 0x0000000081b00000, 0x0000000081b00000| Untracked 
|  27|0x0000000081b00000, 0x0000000081c00000, 0x0000000081c00000|100%|HS|  |TAMS 0x0000000081c00000, 0x0000000081c00000| Complete 
|  28|0x0000000081c00000, 0x0000000081d00000, 0x0000000081d00000|100%|HS|  |TAMS 0x0000000081d00000, 0x0000000081d00000| Complete 
|  29|0x0000000081d00000, 0x0000000081e00000, 0x0000000081e00000|100%|HC|  |TAMS 0x0000000081e00000, 0x0000000081e00000| Complete 
|  30|0x0000000081e00000, 0x0000000081f00000, 0x0000000081f00000|100%| O|  |TAMS 0x0000000081f00000, 0x0000000081f00000| Untracked 
|  31|0x0000000081f00000, 0x0000000082000000, 0x0000000082000000|100%| O|  |TAMS 0x0000000082000000, 0x0000000082000000| Untracked 
|  32|0x0000000082000000, 0x0000000082100000, 0x0000000082100000|100%| O|  |TAMS 0x0000000082100000, 0x0000000082100000| Untracked 
|  33|0x0000000082100000, 0x0000000082200000, 0x0000000082200000|100%| O|  |TAMS 0x0000000082200000, 0x0000000082200000| Untracked 
|  34|0x0000000082200000, 0x0000000082300000, 0x0000000082300000|100%| O|  |TAMS 0x0000000082300000, 0x0000000082300000| Untracked 
|  35|0x0000000082300000, 0x0000000082400000, 0x0000000082400000|100%| O|  |TAMS 0x0000000082400000, 0x0000000082400000| Untracked 
|  36|0x0000000082400000, 0x0000000082500000, 0x0000000082500000|100%| O|  |TAMS 0x0000000082500000, 0x0000000082500000| Untracked 
|  37|0x0000000082500000, 0x0000000082600000, 0x0000000082600000|100%| O|  |TAMS 0x0000000082600000, 0x0000000082600000| Untracked 
|  38|0x0000000082600000, 0x0000000082700000, 0x0000000082700000|100%| O|  |TAMS 0x0000000082700000, 0x0000000082700000| Untracked 
|  39|0x0000000082700000, 0x0000000082800000, 0x0000000082800000|100%| O|  |TAMS 0x0000000082800000, 0x0000000082800000| Untracked 
|  40|0x0000000082800000, 0x0000000082900000, 0x0000000082900000|100%| O|  |TAMS 0x0000000082900000, 0x0000000082900000| Untracked 
|  41|0x0000000082900000, 0x0000000082a00000, 0x0000000082a00000|100%| O|  |TAMS 0x0000000082a00000, 0x0000000082a00000| Untracked 
|  42|0x0000000082a00000, 0x0000000082b00000, 0x0000000082b00000|100%| O|  |TAMS 0x0000000082b00000, 0x0000000082b00000| Untracked 
|  43|0x0000000082b00000, 0x0000000082c00000, 0x0000000082c00000|100%| O|  |TAMS 0x0000000082c00000, 0x0000000082c00000| Untracked 
|  44|0x0000000082c00000, 0x0000000082d00000, 0x0000000082d00000|100%| O|  |TAMS 0x0000000082d00000, 0x0000000082d00000| Untracked 
|  45|0x0000000082d00000, 0x0000000082e00000, 0x0000000082e00000|100%| O|  |TAMS 0x0000000082e00000, 0x0000000082e00000| Untracked 
|  46|0x0000000082e00000, 0x0000000082f00000, 0x0000000082f00000|100%| O|  |TAMS 0x0000000082f00000, 0x0000000082f00000| Untracked 
|  47|0x0000000082f00000, 0x0000000083000000, 0x0000000083000000|100%| O|  |TAMS 0x0000000083000000, 0x0000000083000000| Untracked 
|  48|0x0000000083000000, 0x0000000083100000, 0x0000000083100000|100%| O|  |TAMS 0x0000000083000000, 0x0000000083100000| Untracked 
|  49|0x0000000083100000, 0x0000000083200000, 0x0000000083200000|100%| O|  |TAMS 0x0000000083200000, 0x0000000083200000| Untracked 
|  50|0x0000000083200000, 0x0000000083300000, 0x0000000083300000|100%| O|  |TAMS 0x0000000083300000, 0x0000000083300000| Untracked 
|  51|0x0000000083300000, 0x0000000083400000, 0x0000000083400000|100%| O|  |TAMS 0x0000000083400000, 0x0000000083400000| Untracked 
|  52|0x0000000083400000, 0x0000000083500000, 0x0000000083500000|100%| O|  |TAMS 0x0000000083500000, 0x0000000083500000| Untracked 
|  53|0x0000000083500000, 0x0000000083600000, 0x0000000083600000|100%| O|  |TAMS 0x0000000083600000, 0x0000000083600000| Untracked 
|  54|0x0000000083600000, 0x0000000083700000, 0x0000000083700000|100%| O|  |TAMS 0x0000000083700000, 0x0000000083700000| Untracked 
|  55|0x0000000083700000, 0x0000000083800000, 0x0000000083800000|100%| O|  |TAMS 0x0000000083800000, 0x0000000083800000| Untracked 
|  56|0x0000000083800000, 0x0000000083900000, 0x0000000083900000|100%| O|  |TAMS 0x0000000083900000, 0x0000000083900000| Untracked 
|  57|0x0000000083900000, 0x0000000083a00000, 0x0000000083a00000|100%| O|  |TAMS 0x0000000083a00000, 0x0000000083a00000| Untracked 
|  58|0x0000000083a00000, 0x0000000083b00000, 0x0000000083b00000|100%| O|  |TAMS 0x0000000083b00000, 0x0000000083b00000| Untracked 
|  59|0x0000000083b00000, 0x0000000083c00000, 0x0000000083c00000|100%| O|  |TAMS 0x0000000083c00000, 0x0000000083c00000| Untracked 
|  60|0x0000000083c00000, 0x0000000083d00000, 0x0000000083d00000|100%| O|  |TAMS 0x0000000083d00000, 0x0000000083d00000| Untracked 
|  61|0x0000000083d00000, 0x0000000083e00000, 0x0000000083e00000|100%| O|  |TAMS 0x0000000083e00000, 0x0000000083e00000| Untracked 
|  62|0x0000000083e00000, 0x0000000083f00000, 0x0000000083f00000|100%| O|  |TAMS 0x0000000083f00000, 0x0000000083f00000| Untracked 
|  63|0x0000000083f00000, 0x0000000084000000, 0x0000000084000000|100%| O|  |TAMS 0x0000000084000000, 0x0000000084000000| Untracked 
|  64|0x0000000084000000, 0x0000000084100000, 0x0000000084100000|100%| O|  |TAMS 0x0000000084100000, 0x0000000084100000| Untracked 
|  65|0x0000000084100000, 0x0000000084200000, 0x0000000084200000|100%| O|  |TAMS 0x0000000084200000, 0x0000000084200000| Untracked 
|  66|0x0000000084200000, 0x0000000084300000, 0x0000000084300000|100%| O|  |TAMS 0x0000000084300000, 0x0000000084300000| Untracked 
|  67|0x0000000084300000, 0x0000000084400000, 0x0000000084400000|100%| O|  |TAMS 0x0000000084400000, 0x0000000084400000| Untracked 
|  68|0x0000000084400000, 0x0000000084500000, 0x0000000084500000|100%| O|  |TAMS 0x0000000084500000, 0x0000000084500000| Untracked 
|  69|0x0000000084500000, 0x0000000084600000, 0x0000000084600000|100%| O|  |TAMS 0x0000000084600000, 0x0000000084600000| Untracked 
|  70|0x0000000084600000, 0x0000000084700000, 0x0000000084700000|100%| O|  |TAMS 0x0000000084700000, 0x0000000084700000| Untracked 
|  71|0x0000000084700000, 0x0000000084800000, 0x0000000084800000|100%| O|  |TAMS 0x0000000084800000, 0x0000000084800000| Untracked 
|  72|0x0000000084800000, 0x0000000084900000, 0x0000000084900000|100%| O|  |TAMS 0x0000000084900000, 0x0000000084900000| Untracked 
|  73|0x0000000084900000, 0x0000000084a00000, 0x0000000084a00000|100%|HS|  |TAMS 0x0000000084a00000, 0x0000000084a00000| Complete 
|  74|0x0000000084a00000, 0x0000000084b00000, 0x0000000084b00000|100%| O|  |TAMS 0x0000000084b00000, 0x0000000084b00000| Untracked 
|  75|0x0000000084b00000, 0x0000000084c00000, 0x0000000084c00000|100%| O|  |TAMS 0x0000000084c00000, 0x0000000084c00000| Untracked 
|  76|0x0000000084c00000, 0x0000000084d00000, 0x0000000084d00000|100%| O|  |TAMS 0x0000000084d00000, 0x0000000084d00000| Untracked 
|  77|0x0000000084d00000, 0x0000000084e00000, 0x0000000084e00000|100%| O|  |TAMS 0x0000000084e00000, 0x0000000084e00000| Untracked 
|  78|0x0000000084e00000, 0x0000000084f00000, 0x0000000084f00000|100%| O|  |TAMS 0x0000000084f00000, 0x0000000084f00000| Untracked 
|  79|0x0000000084f00000, 0x0000000085000000, 0x0000000085000000|100%| O|  |TAMS 0x0000000085000000, 0x0000000085000000| Untracked 
|  80|0x0000000085000000, 0x0000000085100000, 0x0000000085100000|100%| O|  |TAMS 0x0000000085100000, 0x0000000085100000| Untracked 
|  81|0x0000000085100000, 0x0000000085200000, 0x0000000085200000|100%| O|  |TAMS 0x0000000085200000, 0x0000000085200000| Untracked 
|  82|0x0000000085200000, 0x0000000085300000, 0x0000000085300000|100%| O|  |TAMS 0x0000000085300000, 0x0000000085300000| Untracked 
|  83|0x0000000085300000, 0x0000000085400000, 0x0000000085400000|100%| O|  |TAMS 0x0000000085400000, 0x0000000085400000| Untracked 
|  84|0x0000000085400000, 0x0000000085500000, 0x0000000085500000|100%| O|  |TAMS 0x0000000085500000, 0x0000000085500000| Untracked 
|  85|0x0000000085500000, 0x0000000085600000, 0x0000000085600000|100%| O|  |TAMS 0x0000000085600000, 0x0000000085600000| Untracked 
|  86|0x0000000085600000, 0x0000000085700000, 0x0000000085700000|100%| O|  |TAMS 0x0000000085700000, 0x0000000085700000| Untracked 
|  87|0x0000000085700000, 0x0000000085800000, 0x0000000085800000|100%| O|  |TAMS 0x0000000085800000, 0x0000000085800000| Untracked 
|  88|0x0000000085800000, 0x0000000085900000, 0x0000000085900000|100%| O|  |TAMS 0x0000000085900000, 0x0000000085900000| Untracked 
|  89|0x0000000085900000, 0x0000000085a00000, 0x0000000085a00000|100%| O|  |TAMS 0x0000000085a00000, 0x0000000085a00000| Untracked 
|  90|0x0000000085a00000, 0x0000000085b00000, 0x0000000085b00000|100%| O|  |TAMS 0x0000000085b00000, 0x0000000085b00000| Untracked 
|  91|0x0000000085b00000, 0x0000000085c00000, 0x0000000085c00000|100%| O|  |TAMS 0x0000000085c00000, 0x0000000085c00000| Untracked 
|  92|0x0000000085c00000, 0x0000000085d00000, 0x0000000085d00000|100%| O|  |TAMS 0x0000000085d00000, 0x0000000085d00000| Untracked 
|  93|0x0000000085d00000, 0x0000000085e00000, 0x0000000085e00000|100%| O|  |TAMS 0x0000000085e00000, 0x0000000085e00000| Untracked 
|  94|0x0000000085e00000, 0x0000000085f00000, 0x0000000085f00000|100%| O|  |TAMS 0x0000000085f00000, 0x0000000085f00000| Untracked 
|  95|0x0000000085f00000, 0x0000000086000000, 0x0000000086000000|100%| O|  |TAMS 0x0000000086000000, 0x0000000086000000| Untracked 
|  96|0x0000000086000000, 0x0000000086100000, 0x0000000086100000|100%| O|  |TAMS 0x0000000086100000, 0x0000000086100000| Untracked 
|  97|0x0000000086100000, 0x0000000086200000, 0x0000000086200000|100%| O|  |TAMS 0x0000000086200000, 0x0000000086200000| Untracked 
|  98|0x0000000086200000, 0x0000000086300000, 0x0000000086300000|100%| O|  |TAMS 0x0000000086300000, 0x0000000086300000| Untracked 
|  99|0x0000000086300000, 0x0000000086400000, 0x0000000086400000|100%| O|  |TAMS 0x0000000086400000, 0x0000000086400000| Untracked 
| 100|0x0000000086400000, 0x0000000086500000, 0x0000000086500000|100%| O|  |TAMS 0x0000000086500000, 0x0000000086500000| Untracked 
| 101|0x0000000086500000, 0x0000000086600000, 0x0000000086600000|100%| O|  |TAMS 0x0000000086600000, 0x0000000086600000| Untracked 
| 102|0x0000000086600000, 0x0000000086700000, 0x0000000086700000|100%| O|  |TAMS 0x0000000086700000, 0x0000000086700000| Untracked 
| 103|0x0000000086700000, 0x0000000086800000, 0x0000000086800000|100%| O|  |TAMS 0x0000000086800000, 0x0000000086800000| Untracked 
| 104|0x0000000086800000, 0x0000000086900000, 0x0000000086900000|100%| O|  |TAMS 0x0000000086900000, 0x0000000086900000| Untracked 
| 105|0x0000000086900000, 0x0000000086a00000, 0x0000000086a00000|100%| O|  |TAMS 0x0000000086a00000, 0x0000000086a00000| Untracked 
| 106|0x0000000086a00000, 0x0000000086b00000, 0x0000000086b00000|100%| O|  |TAMS 0x0000000086b00000, 0x0000000086b00000| Untracked 
| 107|0x0000000086b00000, 0x0000000086c00000, 0x0000000086c00000|100%| O|  |TAMS 0x0000000086c00000, 0x0000000086c00000| Untracked 
| 108|0x0000000086c00000, 0x0000000086d00000, 0x0000000086d00000|100%| O|  |TAMS 0x0000000086d00000, 0x0000000086d00000| Untracked 
| 109|0x0000000086d00000, 0x0000000086e00000, 0x0000000086e00000|100%| O|  |TAMS 0x0000000086e00000, 0x0000000086e00000| Untracked 
| 110|0x0000000086e00000, 0x0000000086f00000, 0x0000000086f00000|100%|HS|  |TAMS 0x0000000086f00000, 0x0000000086f00000| Complete 
| 111|0x0000000086f00000, 0x0000000087000000, 0x0000000087000000|100%|HC|  |TAMS 0x0000000087000000, 0x0000000087000000| Complete 
| 112|0x0000000087000000, 0x0000000087100000, 0x0000000087100000|100%|HS|  |TAMS 0x0000000087100000, 0x0000000087100000| Complete 
| 113|0x0000000087100000, 0x0000000087200000, 0x0000000087200000|100%|HC|  |TAMS 0x0000000087200000, 0x0000000087200000| Complete 
| 114|0x0000000087200000, 0x0000000087300000, 0x0000000087300000|100%|HC|  |TAMS 0x0000000087300000, 0x0000000087300000| Complete 
| 115|0x0000000087300000, 0x0000000087400000, 0x0000000087400000|100%|HS|  |TAMS 0x0000000087400000, 0x0000000087400000| Complete 
| 116|0x0000000087400000, 0x0000000087500000, 0x0000000087500000|100%|HC|  |TAMS 0x0000000087500000, 0x0000000087500000| Complete 
| 117|0x0000000087500000, 0x0000000087600000, 0x0000000087600000|100%|HC|  |TAMS 0x0000000087600000, 0x0000000087600000| Complete 
| 118|0x0000000087600000, 0x0000000087700000, 0x0000000087700000|100%|HC|  |TAMS 0x0000000087700000, 0x0000000087700000| Complete 
| 119|0x0000000087700000, 0x0000000087800000, 0x0000000087800000|100%|HC|  |TAMS 0x0000000087800000, 0x0000000087800000| Complete 
| 120|0x0000000087800000, 0x0000000087900000, 0x0000000087900000|100%|HS|  |TAMS 0x0000000087900000, 0x0000000087900000| Complete 
| 121|0x0000000087900000, 0x0000000087a00000, 0x0000000087a00000|100%|HC|  |TAMS 0x0000000087a00000, 0x0000000087a00000| Complete 
| 122|0x0000000087a00000, 0x0000000087b00000, 0x0000000087b00000|100%|HC|  |TAMS 0x0000000087b00000, 0x0000000087b00000| Complete 
| 123|0x0000000087b00000, 0x0000000087c00000, 0x0000000087c00000|100%|HC|  |TAMS 0x0000000087c00000, 0x0000000087c00000| Complete 
| 124|0x0000000087c00000, 0x0000000087d00000, 0x0000000087d00000|100%|HC|  |TAMS 0x0000000087d00000, 0x0000000087d00000| Complete 
| 125|0x0000000087d00000, 0x0000000087e00000, 0x0000000087e00000|100%|HS|  |TAMS 0x0000000087e00000, 0x0000000087e00000| Complete 
| 126|0x0000000087e00000, 0x0000000087f00000, 0x0000000087f00000|100%|HC|  |TAMS 0x0000000087f00000, 0x0000000087f00000| Complete 
| 127|0x0000000087f00000, 0x0000000088000000, 0x0000000088000000|100%|HC|  |TAMS 0x0000000088000000, 0x0000000088000000| Complete 
| 128|0x0000000088000000, 0x0000000088100000, 0x0000000088100000|100%| O|  |TAMS 0x0000000088100000, 0x0000000088100000| Untracked 
| 129|0x0000000088100000, 0x0000000088200000, 0x0000000088200000|100%| O|  |TAMS 0x0000000088200000, 0x0000000088200000| Untracked 
| 130|0x0000000088200000, 0x0000000088300000, 0x0000000088300000|100%| O|  |TAMS 0x0000000088300000, 0x0000000088300000| Untracked 
| 131|0x0000000088300000, 0x0000000088400000, 0x0000000088400000|100%| O|  |TAMS 0x0000000088400000, 0x0000000088400000| Untracked 
| 132|0x0000000088400000, 0x0000000088500000, 0x0000000088500000|100%| O|  |TAMS 0x0000000088500000, 0x0000000088500000| Untracked 
| 133|0x0000000088500000, 0x0000000088600000, 0x0000000088600000|100%| O|  |TAMS 0x0000000088600000, 0x0000000088600000| Untracked 
| 134|0x0000000088600000, 0x0000000088700000, 0x0000000088700000|100%| O|  |TAMS 0x0000000088700000, 0x0000000088700000| Untracked 
| 135|0x0000000088700000, 0x0000000088800000, 0x0000000088800000|100%| O|  |TAMS 0x0000000088800000, 0x0000000088800000| Untracked 
| 136|0x0000000088800000, 0x0000000088900000, 0x0000000088900000|100%| O|  |TAMS 0x0000000088900000, 0x0000000088900000| Untracked 
| 137|0x0000000088900000, 0x0000000088a00000, 0x0000000088a00000|100%| O|  |TAMS 0x0000000088a00000, 0x0000000088a00000| Untracked 
| 138|0x0000000088a00000, 0x0000000088b00000, 0x0000000088b00000|100%| O|  |TAMS 0x0000000088b00000, 0x0000000088b00000| Untracked 
| 139|0x0000000088b00000, 0x0000000088c00000, 0x0000000088c00000|100%| O|  |TAMS 0x0000000088c00000, 0x0000000088c00000| Untracked 
| 140|0x0000000088c00000, 0x0000000088d00000, 0x0000000088d00000|100%| O|  |TAMS 0x0000000088d00000, 0x0000000088d00000| Untracked 
| 141|0x0000000088d00000, 0x0000000088e00000, 0x0000000088e00000|100%| O|  |TAMS 0x0000000088d6c800, 0x0000000088e00000| Untracked 
| 142|0x0000000088e00000, 0x0000000088f00000, 0x0000000088f00000|100%| O|  |TAMS 0x0000000088e00000, 0x0000000088f00000| Untracked 
| 143|0x0000000088f00000, 0x0000000089000000, 0x0000000089000000|100%| O|  |TAMS 0x0000000089000000, 0x0000000089000000| Untracked 
| 144|0x0000000089000000, 0x0000000089100000, 0x0000000089100000|100%| O|  |TAMS 0x0000000089100000, 0x0000000089100000| Untracked 
| 145|0x0000000089100000, 0x0000000089200000, 0x0000000089200000|100%| O|  |TAMS 0x0000000089200000, 0x0000000089200000| Untracked 
| 146|0x0000000089200000, 0x0000000089300000, 0x0000000089300000|100%| O|  |TAMS 0x0000000089300000, 0x0000000089300000| Untracked 
| 147|0x0000000089300000, 0x0000000089400000, 0x0000000089400000|100%| O|  |TAMS 0x0000000089400000, 0x0000000089400000| Untracked 
| 148|0x0000000089400000, 0x0000000089500000, 0x0000000089500000|100%| O|  |TAMS 0x0000000089500000, 0x0000000089500000| Untracked 
| 149|0x0000000089500000, 0x0000000089600000, 0x0000000089600000|100%| O|  |TAMS 0x0000000089600000, 0x0000000089600000| Untracked 
| 150|0x0000000089600000, 0x0000000089700000, 0x0000000089700000|100%| O|  |TAMS 0x0000000089700000, 0x0000000089700000| Untracked 
| 151|0x0000000089700000, 0x0000000089800000, 0x0000000089800000|100%| O|  |TAMS 0x0000000089800000, 0x0000000089800000| Untracked 
| 152|0x0000000089800000, 0x0000000089900000, 0x0000000089900000|100%| O|  |TAMS 0x0000000089900000, 0x0000000089900000| Untracked 
| 153|0x0000000089900000, 0x0000000089a00000, 0x0000000089a00000|100%| O|  |TAMS 0x0000000089a00000, 0x0000000089a00000| Untracked 
| 154|0x0000000089a00000, 0x0000000089b00000, 0x0000000089b00000|100%| O|  |TAMS 0x0000000089b00000, 0x0000000089b00000| Untracked 
| 155|0x0000000089b00000, 0x0000000089c00000, 0x0000000089c00000|100%| O|  |TAMS 0x0000000089c00000, 0x0000000089c00000| Untracked 
| 156|0x0000000089c00000, 0x0000000089d00000, 0x0000000089d00000|100%| O|  |TAMS 0x0000000089d00000, 0x0000000089d00000| Untracked 
| 157|0x0000000089d00000, 0x0000000089e00000, 0x0000000089e00000|100%| O|  |TAMS 0x0000000089e00000, 0x0000000089e00000| Untracked 
| 158|0x0000000089e00000, 0x0000000089f00000, 0x0000000089f00000|100%| O|  |TAMS 0x0000000089e00000, 0x0000000089f00000| Untracked 
| 159|0x0000000089f00000, 0x000000008a000000, 0x000000008a000000|100%| O|  |TAMS 0x000000008a000000, 0x000000008a000000| Untracked 
| 160|0x000000008a000000, 0x000000008a100000, 0x000000008a100000|100%| O|  |TAMS 0x000000008a100000, 0x000000008a100000| Untracked 
| 161|0x000000008a100000, 0x000000008a200000, 0x000000008a200000|100%| O|  |TAMS 0x000000008a100000, 0x000000008a200000| Untracked 
| 162|0x000000008a200000, 0x000000008a216600, 0x000000008a300000|  8%| O|  |TAMS 0x000000008a200000, 0x000000008a216600| Untracked 
| 163|0x000000008a300000, 0x000000008a300000, 0x000000008a400000|  0%| F|  |TAMS 0x000000008a300000, 0x000000008a300000| Untracked 
| 164|0x000000008a400000, 0x000000008a400000, 0x000000008a500000|  0%| F|  |TAMS 0x000000008a400000, 0x000000008a400000| Untracked 
| 165|0x000000008a500000, 0x000000008a500000, 0x000000008a600000|  0%| F|  |TAMS 0x000000008a500000, 0x000000008a500000| Untracked 
| 166|0x000000008a600000, 0x000000008a700000, 0x000000008a700000|100%| O|  |TAMS 0x000000008a700000, 0x000000008a700000| Untracked 
| 167|0x000000008a700000, 0x000000008a700000, 0x000000008a800000|  0%| F|  |TAMS 0x000000008a700000, 0x000000008a700000| Untracked 
| 168|0x000000008a800000, 0x000000008a800000, 0x000000008a900000|  0%| F|  |TAMS 0x000000008a800000, 0x000000008a800000| Untracked 
| 169|0x000000008a900000, 0x000000008a900000, 0x000000008aa00000|  0%| F|  |TAMS 0x000000008a900000, 0x000000008a900000| Untracked 
| 170|0x000000008aa00000, 0x000000008aa00000, 0x000000008ab00000|  0%| F|  |TAMS 0x000000008aa00000, 0x000000008aa00000| Untracked 
| 171|0x000000008ab00000, 0x000000008ab00000, 0x000000008ac00000|  0%| F|  |TAMS 0x000000008ab00000, 0x000000008ab00000| Untracked 
| 172|0x000000008ac00000, 0x000000008ac00000, 0x000000008ad00000|  0%| F|  |TAMS 0x000000008ac00000, 0x000000008ac00000| Untracked 
| 173|0x000000008ad00000, 0x000000008ad00000, 0x000000008ae00000|  0%| F|  |TAMS 0x000000008ad00000, 0x000000008ad00000| Untracked 
| 174|0x000000008ae00000, 0x000000008ae00000, 0x000000008af00000|  0%| F|  |TAMS 0x000000008ae00000, 0x000000008ae00000| Untracked 
| 175|0x000000008af00000, 0x000000008af00000, 0x000000008b000000|  0%| F|  |TAMS 0x000000008af00000, 0x000000008af00000| Untracked 
| 176|0x000000008b000000, 0x000000008b000000, 0x000000008b100000|  0%| F|  |TAMS 0x000000008b000000, 0x000000008b000000| Untracked 
| 177|0x000000008b100000, 0x000000008b100000, 0x000000008b200000|  0%| F|  |TAMS 0x000000008b100000, 0x000000008b100000| Untracked 
| 178|0x000000008b200000, 0x000000008b200000, 0x000000008b300000|  0%| F|  |TAMS 0x000000008b200000, 0x000000008b200000| Untracked 
| 179|0x000000008b300000, 0x000000008b300000, 0x000000008b400000|  0%| F|  |TAMS 0x000000008b300000, 0x000000008b300000| Untracked 
| 180|0x000000008b400000, 0x000000008b400000, 0x000000008b500000|  0%| F|  |TAMS 0x000000008b400000, 0x000000008b400000| Untracked 
| 181|0x000000008b500000, 0x000000008b500000, 0x000000008b600000|  0%| F|  |TAMS 0x000000008b500000, 0x000000008b500000| Untracked 
| 182|0x000000008b600000, 0x000000008b600000, 0x000000008b700000|  0%| F|  |TAMS 0x000000008b600000, 0x000000008b600000| Untracked 
| 183|0x000000008b700000, 0x000000008b700000, 0x000000008b800000|  0%| F|  |TAMS 0x000000008b700000, 0x000000008b700000| Untracked 
| 184|0x000000008b800000, 0x000000008b800000, 0x000000008b900000|  0%| F|  |TAMS 0x000000008b800000, 0x000000008b800000| Untracked 
| 185|0x000000008b900000, 0x000000008b900000, 0x000000008ba00000|  0%| F|  |TAMS 0x000000008b900000, 0x000000008b900000| Untracked 
| 186|0x000000008ba00000, 0x000000008ba00000, 0x000000008bb00000|  0%| F|  |TAMS 0x000000008ba00000, 0x000000008ba00000| Untracked 
| 187|0x000000008bb00000, 0x000000008bb00000, 0x000000008bc00000|  0%| F|  |TAMS 0x000000008bb00000, 0x000000008bb00000| Untracked 
| 188|0x000000008bc00000, 0x000000008bc00000, 0x000000008bd00000|  0%| F|  |TAMS 0x000000008bc00000, 0x000000008bc00000| Untracked 
| 189|0x000000008bd00000, 0x000000008bd00000, 0x000000008be00000|  0%| F|  |TAMS 0x000000008bd00000, 0x000000008bd00000| Untracked 
| 190|0x000000008be00000, 0x000000008be00000, 0x000000008bf00000|  0%| F|  |TAMS 0x000000008be00000, 0x000000008be00000| Untracked 
| 191|0x000000008bf00000, 0x000000008c000000, 0x000000008c000000|100%| S|CS|TAMS 0x000000008bf00000, 0x000000008bf00000| Complete 
| 192|0x000000008c000000, 0x000000008c100000, 0x000000008c100000|100%| S|CS|TAMS 0x000000008c000000, 0x000000008c000000| Complete 
| 193|0x000000008c100000, 0x000000008c100000, 0x000000008c200000|  0%| F|  |TAMS 0x000000008c100000, 0x000000008c100000| Untracked 
| 194|0x000000008c200000, 0x000000008c200000, 0x000000008c300000|  0%| F|  |TAMS 0x000000008c200000, 0x000000008c200000| Untracked 
| 195|0x000000008c300000, 0x000000008c300000, 0x000000008c400000|  0%| F|  |TAMS 0x000000008c300000, 0x000000008c300000| Untracked 
| 196|0x000000008c400000, 0x000000008c400000, 0x000000008c500000|  0%| F|  |TAMS 0x000000008c400000, 0x000000008c400000| Untracked 
| 197|0x000000008c500000, 0x000000008c500000, 0x000000008c600000|  0%| F|  |TAMS 0x000000008c500000, 0x000000008c500000| Untracked 
| 198|0x000000008c600000, 0x000000008c600000, 0x000000008c700000|  0%| F|  |TAMS 0x000000008c600000, 0x000000008c600000| Untracked 
| 199|0x000000008c700000, 0x000000008c700000, 0x000000008c800000|  0%| F|  |TAMS 0x000000008c700000, 0x000000008c700000| Untracked 
| 200|0x000000008c800000, 0x000000008c800000, 0x000000008c900000|  0%| F|  |TAMS 0x000000008c800000, 0x000000008c800000| Untracked 
| 201|0x000000008c900000, 0x000000008c900000, 0x000000008ca00000|  0%| F|  |TAMS 0x000000008c900000, 0x000000008c900000| Untracked 
| 202|0x000000008ca00000, 0x000000008ca00000, 0x000000008cb00000|  0%| F|  |TAMS 0x000000008ca00000, 0x000000008ca00000| Untracked 
| 203|0x000000008cb00000, 0x000000008cb00000, 0x000000008cc00000|  0%| F|  |TAMS 0x000000008cb00000, 0x000000008cb00000| Untracked 

Card table byte_map: [0x0000025765e90000,0x0000025766290000] _byte_map_base: 0x0000025765a90000

Marking Bits (Prev, Next): (CMBitMap*) 0x0000025752cb15e0, (CMBitMap*) 0x0000025752cb15a8
 Prev Bits: [0x0000025768690000, 0x000002576a690000)
 Next Bits: [0x0000025766690000, 0x0000025768690000)

Polling page: 0x0000025752450000

Metaspace:

Usage:
  Non-class:    127.77 MB capacity,   124.91 MB ( 98%) used,     2.36 MB (  2%) free+waste,   516.44 KB ( <1%) overhead. 
      Class:     19.55 MB capacity,    17.94 MB ( 92%) used,     1.39 MB (  7%) free+waste,   231.50 KB (  1%) overhead. 
       Both:    147.32 MB capacity,   142.84 MB ( 97%) used,     3.75 MB (  3%) free+waste,   747.94 KB ( <1%) overhead. 

Virtual space:
  Non-class space:      128.00 MB reserved,     128.00 MB (100%) committed 
      Class space:        1.00 GB reserved,      19.70 MB (  2%) committed 
             Both:        1.13 GB reserved,     147.70 MB ( 13%) committed 

Chunk freelists:
   Non-Class:  40.00 KB
       Class:  44.00 KB
        Both:  84.00 KB

MaxMetaspaceSize: 17179869184.00 GB
CompressedClassSpaceSize: 1.00 GB

CodeHeap 'non-profiled nmethods': size=120000Kb used=14119Kb max_used=14119Kb free=105880Kb
 bounds [0x000002575e230000, 0x000002575f000000, 0x0000025765760000]
CodeHeap 'profiled nmethods': size=120000Kb used=40314Kb max_used=40314Kb free=79685Kb
 bounds [0x0000025756d00000, 0x0000025759480000, 0x000002575e230000]
CodeHeap 'non-nmethods': size=5760Kb used=2402Kb max_used=2452Kb free=3357Kb
 bounds [0x0000025756760000, 0x00000257569e0000, 0x0000025756d00000]
 total_blobs=19557 nmethods=18522 adapters=944
 compilation: enabled
              stopped_count=1, restarted_count=1
 full_count=1

Compilation events (20 events):
Event: 3926.591 Thread 0x0000025778a33800 nmethod 20499 0x000002575eff8490 code [0x000002575eff8620, 0x000002575eff8698]
Event: 3926.591 Thread 0x0000025778a33800 20500       4       com.android.ide.common.resources.ResourceMergerItem::getDetailsXml (9 bytes)
Event: 3926.618 Thread 0x0000025778a3a000 nmethod 20501 0x000002575eff8790 code [0x000002575eff89a0, 0x000002575eff9e38]
Event: 3926.618 Thread 0x0000025778a3a000 20492       4       org.apache.xerces.dom.NodeImpl::isOwned (28 bytes)
Event: 3926.619 Thread 0x0000025778a3a000 nmethod 20492 0x000002575effa710 code [0x000002575effa8a0, 0x000002575effa918]
Event: 3926.619 Thread 0x0000025778a3a000 20488       4       org.apache.xerces.dom.NodeImpl::isReadOnly (15 bytes)
Event: 3926.619 Thread 0x0000025778a3a000 nmethod 20488 0x000002575effa990 code [0x000002575effab20, 0x000002575effab98]
Event: 3926.619 Thread 0x0000025778a3a000 20494       4       org.apache.xerces.dom.CoreDocumentImpl::isKidOK (63 bytes)
Event: 3926.621 Thread 0x0000025778a3a000 nmethod 20494 0x000002575effac10 code [0x000002575effadc0, 0x000002575effaed8]
Event: 3926.621 Thread 0x0000025778a3a000 20495       4       org.apache.xerces.dom.DocumentImpl::insertingNode (17 bytes)
Event: 3926.622 Thread 0x0000025778a3a000 nmethod 20495 0x000002575effb010 code [0x000002575effb1a0, 0x000002575effb238]
Event: 3926.622 Thread 0x0000025778a3a000 20496       4       org.apache.xerces.dom.DocumentImpl::insertedNode (27 bytes)
Event: 3926.622 Thread 0x0000025778a3a000 nmethod 20496 0x000002575effb310 code [0x000002575effb4a0, 0x000002575effb538]
Event: 3926.622 Thread 0x0000025778a3a000 20502       4       org.apache.xerces.dom.ParentNode::checkNormalizationAfterInsert (63 bytes)
Event: 3926.625 Thread 0x0000025778a3a000 nmethod 20502 0x000002575effb610 code [0x000002575effb7c0, 0x000002575effb918]
Event: 3926.625 Thread 0x0000025778a3a000 20489       4       org.apache.xerces.dom.NodeImpl::isFirstChild (28 bytes)
Event: 3926.626 Thread 0x0000025778a3a000 nmethod 20489 0x000002575effba90 code [0x000002575effbc20, 0x000002575effbc98]
Event: 3926.634 Thread 0x0000025778a3a000 20503       4       com.android.utils.XmlUtils::appendXmlAttributeValue (148 bytes)
Event: 3926.636 Thread 0x000002576d10f800 20505       3       com.android.utils.XmlUtils::appendXmlAttributeValue (11 bytes)
Event: 3926.636 Thread 0x000002576d10f800 nmethod 20505 0x0000025759476810 code [0x00000257594769e0, 0x0000025759476c08]

GC Heap History (20 events):
Event: 3924.183 GC heap after
{Heap after GC invocations=149 (full 0):
 garbage-first heap   total 208896K, used 160029K [0x0000000080000000, 0x0000000100000000)
  region size 1024K, 3 young (3072K), 3 survivors (3072K)
 Metaspace       used 146110K, capacity 150783K, committed 150988K, reserved 1179648K
  class space    used 18361K, capacity 20016K, committed 20172K, reserved 1048576K
}
Event: 3924.313 GC heap before
{Heap before GC invocations=149 (full 0):
 garbage-first heap   total 208896K, used 167197K [0x0000000080000000, 0x0000000100000000)
  region size 1024K, 10 young (10240K), 3 survivors (3072K)
 Metaspace       used 146115K, capacity 150786K, committed 150988K, reserved 1179648K
  class space    used 18362K, capacity 20017K, committed 20172K, reserved 1048576K
}
Event: 3924.323 GC heap after
{Heap after GC invocations=150 (full 0):
 garbage-first heap   total 208896K, used 161792K [0x0000000080000000, 0x0000000100000000)
  region size 1024K, 2 young (2048K), 2 survivors (2048K)
 Metaspace       used 146115K, capacity 150786K, committed 150988K, reserved 1179648K
  class space    used 18362K, capacity 20017K, committed 20172K, reserved 1048576K
}
Event: 3924.556 GC heap before
{Heap before GC invocations=150 (full 0):
 garbage-first heap   total 208896K, used 166912K [0x0000000080000000, 0x0000000100000000)
  region size 1024K, 9 young (9216K), 2 survivors (2048K)
 Metaspace       used 146168K, capacity 150786K, committed 150988K, reserved 1179648K
  class space    used 18363K, capacity 20017K, committed 20172K, reserved 1048576K
}
Event: 3924.563 GC heap after
{Heap after GC invocations=151 (full 0):
 garbage-first heap   total 208896K, used 162667K [0x0000000080000000, 0x0000000100000000)
  region size 1024K, 2 young (2048K), 2 survivors (2048K)
 Metaspace       used 146168K, capacity 150786K, committed 150988K, reserved 1179648K
  class space    used 18363K, capacity 20017K, committed 20172K, reserved 1048576K
}
Event: 3925.158 GC heap before
{Heap before GC invocations=152 (full 0):
 garbage-first heap   total 208896K, used 182123K [0x0000000080000000, 0x0000000100000000)
  region size 1024K, 14 young (14336K), 2 survivors (2048K)
 Metaspace       used 146189K, capacity 150850K, committed 151244K, reserved 1179648K
  class space    used 18363K, capacity 20017K, committed 20172K, reserved 1048576K
}
Event: 3925.166 GC heap after
{Heap after GC invocations=153 (full 0):
 garbage-first heap   total 208896K, used 163780K [0x0000000080000000, 0x0000000100000000)
  region size 1024K, 2 young (2048K), 2 survivors (2048K)
 Metaspace       used 146189K, capacity 150850K, committed 151244K, reserved 1179648K
  class space    used 18363K, capacity 20017K, committed 20172K, reserved 1048576K
}
Event: 3925.370 GC heap before
{Heap before GC invocations=153 (full 0):
 garbage-first heap   total 208896K, used 171972K [0x0000000080000000, 0x0000000100000000)
  region size 1024K, 10 young (10240K), 2 survivors (2048K)
 Metaspace       used 146198K, capacity 150850K, committed 151244K, reserved 1179648K
  class space    used 18363K, capacity 20017K, committed 20172K, reserved 1048576K
}
Event: 3925.377 GC heap after
{Heap after GC invocations=154 (full 0):
 garbage-first heap   total 208896K, used 164029K [0x0000000080000000, 0x0000000100000000)
  region size 1024K, 2 young (2048K), 2 survivors (2048K)
 Metaspace       used 146198K, capacity 150850K, committed 151244K, reserved 1179648K
  class space    used 18363K, capacity 20017K, committed 20172K, reserved 1048576K
}
Event: 3925.656 GC heap before
{Heap before GC invocations=154 (full 0):
 garbage-first heap   total 208896K, used 177341K [0x0000000080000000, 0x0000000100000000)
  region size 1024K, 15 young (15360K), 2 survivors (2048K)
 Metaspace       used 146247K, capacity 150854K, committed 151244K, reserved 1179648K
  class space    used 18365K, capacity 20018K, committed 20172K, reserved 1048576K
}
Event: 3925.663 GC heap after
{Heap after GC invocations=155 (full 0):
 garbage-first heap   total 208896K, used 165223K [0x0000000080000000, 0x0000000100000000)
  region size 1024K, 1 young (1024K), 1 survivors (1024K)
 Metaspace       used 146247K, capacity 150854K, committed 151244K, reserved 1179648K
  class space    used 18365K, capacity 20018K, committed 20172K, reserved 1048576K
}
Event: 3925.916 GC heap before
{Heap before GC invocations=155 (full 0):
 garbage-first heap   total 208896K, used 178535K [0x0000000080000000, 0x0000000100000000)
  region size 1024K, 14 young (14336K), 1 survivors (1024K)
 Metaspace       used 146253K, capacity 150854K, committed 151244K, reserved 1179648K
  class space    used 18365K, capacity 20018K, committed 20172K, reserved 1048576K
}
Event: 3925.919 GC heap after
{Heap after GC invocations=156 (full 0):
 garbage-first heap   total 208896K, used 165117K [0x0000000080000000, 0x0000000100000000)
  region size 1024K, 1 young (1024K), 1 survivors (1024K)
 Metaspace       used 146253K, capacity 150854K, committed 151244K, reserved 1179648K
  class space    used 18365K, capacity 20018K, committed 20172K, reserved 1048576K
}
Event: 3926.106 GC heap before
{Heap before GC invocations=156 (full 0):
 garbage-first heap   total 208896K, used 179453K [0x0000000080000000, 0x0000000100000000)
  region size 1024K, 15 young (15360K), 1 survivors (1024K)
 Metaspace       used 146256K, capacity 150854K, committed 151244K, reserved 1179648K
  class space    used 18365K, capacity 20018K, committed 20172K, reserved 1048576K
}
Event: 3926.109 GC heap after
{Heap after GC invocations=157 (full 0):
 garbage-first heap   total 208896K, used 165077K [0x0000000080000000, 0x0000000100000000)
  region size 1024K, 1 young (1024K), 1 survivors (1024K)
 Metaspace       used 146256K, capacity 150854K, committed 151244K, reserved 1179648K
  class space    used 18365K, capacity 20018K, committed 20172K, reserved 1048576K
}
Event: 3926.240 GC heap before
{Heap before GC invocations=158 (full 0):
 garbage-first heap   total 208896K, used 179413K [0x0000000080000000, 0x0000000100000000)
  region size 1024K, 15 young (15360K), 1 survivors (1024K)
 Metaspace       used 146256K, capacity 150854K, committed 151244K, reserved 1179648K
  class space    used 18365K, capacity 20018K, committed 20172K, reserved 1048576K
}
Event: 3926.243 GC heap after
{Heap after GC invocations=159 (full 0):
 garbage-first heap   total 208896K, used 165131K [0x0000000080000000, 0x0000000100000000)
  region size 1024K, 1 young (1024K), 1 survivors (1024K)
 Metaspace       used 146256K, capacity 150854K, committed 151244K, reserved 1179648K
  class space    used 18365K, capacity 20018K, committed 20172K, reserved 1048576K
}
Event: 3926.330 GC heap before
{Heap before GC invocations=159 (full 0):
 garbage-first heap   total 208896K, used 174347K [0x0000000080000000, 0x0000000100000000)
  region size 1024K, 10 young (10240K), 1 survivors (1024K)
 Metaspace       used 146260K, capacity 150854K, committed 151244K, reserved 1179648K
  class space    used 18365K, capacity 20018K, committed 20172K, reserved 1048576K
}
Event: 3926.337 GC heap after
{Heap after GC invocations=160 (full 0):
 garbage-first heap   total 208896K, used 164354K [0x0000000080000000, 0x0000000100000000)
  region size 1024K, 1 young (1024K), 1 survivors (1024K)
 Metaspace       used 146260K, capacity 150854K, committed 151244K, reserved 1179648K
  class space    used 18365K, capacity 20018K, committed 20172K, reserved 1048576K
}
Event: 3926.640 GC heap before
{Heap before GC invocations=160 (full 0):
 garbage-first heap   total 208896K, used 172546K [0x0000000080000000, 0x0000000100000000)
  region size 1024K, 11 young (11264K), 1 survivors (1024K)
 Metaspace       used 146270K, capacity 150860K, committed 151244K, reserved 1179648K
  class space    used 18366K, capacity 20020K, committed 20172K, reserved 1048576K
}

Deoptimization events (20 events):
Event: 3926.437 Thread 0x000002577373f000 Uncommon trap: trap_request=0xffffffde fr.pc=0x000002575e33a160 relative=0x0000000000003cc0
Event: 3926.437 Thread 0x000002577373f000 Uncommon trap: reason=class_check action=maybe_recompile pc=0x000002575e33a160 method=com.android.ide.common.resources.NodeUtils.duplicateNode(Lorg/w3c/dom/Document;Lorg/w3c/dom/Node;)Lorg/w3c/dom/Node; @ 1 c2
Event: 3926.437 Thread 0x000002577373f000 DEOPT PACKING pc=0x000002575e33a160 sp=0x000000e0869fb190
Event: 3926.437 Thread 0x000002577373f000 DEOPT UNPACKING pc=0x00000257567878af sp=0x000000e0869fb160 mode 2
Event: 3926.437 Thread 0x000002577373f000 Uncommon trap: trap_request=0xffffffde fr.pc=0x000002575e33a160 relative=0x0000000000003cc0
Event: 3926.437 Thread 0x000002577373f000 Uncommon trap: reason=class_check action=maybe_recompile pc=0x000002575e33a160 method=com.android.ide.common.resources.NodeUtils.duplicateNode(Lorg/w3c/dom/Document;Lorg/w3c/dom/Node;)Lorg/w3c/dom/Node; @ 1 c2
Event: 3926.437 Thread 0x000002577373f000 DEOPT PACKING pc=0x000002575e33a160 sp=0x000000e0869fb190
Event: 3926.437 Thread 0x000002577373f000 DEOPT UNPACKING pc=0x00000257567878af sp=0x000000e0869fb160 mode 2
Event: 3926.437 Thread 0x000002577373f000 Uncommon trap: trap_request=0xffffffde fr.pc=0x000002575e33a160 relative=0x0000000000003cc0
Event: 3926.437 Thread 0x000002577373f000 Uncommon trap: reason=class_check action=maybe_recompile pc=0x000002575e33a160 method=com.android.ide.common.resources.NodeUtils.duplicateNode(Lorg/w3c/dom/Document;Lorg/w3c/dom/Node;)Lorg/w3c/dom/Node; @ 1 c2
Event: 3926.437 Thread 0x000002577373f000 DEOPT PACKING pc=0x000002575e33a160 sp=0x000000e0869fb190
Event: 3926.437 Thread 0x000002577373f000 DEOPT UNPACKING pc=0x00000257567878af sp=0x000000e0869fb160 mode 2
Event: 3926.437 Thread 0x000002577373f000 Uncommon trap: trap_request=0xffffffde fr.pc=0x000002575e33a160 relative=0x0000000000003cc0
Event: 3926.437 Thread 0x000002577373f000 Uncommon trap: reason=class_check action=maybe_recompile pc=0x000002575e33a160 method=com.android.ide.common.resources.NodeUtils.duplicateNode(Lorg/w3c/dom/Document;Lorg/w3c/dom/Node;)Lorg/w3c/dom/Node; @ 1 c2
Event: 3926.437 Thread 0x000002577373f000 DEOPT PACKING pc=0x000002575e33a160 sp=0x000000e0869fb190
Event: 3926.437 Thread 0x000002577373f000 DEOPT UNPACKING pc=0x00000257567878af sp=0x000000e0869fb160 mode 2
Event: 3926.437 Thread 0x000002577373f000 Uncommon trap: trap_request=0xffffff4d fr.pc=0x000002575eef4898 relative=0x00000000000004f8
Event: 3926.437 Thread 0x000002577373f000 Uncommon trap: reason=unstable_if action=reinterpret pc=0x000002575eef4898 method=org.apache.xerces.dom.ParentNode.checkNormalizationAfterInsert(Lorg/apache/xerces/dom/ChildNode;)V @ 27 c2
Event: 3926.437 Thread 0x000002577373f000 DEOPT PACKING pc=0x000002575eef4898 sp=0x000000e0869fb0b0
Event: 3926.437 Thread 0x000002577373f000 DEOPT UNPACKING pc=0x00000257567878af sp=0x000000e0869fafd8 mode 2

Classes redefined (0 events):
No events

Internal exceptions (20 events):
Event: 3320.650 Thread 0x000002576ea60000 Exception <a 'java/lang/NoClassDefFoundError'{0x000000008bd1a820}: org/jetbrains/kotlin/gradle/plugin/KotlinBasePluginWrapper> (0x000000008bd1a820) thrown at [./src/hotspot/share/oops/constantPool.cpp, line 775]
Event: 3320.661 Thread 0x000002576ea60000 Exception <a 'sun/nio/fs/WindowsException'{0x000000008bdb6880}> (0x000000008bdb6880) thrown at [./src/hotspot/share/prims/jni.cpp, line 615]
Event: 3320.785 Thread 0x000002576ea60000 Exception <a 'sun/nio/fs/WindowsException'{0x000000008ae93510}> (0x000000008ae93510) thrown at [./src/hotspot/share/prims/jni.cpp, line 615]
Event: 3320.793 Thread 0x000002576ea60000 Exception <a 'sun/nio/fs/WindowsException'{0x000000008ad350c8}> (0x000000008ad350c8) thrown at [./src/hotspot/share/prims/jni.cpp, line 615]
Event: 3320.793 Thread 0x000002576ea60000 Exception <a 'sun/nio/fs/WindowsException'{0x000000008ad36440}> (0x000000008ad36440) thrown at [./src/hotspot/share/prims/jni.cpp, line 615]
Event: 3320.793 Thread 0x000002576ea60000 Exception <a 'sun/nio/fs/WindowsException'{0x000000008ad37808}> (0x000000008ad37808) thrown at [./src/hotspot/share/prims/jni.cpp, line 615]
Event: 3320.793 Thread 0x000002576ea60000 Exception <a 'sun/nio/fs/WindowsException'{0x000000008ad38bd0}> (0x000000008ad38bd0) thrown at [./src/hotspot/share/prims/jni.cpp, line 615]
Event: 3320.818 Thread 0x000002576ea60000 Exception <a 'java/lang/reflect/InvocationTargetException'{0x000000008acdbad0}> (0x000000008acdbad0) thrown at [./src/hotspot/share/runtime/reflection.cpp, line 1247]
Event: 3321.630 Thread 0x000002576ea60000 Implicit null exception at 0x000002575eb9d03c to 0x000002575eb9d1b8
Event: 3322.380 Thread 0x0000025778a3e000 Exception <a 'sun/nio/fs/WindowsException'{0x000000008b818308}> (0x000000008b818308) thrown at [./src/hotspot/share/prims/jni.cpp, line 615]
Event: 3921.639 Thread 0x0000025778a35000 Exception <a 'sun/nio/fs/WindowsException'{0x000000008c9816e0}> (0x000000008c9816e0) thrown at [./src/hotspot/share/prims/jni.cpp, line 615]
Event: 3921.774 Thread 0x0000025778a35000 Exception <a 'java/lang/NoClassDefFoundError'{0x000000008c674d20}: org/jetbrains/kotlin/gradle/plugin/KotlinBasePluginWrapper> (0x000000008c674d20) thrown at [./src/hotspot/share/oops/constantPool.cpp, line 775]
Event: 3921.860 Thread 0x0000025778a35000 Exception <a 'sun/nio/fs/WindowsException'{0x000000008c4dc2b8}> (0x000000008c4dc2b8) thrown at [./src/hotspot/share/prims/jni.cpp, line 615]
Event: 3921.870 Thread 0x0000025778a35000 Exception <a 'sun/nio/fs/WindowsException'{0x000000008c37eee8}> (0x000000008c37eee8) thrown at [./src/hotspot/share/prims/jni.cpp, line 615]
Event: 3921.870 Thread 0x0000025778a35000 Exception <a 'sun/nio/fs/WindowsException'{0x000000008c37ffb8}> (0x000000008c37ffb8) thrown at [./src/hotspot/share/prims/jni.cpp, line 615]
Event: 3921.870 Thread 0x0000025778a35000 Exception <a 'sun/nio/fs/WindowsException'{0x000000008c3810d8}> (0x000000008c3810d8) thrown at [./src/hotspot/share/prims/jni.cpp, line 615]
Event: 3921.870 Thread 0x0000025778a35000 Exception <a 'sun/nio/fs/WindowsException'{0x000000008c3821f8}> (0x000000008c3821f8) thrown at [./src/hotspot/share/prims/jni.cpp, line 615]
Event: 3921.908 Thread 0x0000025778a35000 Exception <a 'sun/nio/fs/WindowsException'{0x000000008c1ef9f0}> (0x000000008c1ef9f0) thrown at [./src/hotspot/share/prims/jni.cpp, line 615]
Event: 3922.489 Thread 0x000002577373f000 Implicit null exception at 0x000002575ed612a3 to 0x000002575ed61a9c
Event: 3924.342 Thread 0x000002577373f000 Implicit null exception at 0x000002575eedd765 to 0x000002575eede42d

Events (20 events):
Event: 3926.018 Executing VM operation: CGC_Operation done
Event: 3926.104 Executing VM operation: G1CollectForAllocation
Event: 3926.109 Executing VM operation: G1CollectForAllocation done
Event: 3926.176 Executing VM operation: CGC_Operation
Event: 3926.177 Executing VM operation: CGC_Operation done
Event: 3926.179 Executing VM operation: RevokeBias
Event: 3926.180 Executing VM operation: RevokeBias done
Event: 3926.240 Executing VM operation: G1CollectForAllocation
Event: 3926.243 Executing VM operation: G1CollectForAllocation done
Event: 3926.330 Executing VM operation: G1CollectForAllocation
Event: 3926.337 Executing VM operation: G1CollectForAllocation done
Event: 3926.433 loading class com/android/ide/common/resources/SingleFileProcessor
Event: 3926.433 loading class com/android/ide/common/resources/SingleFileProcessor done
Event: 3926.433 loading class com/android/ide/common/resources/SingleFileProcessor
Event: 3926.433 loading class com/android/ide/common/resources/SingleFileProcessor done
Event: 3926.435 loading class com/android/ide/common/resources/ResourceMerger
Event: 3926.435 loading class com/android/ide/common/resources/ResourceMerger done
Event: 3926.435 loading class com/android/ide/common/resources/ResourceMerger
Event: 3926.435 loading class com/android/ide/common/resources/ResourceMerger done
Event: 3926.640 Executing VM operation: G1CollectForAllocation


Dynamic libraries:
0x00007ff709fd0000 - 0x00007ff709fda000 	C:\Program Files\Android\Android Studio\jre\bin\java.exe
0x00007ff9a1ae0000 - 0x00007ff9a1ce7000 	C:\WINDOWS\SYSTEM32\ntdll.dll
0x00007ff9a0750000 - 0x00007ff9a080d000 	C:\WINDOWS\System32\KERNEL32.DLL
0x00007ff99f1a0000 - 0x00007ff99f514000 	C:\WINDOWS\System32\KERNELBASE.dll
0x00007ff99f7d0000 - 0x00007ff99f8e1000 	C:\WINDOWS\System32\ucrtbase.dll
0x00007ff973100000 - 0x00007ff973117000 	C:\Program Files\Android\Android Studio\jre\bin\VCRUNTIME140.dll
0x00007ff971f50000 - 0x00007ff971f69000 	C:\Program Files\Android\Android Studio\jre\bin\jli.dll
0x00007ff99fad0000 - 0x00007ff99fc7c000 	C:\WINDOWS\System32\USER32.dll
0x00007ff99f520000 - 0x00007ff99f546000 	C:\WINDOWS\System32\win32u.dll
0x00007ff99faa0000 - 0x00007ff99fac9000 	C:\WINDOWS\System32\GDI32.dll
0x00007ff985480000 - 0x00007ff985725000 	C:\WINDOWS\WinSxS\amd64_microsoft.windows.common-controls_6595b64144ccf1df_6.0.22000.120_none_9d947278b86cc467\COMCTL32.dll
0x00007ff99f5f0000 - 0x00007ff99f702000 	C:\WINDOWS\System32\gdi32full.dll
0x00007ff9a01e0000 - 0x00007ff9a0283000 	C:\WINDOWS\System32\msvcrt.dll
0x00007ff99f550000 - 0x00007ff99f5ed000 	C:\WINDOWS\System32\msvcp_win.dll
0x00007ff9a0dd0000 - 0x00007ff9a0e01000 	C:\WINDOWS\System32\IMM32.DLL
0x00007ff969460000 - 0x00007ff9694fd000 	C:\Program Files\Android\Android Studio\jre\bin\msvcp140.dll
0x00007ff967710000 - 0x00007ff9681df000 	C:\Program Files\Android\Android Studio\jre\bin\server\jvm.dll
0x00007ff9a0810000 - 0x00007ff9a08bc000 	C:\WINDOWS\System32\ADVAPI32.dll
0x00007ff9a0d30000 - 0x00007ff9a0dcd000 	C:\WINDOWS\System32\sechost.dll
0x00007ff99f970000 - 0x00007ff99fa91000 	C:\WINDOWS\System32\RPCRT4.dll
0x00007ff99ffd0000 - 0x00007ff99ffd8000 	C:\WINDOWS\System32\PSAPI.DLL
0x00007ff99b1c0000 - 0x00007ff99b1c9000 	C:\WINDOWS\SYSTEM32\WSOCK32.dll
0x00007ff9a0290000 - 0x00007ff9a02ff000 	C:\WINDOWS\System32\WS2_32.dll
0x00007ff997af0000 - 0x00007ff997b23000 	C:\WINDOWS\SYSTEM32\WINMM.dll
0x00007ff9941c0000 - 0x00007ff9941ca000 	C:\WINDOWS\SYSTEM32\VERSION.dll
0x00007ff99e0a0000 - 0x00007ff99e0b8000 	C:\WINDOWS\SYSTEM32\kernel.appcore.dll
0x00007ff99b190000 - 0x00007ff99b1a1000 	C:\Program Files\Android\Android Studio\jre\bin\verify.dll
0x00007ff99cb40000 - 0x00007ff99cd61000 	C:\WINDOWS\SYSTEM32\DBGHELP.DLL
0x00007ff99a130000 - 0x00007ff99a161000 	C:\WINDOWS\SYSTEM32\dbgcore.DLL
0x00007ff99f8f0000 - 0x00007ff99f970000 	C:\WINDOWS\System32\bcryptPrimitives.dll
0x00007ff99a020000 - 0x00007ff99a049000 	C:\Program Files\Android\Android Studio\jre\bin\java.dll
0x00007ff999fb0000 - 0x00007ff999fbb000 	C:\Program Files\Android\Android Studio\jre\bin\jimage.dll
0x00007ff999f90000 - 0x00007ff999fa8000 	C:\Program Files\Android\Android Studio\jre\bin\zip.dll
0x00007ff9a0fd0000 - 0x00007ff9a177a000 	C:\WINDOWS\System32\SHELL32.dll
0x00007ff99d120000 - 0x00007ff99d982000 	C:\WINDOWS\SYSTEM32\windows.storage.dll
0x00007ff9a03d0000 - 0x00007ff9a0748000 	C:\WINDOWS\System32\combase.dll
0x00007ff99cfb0000 - 0x00007ff99d116000 	C:\WINDOWS\SYSTEM32\wintypes.dll
0x00007ff9a19b0000 - 0x00007ff9a1a9a000 	C:\WINDOWS\System32\SHCORE.dll
0x00007ff9a0370000 - 0x00007ff9a03cd000 	C:\WINDOWS\System32\shlwapi.dll
0x00007ff99eef0000 - 0x00007ff99ef11000 	C:\WINDOWS\SYSTEM32\profapi.dll
0x00007ff999130000 - 0x00007ff99914a000 	C:\Program Files\Android\Android Studio\jre\bin\net.dll
0x00007ff999150000 - 0x00007ff99925c000 	C:\WINDOWS\SYSTEM32\WINHTTP.dll
0x00007ff99e4b0000 - 0x00007ff99e517000 	C:\WINDOWS\system32\mswsock.dll
0x00007ff997c50000 - 0x00007ff997c64000 	C:\Program Files\Android\Android Studio\jre\bin\nio.dll
0x00007ff9766c0000 - 0x00007ff9766e7000 	C:\Users\uzach\.gradle\native\8bec1ad78214c89d9ad589b4d07fe93259594b29d510b10fafb7a158f7737e5d\windows-amd64\native-platform.dll
0x00007ff96b290000 - 0x00007ff96b3cd000 	C:\Users\uzach\.gradle\native\53dbd7edfb1c66fb8903c78663c9afc45aea4f116125fa6feffd364cf09443e8\windows-amd64\native-platform-file-events.dll
0x00007ff999f80000 - 0x00007ff999f8a000 	C:\Program Files\Android\Android Studio\jre\bin\management.dll
0x00007ff999120000 - 0x00007ff99912c000 	C:\Program Files\Android\Android Studio\jre\bin\management_ext.dll
0x00007ff99e6d0000 - 0x00007ff99e6e8000 	C:\WINDOWS\SYSTEM32\CRYPTSP.dll
0x00007ff99e000000 - 0x00007ff99e035000 	C:\WINDOWS\system32\rsaenh.dll
0x00007ff99e570000 - 0x00007ff99e599000 	C:\WINDOWS\SYSTEM32\USERENV.dll
0x00007ff99e8b0000 - 0x00007ff99e8d7000 	C:\WINDOWS\SYSTEM32\bcrypt.dll
0x00007ff99e6c0000 - 0x00007ff99e6cc000 	C:\WINDOWS\SYSTEM32\CRYPTBASE.dll
0x00007ff99dc20000 - 0x00007ff99dc4d000 	C:\WINDOWS\SYSTEM32\IPHLPAPI.DLL
0x00007ff9a0100000 - 0x00007ff9a0109000 	C:\WINDOWS\System32\NSI.dll
0x00007ff997260000 - 0x00007ff997279000 	C:\WINDOWS\SYSTEM32\dhcpcsvc6.DLL
0x00007ff9976e0000 - 0x00007ff9976fe000 	C:\WINDOWS\SYSTEM32\dhcpcsvc.DLL
0x00007ff99dc50000 - 0x00007ff99dd37000 	C:\WINDOWS\SYSTEM32\DNSAPI.dll
0x00007ff98f1f0000 - 0x00007ff98f217000 	C:\Program Files\Android\Android Studio\jre\bin\sunec.dll
0x00007ff990440000 - 0x00007ff99044a000 	C:\Windows\System32\rasadhlp.dll
0x00007ff995710000 - 0x00007ff995791000 	C:\WINDOWS\System32\fwpuclnt.dll

dbghelp: loaded successfully - version: 4.0.5 - missing functions: none
symbol engine: initialized successfully - sym options: 0x614 - pdb path: .;C:\Program Files\Android\Android Studio\jre\bin;C:\WINDOWS\SYSTEM32;C:\WINDOWS\WinSxS\amd64_microsoft.windows.common-controls_6595b64144ccf1df_6.0.22000.120_none_9d947278b86cc467;C:\Program Files\Android\Android Studio\jre\bin\server;C:\Users\uzach\.gradle\native\8bec1ad78214c89d9ad589b4d07fe93259594b29d510b10fafb7a158f7737e5d\windows-amd64;C:\Users\uzach\.gradle\native\53dbd7edfb1c66fb8903c78663c9afc45aea4f116125fa6feffd364cf09443e8\windows-amd64

VM Arguments:
jvm_args: --add-opens=java.base/java.util=ALL-UNNAMED --add-opens=java.base/java.lang=ALL-UNNAMED --add-opens=java.base/java.lang.invoke=ALL-UNNAMED --add-opens=java.base/java.util=ALL-UNNAMED --add-opens=java.prefs/java.util.prefs=ALL-UNNAMED --add-opens=java.prefs/java.util.prefs=ALL-UNNAMED --add-opens=java.base/java.nio.charset=ALL-UNNAMED --add-opens=java.base/java.net=ALL-UNNAMED --add-opens=java.base/java.util.concurrent.atomic=ALL-UNNAMED -Xmx2048m -Dfile.encoding=UTF-8 -Duser.country=KR -Duser.language=ko -Duser.variant 
java_command: org.gradle.launcher.daemon.bootstrap.GradleDaemon 7.0.2
java_class_path (initial): C:\Users\uzach\.gradle\wrapper\dists\gradle-7.0.2-bin\857tjihv64xamwrf0h14cai3r\gradle-7.0.2\lib\gradle-launcher-7.0.2.jar
Launcher Type: SUN_STANDARD

[Global flags]
     intx CICompilerCount                          = 4                                         {product} {ergonomic}
     uint ConcGCThreads                            = 2                                         {product} {ergonomic}
     uint G1ConcRefinementThreads                  = 8                                         {product} {ergonomic}
   size_t G1HeapRegionSize                         = 1048576                                   {product} {ergonomic}
    uintx GCDrainStackTargetSize                   = 64                                        {product} {ergonomic}
   size_t InitialHeapSize                          = 132120576                                 {product} {ergonomic}
   size_t MarkStackSize                            = 4194304                                   {product} {ergonomic}
   size_t MaxHeapSize                              = 2147483648                                {product} {command line}
   size_t MaxNewSize                               = 1287651328                                {product} {ergonomic}
   size_t MinHeapDeltaBytes                        = 1048576                                   {product} {ergonomic}
    uintx NonNMethodCodeHeapSize                   = 5836300                                {pd product} {ergonomic}
    uintx NonProfiledCodeHeapSize                  = 122910970                              {pd product} {ergonomic}
    uintx ProfiledCodeHeapSize                     = 122910970                              {pd product} {ergonomic}
    uintx ReservedCodeCacheSize                    = 251658240                              {pd product} {ergonomic}
     bool SegmentedCodeCache                       = true                                      {product} {ergonomic}
     bool UseCompressedClassPointers               = true                                 {lp64_product} {ergonomic}
     bool UseCompressedOops                        = true                                 {lp64_product} {ergonomic}
     bool UseG1GC                                  = true                                      {product} {ergonomic}
     bool UseLargePagesIndividualAllocation        = false                                  {pd product} {ergonomic}

Logging:
Log output configuration:
 #0: stdout all=warning uptime,level,tags
 #1: stderr all=off uptime,level,tags

Environment Variables:
JAVA_HOME=C:\Program Files\Java\jdk-17.0.1
PATH=C:\Program Files\Java\jdk-17.0.1\bin\;C:\Program Files\Common Files\Oracle\Java\javapath;C:\Program Files (x86)\Common Files\Oracle\Java\javapath;C:\Program Files (x86)\ActiveState Komodo IDE 12\C:\WINDOWS\system32C:\WINDOWSC:\WINDOWS\System64\Wbem;C:\Program Files (x86)\Intel\Intel(R) Management Engine Components\iCLS\;C:\Program Files\Intel\Intel(R) Management Engine Components\iCLS\;C:\WINDOWS\system32;C:\WINDOWS;C:\WINDOWS\System32\Wbem;C:\WINDOWS\System32\WindowsPowerShell\v1.0\;C:\WINDOWS\System32\OpenSSH\;C:\Program Files (x86)\Intel\Intel(R) Management Engine Components\DAL;C:\Program Files\Intel\Intel(R) Management Engine Components\DAL;C:\Users\uzach\AppData\Local\Android\Sdk\platform-tools;C:\Linux\Git\cmd;C:\Users\uzach\AppData\Local\Programs\Python\Python38\Scripts\;C:\Users\uzach\AppData\Local\Programs\Python\Python38\;C:\Users\uzach\anaconda3\Scripts\;C:\Users\uzach\anaconda3\;C:\Users\uzach\AppData\Local\Programs\Python\Python39\Scripts\;C:\Users\uzach\AppData\Local\Programs\Python\Python39\;C:\Program Files (x86)\Intel\Intel(R) Management Engine Components\iCLS\;C:\Program Files\Intel\Intel(R) Management Engine Components\iCLS\;C:\WINDOWS\system32;C:\WINDOWS;C:\WINDOWS\System32\Wbem;C:\WINDOWS\System32\WindowsPowerShell\v1.0\;C:\WINDOWS\System32\OpenSSH\;C:\Program Files (x86)\Intel\Intel(R) Management Engine Components\DAL;C:\Program Files\Intel\Intel(R) Management Engine Components\DAL;C:\Users\uzach\AppData\Local\Programs\Microsoft VS Code\bin;C:\Users\uzach\.dotnet\tools;C:\Program Files\2019.4.17f1\Editor\Data\PlaybackEngines\AndroidPlayer\OpenJDK\bin;C:\Users\uzach\AppData\Local\Microsoft\WindowsApps;
USERNAME=uzach
OS=Windows_NT
PROCESSOR_IDENTIFIER=Intel64 Family 6 Model 142 Stepping 11, GenuineIntel



---------------  S Y S T E M  ---------------

OS: Windows 10 , 64 bit Build 22000 (10.0.22000.318)
OS uptime: 0 days 1:56 hours
Hyper-V role detected

CPU:total 8 (initial active 8) (4 cores per cpu, 2 threads per core) family 6 model 142 stepping 11 microcode 0xde, cmov, cx8, fxsr, mmx, sse, sse2, sse3, ssse3, sse4.1, sse4.2, popcnt, avx, avx2, aes, clmul, erms, 3dnowpref, lzcnt, ht, tsc, tscinvbit, bmi1, bmi2, adx, fma

Memory: 4k page, system-wide physical 7986M (814M free)
TotalPageFile size 7986M (AvailPageFile size 29M)
current process WorkingSet (physical memory assigned to process): 516M, peak: 520M
current process commit charge ("private bytes"): 614M, peak: 655M

vm_info: OpenJDK 64-Bit Server VM (11.0.10+0-b96-7249189) for windows-amd64 JRE (11.0.10+0-b96-7249189), built on Mar 31 2021 21:44:00 by "builder" with MS VC++ 14.0 (VS2015)

END.
